#
# There is insufficient memory for the Java Runtime Environment to continue.
# Native memory allocation (malloc) failed to allocate 1133280 bytes for Chunk::new
# Possible reasons:
#   The system is out of physical RAM or swap space
#   The process is running with CompressedOops enabled, and the Java Heap may be blocking the growth of the native heap
# Possible solutions:
#   Reduce memory load on the system
#   Increase physical memory or swap space
#   Check if swap backing store is full
#   Decrease Java heap size (-Xmx/-Xms)
#   Decrease number of Java threads
#   Decrease Java thread stack sizes (-Xss)
#   Set larger code cache with -XX:ReservedCodeCacheSize=
#   JVM is running with Zero Based Compressed Oops mode in which the Java heap is
#     placed in the first 32GB address space. The Java Heap base address is the
#     maximum limit for the native heap growth. Please use -XX:HeapBaseMinAddress
#     to set the Java Heap base and to place the Java Heap above 32GB virtual address.
# This output file may be truncated or incomplete.
#
#  Out of Memory Error (arena.cpp:184), pid=12896, tid=21064
#
# JRE version: Java(TM) SE Runtime Environment (18.0.2.1+1) (build 18.0.2.1+1-1)
# Java VM: Java HotSpot(TM) 64-Bit Server VM (18.0.2.1+1-1, mixed mode, sharing, tiered, compressed oops, compressed class ptrs, g1 gc, windows-amd64)
# No core dump will be written. Minidumps are not enabled by default on client versions of Windows
#

---------------  S U M M A R Y ------------

Command Line: -Dmaven.multiModuleProjectDirectory=D:\Project\JavaEEProject\manager -Djansi.passthrough=true -Dmaven.home=D:/APP/ĐÂ˝¨ÎÄĽţĽĐ/IntelliJ IDEA 2025.1/plugins/maven/lib/maven3 -Dclassworlds.conf=D:\APP\ĐÂ˝¨ÎÄĽţĽĐ\IntelliJ IDEA 2025.1\plugins\maven\lib\maven3\bin\m2.conf -Dmaven.ext.class.path=D:\APP\ĐÂ˝¨ÎÄĽţĽĐ\IntelliJ IDEA 2025.1\plugins\maven\lib\maven-event-listener.jar -javaagent:D:\APP\ĐÂ˝¨ÎÄĽţĽĐ\IntelliJ IDEA 2025.1\lib\idea_rt.jar=63347 -Dfile.encoding=UTF-8 -Dsun.stdout.encoding=UTF-8 -Dsun.stderr.encoding=UTF-8 org.codehaus.classworlds.Launcher -Didea.version=2025.1 tomcat7:run

Host: AMD Ryzen 7 5800H with Radeon Graphics         , 16 cores, 13G,  Windows 11 , 64 bit Build 26100 (10.0.26100.5518)
Time: Thu May 22 14:05:24 2025  Windows 11 , 64 bit Build 26100 (10.0.26100.5518) elapsed time: 8.599451 seconds (0d 0h 0m 8s)

---------------  T H R E A D  ---------------

Current thread (0x0000024a39871540):  JavaThread "C2 CompilerThread7" daemon [_thread_in_native, id=21064, stack(0x000000ff01f00000,0x000000ff02000000)]


Current CompileTask:
C2:   8599 3424       4       org.codehaus.plexus.util.xml.pull.MXParser::parseAttribute (1429 bytes)

Stack: [0x000000ff01f00000,0x000000ff02000000]
Native frames: (J=compiled Java code, j=interpreted, Vv=VM code, C=native code)
V  [jvm.dll+0x6993aa]
V  [jvm.dll+0x7f46dd]
V  [jvm.dll+0x7f5fee]
V  [jvm.dll+0x7f66a3]
V  [jvm.dll+0x25cf1f]
V  [jvm.dll+0xb8c2f]
V  [jvm.dll+0xb8fa5]
V  [jvm.dll+0x3860cb]
V  [jvm.dll+0x34fe71]
V  [jvm.dll+0x34f30a]
V  [jvm.dll+0x230101]
V  [jvm.dll+0x22f4d1]
V  [jvm.dll+0x1ba01c]
V  [jvm.dll+0x23ee0a]
V  [jvm.dll+0x23d0f5]
V  [jvm.dll+0x7a6dd1]
V  [jvm.dll+0x7a120a]
V  [jvm.dll+0x698255]
C  [ucrtbase.dll+0x37b0]
C  [KERNEL32.DLL+0x2e8d7]
C  [ntdll.dll+0x9c5dc]


---------------  P R O C E S S  ---------------

Threads class SMR info:
_java_thread_list=0x0000024a3b19ebf0, length=22, elements={
0x0000024a1306cb90, 0x0000024a35518dc0, 0x0000024a3551c1f0, 0x0000024a3553be20,
0x0000024a3553c6d0, 0x0000024a3553daf0, 0x0000024a35540f20, 0x0000024a35545800,
0x0000024a3554f080, 0x0000024a35552e70, 0x0000024a39871030, 0x0000024a398d2450,
0x0000024a399a5450, 0x0000024a399a5910, 0x0000024a39870610, 0x0000024a39872470,
0x0000024a39871a50, 0x0000024a3986f6e0, 0x0000024a3986fbf0, 0x0000024a39870b20,
0x0000024a39871540, 0x0000024a3b2ca830
}

Java Threads: ( => current thread )
  0x0000024a1306cb90 JavaThread "main" [_thread_in_native, id=19616, stack(0x000000ff7fc00000,0x000000ff7fd00000)]
  0x0000024a35518dc0 JavaThread "Reference Handler" daemon [_thread_blocked, id=22000, stack(0x000000ff00300000,0x000000ff00400000)]
  0x0000024a3551c1f0 JavaThread "Finalizer" daemon [_thread_blocked, id=7512, stack(0x000000ff00400000,0x000000ff00500000)]
  0x0000024a3553be20 JavaThread "Signal Dispatcher" daemon [_thread_blocked, id=13508, stack(0x000000ff00500000,0x000000ff00600000)]
  0x0000024a3553c6d0 JavaThread "Attach Listener" daemon [_thread_blocked, id=17388, stack(0x000000ff00600000,0x000000ff00700000)]
  0x0000024a3553daf0 JavaThread "Service Thread" daemon [_thread_blocked, id=17412, stack(0x000000ff00700000,0x000000ff00800000)]
  0x0000024a35540f20 JavaThread "Monitor Deflation Thread" daemon [_thread_blocked, id=15308, stack(0x000000ff00800000,0x000000ff00900000)]
  0x0000024a35545800 JavaThread "C2 CompilerThread0" daemon [_thread_in_native, id=13344, stack(0x000000ff00900000,0x000000ff00a00000)]
  0x0000024a3554f080 JavaThread "C1 CompilerThread0" daemon [_thread_in_vm, id=12056, stack(0x000000ff00a00000,0x000000ff00b00000)]
  0x0000024a35552e70 JavaThread "Sweeper thread" daemon [_thread_blocked, id=9944, stack(0x000000ff00b00000,0x000000ff00c00000)]
  0x0000024a39871030 JavaThread "C1 CompilerThread1" daemon [_thread_blocked, id=20548, stack(0x000000ff00c00000,0x000000ff00d00000)]
  0x0000024a398d2450 JavaThread "Common-Cleaner" daemon [_thread_blocked, id=5796, stack(0x000000ff00d00000,0x000000ff00e00000)]
  0x0000024a399a5450 JavaThread "Monitor Ctrl-Break" daemon [_thread_in_native, id=22724, stack(0x000000ff00f00000,0x000000ff01000000)]
  0x0000024a399a5910 JavaThread "Notification Thread" daemon [_thread_blocked, id=23144, stack(0x000000ff01000000,0x000000ff01100000)]
  0x0000024a39870610 JavaThread "C2 CompilerThread1" daemon [_thread_in_vm, id=21772, stack(0x000000ff01300000,0x000000ff01400000)]
  0x0000024a39872470 JavaThread "C2 CompilerThread2" daemon [_thread_in_native, id=3096, stack(0x000000ff01a00000,0x000000ff01b00000)]
  0x0000024a39871a50 JavaThread "C2 CompilerThread3" daemon [_thread_in_vm, id=18944, stack(0x000000ff01b00000,0x000000ff01c00000)]
  0x0000024a3986f6e0 JavaThread "C2 CompilerThread4" daemon [_thread_in_native, id=19196, stack(0x000000ff01c00000,0x000000ff01d00000)]
  0x0000024a3986fbf0 JavaThread "C2 CompilerThread5" daemon [_thread_in_vm, id=22212, stack(0x000000ff01d00000,0x000000ff01e00000)]
  0x0000024a39870b20 JavaThread "C2 CompilerThread6" daemon [_thread_in_native, id=15852, stack(0x000000ff01e00000,0x000000ff01f00000)]
=>0x0000024a39871540 JavaThread "C2 CompilerThread7" daemon [_thread_in_native, id=21064, stack(0x000000ff01f00000,0x000000ff02000000)]
  0x0000024a3b2ca830 JavaThread "Thread-1" daemon [_thread_blocked, id=15924, stack(0x000000ff02200000,0x000000ff02300000)]

Other Threads:
  0x0000024a35513ce0 VMThread "VM Thread" [stack: 0x000000ff00200000,0x000000ff00300000] [id=7032]
  0x0000024a399a65e0 WatcherThread "VM Periodic Task Thread" [stack: 0x000000ff01100000,0x000000ff01200000] [id=4076]
  0x0000024a130cec50 WorkerThread "GC Thread#0" [stack: 0x000000ff7fd00000,0x000000ff7fe00000] [id=21820]
  0x0000024a3a55c4b0 WorkerThread "GC Thread#1" [stack: 0x000000ff01400000,0x000000ff01500000] [id=5744]
  0x0000024a3a55c750 WorkerThread "GC Thread#2" [stack: 0x000000ff01500000,0x000000ff01600000] [id=8524]
  0x0000024a39f29f50 WorkerThread "GC Thread#3" [stack: 0x000000ff01600000,0x000000ff01700000] [id=5244]
  0x0000024a39f2a1f0 WorkerThread "GC Thread#4" [stack: 0x000000ff01700000,0x000000ff01800000] [id=17080]
  0x0000024a3a5b1050 WorkerThread "GC Thread#5" [stack: 0x000000ff01800000,0x000000ff01900000] [id=12084]
  0x0000024a3a559a90 WorkerThread "GC Thread#6" [stack: 0x000000ff01900000,0x000000ff01a00000] [id=23016]
  0x0000024a3b02bdd0 WorkerThread "GC Thread#7" [stack: 0x000000ff02000000,0x000000ff02100000] [id=15752]
  0x0000024a3abf9a50 WorkerThread "GC Thread#8" [stack: 0x000000ff02100000,0x000000ff02200000] [id=22828]
  0x0000024a130ddaa0 ConcurrentGCThread "G1 Main Marker" [stack: 0x000000ff7fe00000,0x000000ff7ff00000] [id=5316]
  0x0000024a130e0650 WorkerThread "G1 Conc#0" [stack: 0x000000ff7ff00000,0x000000ff80000000] [id=20872]
  0x0000024a353c8fa0 ConcurrentGCThread "G1 Refine#0" [stack: 0x000000ff00000000,0x000000ff00100000] [id=20332]
  0x0000024a353c9660 ConcurrentGCThread "G1 Service" [stack: 0x000000ff00100000,0x000000ff00200000] [id=20016]

Threads with active compile tasks:
C2 CompilerThread0     8615 3549   !   4       org.apache.maven.model.interpolation.StringVisitorModelInterpolator$1::interpolate (97 bytes)
C1 CompilerThread0     8615 3599       3       org.eclipse.aether.graph.Dependency::<init> (13 bytes)
C1 CompilerThread1     8615 3604       3       org.eclipse.aether.util.ConfigUtils::getBoolean (74 bytes)
C2 CompilerThread1     8615 3590       4       java.util.HashMap::putVal (300 bytes)
C2 CompilerThread2     8615 3428       4       org.codehaus.plexus.configuration.DefaultPlexusConfiguration::getChild (7 bytes)
C2 CompilerThread3     8615 3594       4       java.util.regex.Pattern$$Lambda$20/0x800000030::is (9 bytes)
C2 CompilerThread4     8615 3524       4       org.apache.maven.model.interpolation.StringVisitorModelInterpolator$ModelVisitor::interpolate (11 bytes)
C2 CompilerThread5     8615 3557   !   4       org.codehaus.plexus.util.xml.pull.MXParser::parseComment (590 bytes)
C2 CompilerThread6     8615 3426       4       org.codehaus.plexus.configuration.DefaultPlexusConfiguration::add (101 bytes)
C2 CompilerThread7     8615 3424       4       org.codehaus.plexus.util.xml.pull.MXParser::parseAttribute (1429 bytes)

VM state: not at safepoint (normal execution)

VM Mutex/Monitor currently owned by a thread:  ([mutex/lock_event])
[0x0000024a130677b0] MethodCompileQueue_lock - owner thread: 0x0000024a3554f080
[0x0000024a13067ba0] CodeCache_lock - owner thread: 0x0000024a3554f080
[0x0000024a130670f0] Compile_lock - owner thread: 0x0000024a3554f080

Heap address: 0x0000000722400000, size: 3548 MB, Compressed Oops mode: Zero based, Oop shift amount: 3

CDS archive(s) mapped at: [0x0000000800000000-0x0000000800ba0000-0x0000000800ba0000), size 12189696, SharedBaseAddress: 0x0000000800000000, ArchiveRelocationMode: 0.
Compressed class space mapped at: 0x0000000800c00000-0x0000000840c00000, reserved size: 1073741824
Narrow klass base: 0x0000000800000000, Narrow klass shift: 0, Narrow klass range: 0x100000000

GC Precious Log:
 CardTable entry size: 512
 Card Set container configuration: InlinePtr #cards 4 size 8 Array Of Cards #cards 16 size 48 Howl #buckets 8 coarsen threshold 3686 Howl Bitmap #cards 512 size 80 coarsen threshold 460 Card regions per heap region 1 cards per card region 4096
 CPUs: 16 total, 16 available
 Memory: 14188M
 Large Page Support: Disabled
 NUMA Support: Disabled
 Compressed Oops: Enabled (Zero based)
 Heap Region Size: 2M
 Heap Min Capacity: 8M
 Heap Initial Capacity: 222M
 Heap Max Capacity: 3548M
 Pre-touch: Disabled
 Parallel Workers: 13
 Concurrent Workers: 3
 Concurrent Refinement Workers: 13
 Periodic GC: Disabled

Heap:
 garbage-first heap   total 227328K, used 54154K [0x0000000722400000, 0x0000000800000000)
  region size 2048K, 26 young (53248K), 1 survivors (2048K)
 Metaspace       used 15914K, committed 16192K, reserved 1114112K
  class space    used 1856K, committed 1984K, reserved 1048576K

Heap Regions: E=young(eden), S=young(survivor), O=old, HS=humongous(starts), HC=humongous(continues), CS=collection set, F=free, OA=open archive, CA=closed archive, TAMS=top-at-mark-start (previous, next)
|   0|0x0000000722400000, 0x0000000722600000, 0x0000000722600000|100%| O|  |TAMS 0x0000000722400000, 0x0000000722400000| Untracked 
|   1|0x0000000722600000, 0x000000072279de00, 0x0000000722800000| 80%| O|  |TAMS 0x0000000722600000, 0x0000000722600000| Untracked 
|   2|0x0000000722800000, 0x0000000722800000, 0x0000000722a00000|  0%| F|  |TAMS 0x0000000722800000, 0x0000000722800000| Untracked 
|   3|0x0000000722a00000, 0x0000000722a00000, 0x0000000722c00000|  0%| F|  |TAMS 0x0000000722a00000, 0x0000000722a00000| Untracked 
|   4|0x0000000722c00000, 0x0000000722c00000, 0x0000000722e00000|  0%| F|  |TAMS 0x0000000722c00000, 0x0000000722c00000| Untracked 
|   5|0x0000000722e00000, 0x0000000722e00000, 0x0000000723000000|  0%| F|  |TAMS 0x0000000722e00000, 0x0000000722e00000| Untracked 
|   6|0x0000000723000000, 0x0000000723000000, 0x0000000723200000|  0%| F|  |TAMS 0x0000000723000000, 0x0000000723000000| Untracked 
|   7|0x0000000723200000, 0x0000000723200000, 0x0000000723400000|  0%| F|  |TAMS 0x0000000723200000, 0x0000000723200000| Untracked 
|   8|0x0000000723400000, 0x0000000723400000, 0x0000000723600000|  0%| F|  |TAMS 0x0000000723400000, 0x0000000723400000| Untracked 
|   9|0x0000000723600000, 0x0000000723600000, 0x0000000723800000|  0%| F|  |TAMS 0x0000000723600000, 0x0000000723600000| Untracked 
|  10|0x0000000723800000, 0x0000000723800000, 0x0000000723a00000|  0%| F|  |TAMS 0x0000000723800000, 0x0000000723800000| Untracked 
|  11|0x0000000723a00000, 0x0000000723a00000, 0x0000000723c00000|  0%| F|  |TAMS 0x0000000723a00000, 0x0000000723a00000| Untracked 
|  12|0x0000000723c00000, 0x0000000723c00000, 0x0000000723e00000|  0%| F|  |TAMS 0x0000000723c00000, 0x0000000723c00000| Untracked 
|  13|0x0000000723e00000, 0x0000000723e00000, 0x0000000724000000|  0%| F|  |TAMS 0x0000000723e00000, 0x0000000723e00000| Untracked 
|  14|0x0000000724000000, 0x0000000724000000, 0x0000000724200000|  0%| F|  |TAMS 0x0000000724000000, 0x0000000724000000| Untracked 
|  15|0x0000000724200000, 0x0000000724200000, 0x0000000724400000|  0%| F|  |TAMS 0x0000000724200000, 0x0000000724200000| Untracked 
|  16|0x0000000724400000, 0x0000000724400000, 0x0000000724600000|  0%| F|  |TAMS 0x0000000724400000, 0x0000000724400000| Untracked 
|  17|0x0000000724600000, 0x0000000724600000, 0x0000000724800000|  0%| F|  |TAMS 0x0000000724600000, 0x0000000724600000| Untracked 
|  18|0x0000000724800000, 0x0000000724800000, 0x0000000724a00000|  0%| F|  |TAMS 0x0000000724800000, 0x0000000724800000| Untracked 
|  19|0x0000000724a00000, 0x0000000724a00000, 0x0000000724c00000|  0%| F|  |TAMS 0x0000000724a00000, 0x0000000724a00000| Untracked 
|  20|0x0000000724c00000, 0x0000000724c00000, 0x0000000724e00000|  0%| F|  |TAMS 0x0000000724c00000, 0x0000000724c00000| Untracked 
|  21|0x0000000724e00000, 0x0000000724e00000, 0x0000000725000000|  0%| F|  |TAMS 0x0000000724e00000, 0x0000000724e00000| Untracked 
|  22|0x0000000725000000, 0x0000000725000000, 0x0000000725200000|  0%| F|  |TAMS 0x0000000725000000, 0x0000000725000000| Untracked 
|  23|0x0000000725200000, 0x0000000725200000, 0x0000000725400000|  0%| F|  |TAMS 0x0000000725200000, 0x0000000725200000| Untracked 
|  24|0x0000000725400000, 0x0000000725400000, 0x0000000725600000|  0%| F|  |TAMS 0x0000000725400000, 0x0000000725400000| Untracked 
|  25|0x0000000725600000, 0x0000000725600000, 0x0000000725800000|  0%| F|  |TAMS 0x0000000725600000, 0x0000000725600000| Untracked 
|  26|0x0000000725800000, 0x0000000725800000, 0x0000000725a00000|  0%| F|  |TAMS 0x0000000725800000, 0x0000000725800000| Untracked 
|  27|0x0000000725a00000, 0x0000000725a00000, 0x0000000725c00000|  0%| F|  |TAMS 0x0000000725a00000, 0x0000000725a00000| Untracked 
|  28|0x0000000725c00000, 0x0000000725c00000, 0x0000000725e00000|  0%| F|  |TAMS 0x0000000725c00000, 0x0000000725c00000| Untracked 
|  29|0x0000000725e00000, 0x0000000725e00000, 0x0000000726000000|  0%| F|  |TAMS 0x0000000725e00000, 0x0000000725e00000| Untracked 
|  30|0x0000000726000000, 0x0000000726000000, 0x0000000726200000|  0%| F|  |TAMS 0x0000000726000000, 0x0000000726000000| Untracked 
|  31|0x0000000726200000, 0x0000000726200000, 0x0000000726400000|  0%| F|  |TAMS 0x0000000726200000, 0x0000000726200000| Untracked 
|  32|0x0000000726400000, 0x0000000726400000, 0x0000000726600000|  0%| F|  |TAMS 0x0000000726400000, 0x0000000726400000| Untracked 
|  33|0x0000000726600000, 0x0000000726600000, 0x0000000726800000|  0%| F|  |TAMS 0x0000000726600000, 0x0000000726600000| Untracked 
|  34|0x0000000726800000, 0x0000000726800000, 0x0000000726a00000|  0%| F|  |TAMS 0x0000000726800000, 0x0000000726800000| Untracked 
|  35|0x0000000726a00000, 0x0000000726a00000, 0x0000000726c00000|  0%| F|  |TAMS 0x0000000726a00000, 0x0000000726a00000| Untracked 
|  36|0x0000000726c00000, 0x0000000726c00000, 0x0000000726e00000|  0%| F|  |TAMS 0x0000000726c00000, 0x0000000726c00000| Untracked 
|  37|0x0000000726e00000, 0x0000000726e00000, 0x0000000727000000|  0%| F|  |TAMS 0x0000000726e00000, 0x0000000726e00000| Untracked 
|  38|0x0000000727000000, 0x0000000727000000, 0x0000000727200000|  0%| F|  |TAMS 0x0000000727000000, 0x0000000727000000| Untracked 
|  39|0x0000000727200000, 0x0000000727200000, 0x0000000727400000|  0%| F|  |TAMS 0x0000000727200000, 0x0000000727200000| Untracked 
|  40|0x0000000727400000, 0x0000000727400000, 0x0000000727600000|  0%| F|  |TAMS 0x0000000727400000, 0x0000000727400000| Untracked 
|  41|0x0000000727600000, 0x0000000727600000, 0x0000000727800000|  0%| F|  |TAMS 0x0000000727600000, 0x0000000727600000| Untracked 
|  42|0x0000000727800000, 0x0000000727800000, 0x0000000727a00000|  0%| F|  |TAMS 0x0000000727800000, 0x0000000727800000| Untracked 
|  43|0x0000000727a00000, 0x0000000727a00000, 0x0000000727c00000|  0%| F|  |TAMS 0x0000000727a00000, 0x0000000727a00000| Untracked 
|  44|0x0000000727c00000, 0x0000000727c00000, 0x0000000727e00000|  0%| F|  |TAMS 0x0000000727c00000, 0x0000000727c00000| Untracked 
|  45|0x0000000727e00000, 0x0000000727e00000, 0x0000000728000000|  0%| F|  |TAMS 0x0000000727e00000, 0x0000000727e00000| Untracked 
|  46|0x0000000728000000, 0x0000000728000000, 0x0000000728200000|  0%| F|  |TAMS 0x0000000728000000, 0x0000000728000000| Untracked 
|  47|0x0000000728200000, 0x0000000728200000, 0x0000000728400000|  0%| F|  |TAMS 0x0000000728200000, 0x0000000728200000| Untracked 
|  48|0x0000000728400000, 0x0000000728400000, 0x0000000728600000|  0%| F|  |TAMS 0x0000000728400000, 0x0000000728400000| Untracked 
|  49|0x0000000728600000, 0x0000000728600000, 0x0000000728800000|  0%| F|  |TAMS 0x0000000728600000, 0x0000000728600000| Untracked 
|  50|0x0000000728800000, 0x0000000728800000, 0x0000000728a00000|  0%| F|  |TAMS 0x0000000728800000, 0x0000000728800000| Untracked 
|  51|0x0000000728a00000, 0x0000000728a00000, 0x0000000728c00000|  0%| F|  |TAMS 0x0000000728a00000, 0x0000000728a00000| Untracked 
|  52|0x0000000728c00000, 0x0000000728c00000, 0x0000000728e00000|  0%| F|  |TAMS 0x0000000728c00000, 0x0000000728c00000| Untracked 
|  53|0x0000000728e00000, 0x0000000728e00000, 0x0000000729000000|  0%| F|  |TAMS 0x0000000728e00000, 0x0000000728e00000| Untracked 
|  54|0x0000000729000000, 0x0000000729000000, 0x0000000729200000|  0%| F|  |TAMS 0x0000000729000000, 0x0000000729000000| Untracked 
|  55|0x0000000729200000, 0x0000000729200000, 0x0000000729400000|  0%| F|  |TAMS 0x0000000729200000, 0x0000000729200000| Untracked 
|  56|0x0000000729400000, 0x0000000729400000, 0x0000000729600000|  0%| F|  |TAMS 0x0000000729400000, 0x0000000729400000| Untracked 
|  57|0x0000000729600000, 0x0000000729600000, 0x0000000729800000|  0%| F|  |TAMS 0x0000000729600000, 0x0000000729600000| Untracked 
|  58|0x0000000729800000, 0x0000000729800000, 0x0000000729a00000|  0%| F|  |TAMS 0x0000000729800000, 0x0000000729800000| Untracked 
|  59|0x0000000729a00000, 0x0000000729a00000, 0x0000000729c00000|  0%| F|  |TAMS 0x0000000729a00000, 0x0000000729a00000| Untracked 
|  60|0x0000000729c00000, 0x0000000729c00000, 0x0000000729e00000|  0%| F|  |TAMS 0x0000000729c00000, 0x0000000729c00000| Untracked 
|  61|0x0000000729e00000, 0x0000000729e00000, 0x000000072a000000|  0%| F|  |TAMS 0x0000000729e00000, 0x0000000729e00000| Untracked 
|  62|0x000000072a000000, 0x000000072a000000, 0x000000072a200000|  0%| F|  |TAMS 0x000000072a000000, 0x000000072a000000| Untracked 
|  63|0x000000072a200000, 0x000000072a200000, 0x000000072a400000|  0%| F|  |TAMS 0x000000072a200000, 0x000000072a200000| Untracked 
|  64|0x000000072a400000, 0x000000072a400000, 0x000000072a600000|  0%| F|  |TAMS 0x000000072a400000, 0x000000072a400000| Untracked 
|  65|0x000000072a600000, 0x000000072a600000, 0x000000072a800000|  0%| F|  |TAMS 0x000000072a600000, 0x000000072a600000| Untracked 
|  66|0x000000072a800000, 0x000000072a800000, 0x000000072aa00000|  0%| F|  |TAMS 0x000000072a800000, 0x000000072a800000| Untracked 
|  67|0x000000072aa00000, 0x000000072aa00000, 0x000000072ac00000|  0%| F|  |TAMS 0x000000072aa00000, 0x000000072aa00000| Untracked 
|  68|0x000000072ac00000, 0x000000072ac00000, 0x000000072ae00000|  0%| F|  |TAMS 0x000000072ac00000, 0x000000072ac00000| Untracked 
|  69|0x000000072ae00000, 0x000000072ae00000, 0x000000072b000000|  0%| F|  |TAMS 0x000000072ae00000, 0x000000072ae00000| Untracked 
|  70|0x000000072b000000, 0x000000072b000000, 0x000000072b200000|  0%| F|  |TAMS 0x000000072b000000, 0x000000072b000000| Untracked 
|  71|0x000000072b200000, 0x000000072b200000, 0x000000072b400000|  0%| F|  |TAMS 0x000000072b200000, 0x000000072b200000| Untracked 
|  72|0x000000072b400000, 0x000000072b400000, 0x000000072b600000|  0%| F|  |TAMS 0x000000072b400000, 0x000000072b400000| Untracked 
|  73|0x000000072b600000, 0x000000072b600000, 0x000000072b800000|  0%| F|  |TAMS 0x000000072b600000, 0x000000072b600000| Untracked 
|  74|0x000000072b800000, 0x000000072b800000, 0x000000072ba00000|  0%| F|  |TAMS 0x000000072b800000, 0x000000072b800000| Untracked 
|  75|0x000000072ba00000, 0x000000072ba00000, 0x000000072bc00000|  0%| F|  |TAMS 0x000000072ba00000, 0x000000072ba00000| Untracked 
|  76|0x000000072bc00000, 0x000000072bc00000, 0x000000072be00000|  0%| F|  |TAMS 0x000000072bc00000, 0x000000072bc00000| Untracked 
|  77|0x000000072be00000, 0x000000072be00000, 0x000000072c000000|  0%| F|  |TAMS 0x000000072be00000, 0x000000072be00000| Untracked 
|  78|0x000000072c000000, 0x000000072c000000, 0x000000072c200000|  0%| F|  |TAMS 0x000000072c000000, 0x000000072c000000| Untracked 
|  79|0x000000072c200000, 0x000000072c200000, 0x000000072c400000|  0%| F|  |TAMS 0x000000072c200000, 0x000000072c200000| Untracked 
|  80|0x000000072c400000, 0x000000072c400000, 0x000000072c600000|  0%| F|  |TAMS 0x000000072c400000, 0x000000072c400000| Untracked 
|  81|0x000000072c600000, 0x000000072c600000, 0x000000072c800000|  0%| F|  |TAMS 0x000000072c600000, 0x000000072c600000| Untracked 
|  82|0x000000072c800000, 0x000000072c800000, 0x000000072ca00000|  0%| F|  |TAMS 0x000000072c800000, 0x000000072c800000| Untracked 
|  83|0x000000072ca00000, 0x000000072ca00000, 0x000000072cc00000|  0%| F|  |TAMS 0x000000072ca00000, 0x000000072ca00000| Untracked 
|  84|0x000000072cc00000, 0x000000072cc00000, 0x000000072ce00000|  0%| F|  |TAMS 0x000000072cc00000, 0x000000072cc00000| Untracked 
|  85|0x000000072ce00000, 0x000000072cfdcb70, 0x000000072d000000| 93%| E|  |TAMS 0x000000072ce00000, 0x000000072ce00000| Complete 
|  86|0x000000072d000000, 0x000000072d200000, 0x000000072d200000|100%| E|CS|TAMS 0x000000072d000000, 0x000000072d000000| Complete 
|  87|0x000000072d200000, 0x000000072d400000, 0x000000072d400000|100%| E|CS|TAMS 0x000000072d200000, 0x000000072d200000| Complete 
|  88|0x000000072d400000, 0x000000072d600000, 0x000000072d600000|100%| E|CS|TAMS 0x000000072d400000, 0x000000072d400000| Complete 
|  89|0x000000072d600000, 0x000000072d800000, 0x000000072d800000|100%| E|CS|TAMS 0x000000072d600000, 0x000000072d600000| Complete 
|  90|0x000000072d800000, 0x000000072da00000, 0x000000072da00000|100%| E|CS|TAMS 0x000000072d800000, 0x000000072d800000| Complete 
|  91|0x000000072da00000, 0x000000072dc00000, 0x000000072dc00000|100%| E|CS|TAMS 0x000000072da00000, 0x000000072da00000| Complete 
|  92|0x000000072dc00000, 0x000000072de00000, 0x000000072de00000|100%| E|CS|TAMS 0x000000072dc00000, 0x000000072dc00000| Complete 
|  93|0x000000072de00000, 0x000000072df44b00, 0x000000072e000000| 63%| S|CS|TAMS 0x000000072de00000, 0x000000072de00000| Complete 
|  94|0x000000072e000000, 0x000000072e200000, 0x000000072e200000|100%| E|CS|TAMS 0x000000072e000000, 0x000000072e000000| Complete 
|  95|0x000000072e200000, 0x000000072e400000, 0x000000072e400000|100%| E|CS|TAMS 0x000000072e200000, 0x000000072e200000| Complete 
|  96|0x000000072e400000, 0x000000072e600000, 0x000000072e600000|100%| E|CS|TAMS 0x000000072e400000, 0x000000072e400000| Complete 
|  97|0x000000072e600000, 0x000000072e800000, 0x000000072e800000|100%| E|CS|TAMS 0x000000072e600000, 0x000000072e600000| Complete 
|  98|0x000000072e800000, 0x000000072ea00000, 0x000000072ea00000|100%| E|CS|TAMS 0x000000072e800000, 0x000000072e800000| Complete 
|  99|0x000000072ea00000, 0x000000072ec00000, 0x000000072ec00000|100%| E|CS|TAMS 0x000000072ea00000, 0x000000072ea00000| Complete 
| 100|0x000000072ec00000, 0x000000072ee00000, 0x000000072ee00000|100%| E|CS|TAMS 0x000000072ec00000, 0x000000072ec00000| Complete 
| 101|0x000000072ee00000, 0x000000072f000000, 0x000000072f000000|100%| E|CS|TAMS 0x000000072ee00000, 0x000000072ee00000| Complete 
| 102|0x000000072f000000, 0x000000072f200000, 0x000000072f200000|100%| E|CS|TAMS 0x000000072f000000, 0x000000072f000000| Complete 
| 103|0x000000072f200000, 0x000000072f400000, 0x000000072f400000|100%| E|CS|TAMS 0x000000072f200000, 0x000000072f200000| Complete 
| 104|0x000000072f400000, 0x000000072f600000, 0x000000072f600000|100%| E|CS|TAMS 0x000000072f400000, 0x000000072f400000| Complete 
| 105|0x000000072f600000, 0x000000072f800000, 0x000000072f800000|100%| E|CS|TAMS 0x000000072f600000, 0x000000072f600000| Complete 
| 106|0x000000072f800000, 0x000000072fa00000, 0x000000072fa00000|100%| E|CS|TAMS 0x000000072f800000, 0x000000072f800000| Complete 
| 107|0x000000072fa00000, 0x000000072fc00000, 0x000000072fc00000|100%| E|CS|TAMS 0x000000072fa00000, 0x000000072fa00000| Complete 
| 108|0x000000072fc00000, 0x000000072fe00000, 0x000000072fe00000|100%| E|CS|TAMS 0x000000072fc00000, 0x000000072fc00000| Complete 
| 109|0x000000072fe00000, 0x0000000730000000, 0x0000000730000000|100%| E|CS|TAMS 0x000000072fe00000, 0x000000072fe00000| Complete 
| 110|0x0000000730000000, 0x0000000730200000, 0x0000000730200000|100%| E|CS|TAMS 0x0000000730000000, 0x0000000730000000| Complete 

Card table byte_map: [0x0000024a2a900000,0x0000024a2aff0000] _byte_map_base: 0x0000024a26fee000

Marking Bits (Prev, Next): (CMBitMap*) 0x0000024a130cf250, (CMBitMap*) 0x0000024a130cf290
 Prev Bits: [0x0000024a2b6e0000, 0x0000024a2ee50000)
 Next Bits: [0x0000024a2ee50000, 0x0000024a325c0000)

Polling page: 0x0000024a10fa0000

Metaspace:

Usage:
  Non-class:     13.73 MB used.
      Class:      1.81 MB used.
       Both:     15.54 MB used.

Virtual space:
  Non-class space:       64.00 MB reserved,      13.88 MB ( 22%) committed,  1 nodes.
      Class space:        1.00 GB reserved,       1.94 MB ( <1%) committed,  1 nodes.
             Both:        1.06 GB reserved,      15.81 MB (  1%) committed. 

Chunk freelists:
   Non-Class:  1.88 MB
       Class:  1.94 MB
        Both:  3.81 MB

MaxMetaspaceSize: unlimited
CompressedClassSpaceSize: 1.00 GB
Initial GC threshold: 21.00 MB
Current GC threshold: 21.00 MB
CDS: on
MetaspaceReclaimPolicy: balanced
 - commit_granule_bytes: 65536.
 - commit_granule_words: 8192.
 - virtual_space_node_default_size: 8388608.
 - enlarge_chunks_in_place: 1.
 - new_chunks_are_fully_committed: 0.
 - uncommit_free_chunks: 1.
 - use_allocation_guard: 0.


Internal statistics:

num_allocs_failed_limit: 0.
num_arena_births: 178.
num_arena_deaths: 0.
num_vsnodes_births: 2.
num_vsnodes_deaths: 0.
num_space_committed: 253.
num_space_uncommitted: 0.
num_chunks_returned_to_freelist: 0.
num_chunks_taken_from_freelist: 734.
num_chunk_merges: 0.
num_chunk_splits: 492.
num_chunks_enlarged: 393.
num_inconsistent_stats: 0.

CodeHeap 'non-profiled nmethods': size=119168Kb used=1529Kb max_used=1529Kb free=117639Kb
 bounds [0x0000024a22530000, 0x0000024a227a0000, 0x0000024a29990000]
CodeHeap 'profiled nmethods': size=119104Kb used=7424Kb max_used=7424Kb free=111680Kb
 bounds [0x0000024a1b0e0000, 0x0000024a1b820000, 0x0000024a22530000]
CodeHeap 'non-nmethods': size=7488Kb used=1760Kb max_used=2949Kb free=5727Kb
 bounds [0x0000024a1a990000, 0x0000024a1ac80000, 0x0000024a1b0e0000]
 total_blobs=4068 nmethods=3587 adapters=392
 compilation: enabled
              stopped_count=0, restarted_count=0
 full_count=0

Compilation events (20 events):
Event: 1.542 Thread 0x0000024a39871f60 nmethod 3559 0x0000024a1b809410 code [0x0000024a1b809760, 0x0000024a1b80ad48]
Event: 1.542 Thread 0x0000024a39871030 nmethod 3558 0x0000024a1b80b610 code [0x0000024a1b80b960, 0x0000024a1b80cf48]
Event: 1.542 Thread 0x0000024a39871f60 3564       3       java.util.concurrent.ConcurrentHashMap$EntrySetView::iterator (34 bytes)
Event: 1.542 Thread 0x0000024a39871030 3565       3       java.util.concurrent.ConcurrentHashMap$EntryIterator::<init> (12 bytes)
Event: 1.542 Thread 0x0000024a3554f080 nmethod 3563 0x0000024a1b80e190 code [0x0000024a1b80e340, 0x0000024a1b80e6f8]
Event: 1.542 Thread 0x0000024a3554f080 3566       1       org.apache.maven.model.RepositoryBase::getLayout (5 bytes)
Event: 1.542 Thread 0x0000024a39871030 nmethod 3565 0x0000024a1b80e810 code [0x0000024a1b80e9a0, 0x0000024a1b80eae8]
Event: 1.542 Thread 0x0000024a39871f60 nmethod 3564 0x0000024a1b80eb90 code [0x0000024a1b80ed40, 0x0000024a1b80ef88]
Event: 1.542 Thread 0x0000024a39871030 3562       1       org.apache.maven.model.ModelBase::getDependencyManagement (5 bytes)
Event: 1.543 Thread 0x0000024a39871f60 3567       1       org.apache.maven.model.RepositoryBase::getUrl (5 bytes)
Event: 1.543 Thread 0x0000024a3554f080 nmethod 3566 0x0000024a226a2090 code [0x0000024a226a2220, 0x0000024a226a22f8]
Event: 1.543 Thread 0x0000024a39871030 nmethod 3562 0x0000024a226a2390 code [0x0000024a226a2520, 0x0000024a226a25f8]
Event: 1.543 Thread 0x0000024a39871f60 nmethod 3567 0x0000024a226a2690 code [0x0000024a226a2820, 0x0000024a226a28f8]
Event: 1.544 Thread 0x0000024a39871030 3568       3       org.apache.maven.model.Contributor::<init> (5 bytes)
Event: 1.544 Thread 0x0000024a39871030 nmethod 3568 0x0000024a1b814310 code [0x0000024a1b8144a0, 0x0000024a1b8145f8]
Event: 1.544 Thread 0x0000024a3986f1d0 nmethod 3556 0x0000024a1b80f090 code [0x0000024a1b80f7a0, 0x0000024a1b813058]
Event: 1.544 Thread 0x0000024a39871f60 3569       3       java.util.HashSet::<init> (40 bytes)
Event: 1.544 Thread 0x0000024a39871030 3570   !   3       org.apache.maven.model.ModelBase::clone (397 bytes)
Event: 1.545 Thread 0x0000024a3554f080 3571       3       org.apache.maven.model.profile.DefaultProfileActivationContext$$Lambda$127/0x0000000800decbc0::apply (8 bytes)
Event: 3.571 Thread 0x0000024a3986f1d0 3572       3       org.apache.maven.model.profile.DefaultProfileActivationContext::lambda$setProjectProperties$0 (10 bytes)

GC Heap History (4 events):
Event: 0.458 GC heap before
{Heap before GC invocations=0 (full 0):
 garbage-first heap   total 227328K, used 22528K [0x0000000722400000, 0x0000000800000000)
  region size 2048K, 11 young (22528K), 0 survivors (0K)
 Metaspace       used 5793K, committed 5888K, reserved 1114112K
  class space    used 659K, committed 704K, reserved 1048576K
}
Event: 0.461 GC heap after
{Heap after GC invocations=1 (full 0):
 garbage-first heap   total 227328K, used 3934K [0x0000000722400000, 0x0000000800000000)
  region size 2048K, 2 young (4096K), 2 survivors (4096K)
 Metaspace       used 5793K, committed 5888K, reserved 1114112K
  class space    used 659K, committed 704K, reserved 1048576K
}
Event: 0.827 GC heap before
{Heap before GC invocations=1 (full 0):
 garbage-first heap   total 227328K, used 34654K [0x0000000722400000, 0x0000000800000000)
  region size 2048K, 17 young (34816K), 2 survivors (4096K)
 Metaspace       used 8659K, committed 8896K, reserved 1114112K
  class space    used 1004K, committed 1088K, reserved 1048576K
}
Event: 0.830 GC heap after
{Heap after GC invocations=2 (full 0):
 garbage-first heap   total 227328K, used 5002K [0x0000000722400000, 0x0000000800000000)
  region size 2048K, 1 young (2048K), 1 survivors (2048K)
 Metaspace       used 8659K, committed 8896K, reserved 1114112K
  class space    used 1004K, committed 1088K, reserved 1048576K
}

Deoptimization events (20 events):
Event: 1.461 Thread 0x0000024a1306cb90 Uncommon trap: trap_request=0xffffff45 fr.pc=0x0000024a225f8af4 relative=0x00000000000002b4
Event: 1.461 Thread 0x0000024a1306cb90 Uncommon trap: reason=unstable_if action=reinterpret pc=0x0000024a225f8af4 method=java.util.HashMap.hash(Ljava/lang/Object;)I @ 1 c2
Event: 1.461 Thread 0x0000024a1306cb90 DEOPT PACKING pc=0x0000024a225f8af4 sp=0x000000ff7fcfe6f0
Event: 1.461 Thread 0x0000024a1306cb90 DEOPT UNPACKING pc=0x0000024a1a9e23a3 sp=0x000000ff7fcfe588 mode 2
Event: 1.461 Thread 0x0000024a1306cb90 Uncommon trap: trap_request=0xffffff45 fr.pc=0x0000024a2266e830 relative=0x0000000000000830
Event: 1.461 Thread 0x0000024a1306cb90 Uncommon trap: reason=unstable_if action=reinterpret pc=0x0000024a2266e830 method=java.util.HashMap.hash(Ljava/lang/Object;)I @ 1 c2
Event: 1.461 Thread 0x0000024a1306cb90 DEOPT PACKING pc=0x0000024a2266e830 sp=0x000000ff7fcfe700
Event: 1.461 Thread 0x0000024a1306cb90 DEOPT UNPACKING pc=0x0000024a1a9e23a3 sp=0x000000ff7fcfe690 mode 2
Event: 1.483 Thread 0x0000024a1306cb90 DEOPT PACKING pc=0x0000024a1b6e929e sp=0x000000ff7fcfce40
Event: 1.483 Thread 0x0000024a1306cb90 DEOPT UNPACKING pc=0x0000024a1a9e2b43 sp=0x000000ff7fcfc368 mode 0
Event: 1.500 Thread 0x0000024a1306cb90 DEOPT PACKING pc=0x0000024a1b6e927d sp=0x000000ff7fcfce40
Event: 1.500 Thread 0x0000024a1306cb90 DEOPT UNPACKING pc=0x0000024a1a9e2b43 sp=0x000000ff7fcfc368 mode 0
Event: 1.523 Thread 0x0000024a1306cb90 DEOPT PACKING pc=0x0000024a1b6e929e sp=0x000000ff7fcfce40
Event: 1.523 Thread 0x0000024a1306cb90 DEOPT UNPACKING pc=0x0000024a1a9e2b43 sp=0x000000ff7fcfc368 mode 0
Event: 1.538 Thread 0x0000024a1306cb90 DEOPT PACKING pc=0x0000024a1b6e927d sp=0x000000ff7fcfceb0
Event: 1.538 Thread 0x0000024a1306cb90 DEOPT UNPACKING pc=0x0000024a1a9e2b43 sp=0x000000ff7fcfc3d8 mode 0
Event: 1.539 Thread 0x0000024a1306cb90 DEOPT PACKING pc=0x0000024a1b735c3d sp=0x000000ff7fcfc820
Event: 1.539 Thread 0x0000024a1306cb90 DEOPT UNPACKING pc=0x0000024a1a9e2b43 sp=0x000000ff7fcfbd28 mode 0
Event: 3.555 Thread 0x0000024a1306cb90 DEOPT PACKING pc=0x0000024a1b6e929e sp=0x000000ff7fcfceb0
Event: 3.555 Thread 0x0000024a1306cb90 DEOPT UNPACKING pc=0x0000024a1a9e2b43 sp=0x000000ff7fcfc3d8 mode 0

Classes loaded (20 events):
Event: 1.340 Loading class java/nio/channels/spi/AbstractInterruptibleChannel$1
Event: 1.340 Loading class sun/nio/ch/Interruptible
Event: 1.340 Loading class sun/nio/ch/Interruptible done
Event: 1.340 Loading class java/nio/channels/spi/AbstractInterruptibleChannel$1 done
Event: 1.341 Loading class java/util/AbstractMap$2
Event: 1.341 Loading class java/util/AbstractMap$2 done
Event: 1.341 Loading class java/util/AbstractMap$2$1
Event: 1.341 Loading class java/util/AbstractMap$2$1 done
Event: 1.366 Loading class java/util/stream/Streams$RangeIntSpliterator
Event: 1.366 Loading class java/util/stream/Streams$RangeIntSpliterator done
Event: 1.377 Loading class java/util/stream/MatchOps$MatchKind
Event: 1.377 Loading class java/util/stream/MatchOps$MatchKind done
Event: 1.377 Loading class java/util/stream/MatchOps
Event: 1.377 Loading class java/util/stream/MatchOps done
Event: 1.377 Loading class java/util/stream/MatchOps$MatchOp
Event: 1.377 Loading class java/util/stream/MatchOps$MatchOp done
Event: 1.377 Loading class java/util/stream/MatchOps$BooleanTerminalSink
Event: 1.378 Loading class java/util/stream/MatchOps$BooleanTerminalSink done
Event: 1.378 Loading class java/util/stream/MatchOps$1MatchSink
Event: 1.378 Loading class java/util/stream/MatchOps$1MatchSink done

Classes unloaded (0 events):
No events

Classes redefined (0 events):
No events

Internal exceptions (20 events):
Event: 0.983 Thread 0x0000024a1306cb90 Exception <a 'java/lang/NoSuchMethodError'{0x000000072f5c09f8}: 'long java.lang.invoke.DirectMethodHandle$Holder.invokeStatic(java.lang.Object, java.lang.Object, int)'> (0x000000072f5c09f8) 
thrown [s\open\src\hotspot\share\interpreter\linkResolver.cpp, line 759]
Event: 0.985 Thread 0x0000024a1306cb90 Exception <a 'java/lang/NoSuchMethodError'{0x000000072f5d6ee8}: 'java.lang.Object java.lang.invoke.DirectMethodHandle$Holder.invokeStatic(java.lang.Object, java.lang.Object, java.lang.Object, java.lang.Object, int)'> (0x000000072f5d6ee8) 
thrown [s\open\src\hotspot\share\interpreter\linkResolver.cpp, line 759]
Event: 0.985 Thread 0x0000024a1306cb90 Exception <a 'java/lang/NoSuchMethodError'{0x000000072f5df4a8}: 'java.lang.Object java.lang.invoke.DirectMethodHandle$Holder.invokeSpecial(java.lang.Object, java.lang.Object, java.lang.Object, java.lang.Object, long)'> (0x000000072f5df4a8) 
thrown [s\open\src\hotspot\share\interpreter\linkResolver.cpp, line 759]
Event: 0.986 Thread 0x0000024a1306cb90 Exception <a 'java/lang/NoSuchMethodError'{0x000000072f5eb6c8}: 'java.lang.Object java.lang.invoke.DirectMethodHandle$Holder.invokeSpecial(java.lang.Object, java.lang.Object, java.lang.Object, int, java.lang.Object)'> (0x000000072f5eb6c8) 
thrown [s\open\src\hotspot\share\interpreter\linkResolver.cpp, line 759]
Event: 0.986 Thread 0x0000024a1306cb90 Exception <a 'java/lang/NoSuchMethodError'{0x000000072f5f40c0}: 'int java.lang.invoke.DirectMethodHandle$Holder.invokeSpecial(java.lang.Object, java.lang.Object, java.lang.Object, int)'> (0x000000072f5f40c0) 
thrown [s\open\src\hotspot\share\interpreter\linkResolver.cpp, line 759]
Event: 0.988 Thread 0x0000024a1306cb90 Implicit null exception at 0x0000024a225b482f to 0x0000024a225b49d8
Event: 0.989 Thread 0x0000024a1306cb90 Exception <a 'java/lang/NoSuchMethodError'{0x000000072f21beb8}: 'java.lang.Object java.lang.invoke.Invokers$Holder.invokeExact_MT(java.lang.Object, int, java.lang.Object)'> (0x000000072f21beb8) 
thrown [s\open\src\hotspot\share\interpreter\linkResolver.cpp, line 759]
Event: 1.124 Thread 0x0000024a1306cb90 Exception <a 'java/lang/NoSuchMethodError'{0x000000072ea8a480}: 'void java.lang.invoke.Invokers$Holder.invokeExact_MT(java.lang.Object, java.lang.Object, java.lang.Object, java.lang.Object)'> (0x000000072ea8a480) 
thrown [s\open\src\hotspot\share\interpreter\linkResolver.cpp, line 759]
Event: 1.136 Thread 0x0000024a1306cb90 Exception <a 'java/lang/NoClassDefFoundError'{0x000000072eb2f948}: com/google/inject/servlet/ServletModuleTargetVisitor> (0x000000072eb2f948) 
thrown [s\open\src\hotspot\share\classfile\systemDictionary.cpp, line 244]
Event: 1.181 Thread 0x0000024a1306cb90 Exception <a 'java/lang/NoSuchMethodError'{0x000000072e9efb78}: 'void java.lang.invoke.DirectMethodHandle$Holder.invokeVirtual(java.lang.Object, java.lang.Object)'> (0x000000072e9efb78) 
thrown [s\open\src\hotspot\share\interpreter\linkResolver.cpp, line 759]
Event: 1.195 Thread 0x0000024a1306cb90 Exception <a 'java/lang/NoSuchMethodError'{0x000000072e67d1d8}: 'java.lang.Object java.lang.invoke.DirectMethodHandle$Holder.invokeStaticInit(java.lang.Object, int, int, int, int)'> (0x000000072e67d1d8) 
thrown [s\open\src\hotspot\share\interpreter\linkResolver.cpp, line 759]
Event: 1.285 Thread 0x0000024a1306cb90 Exception <a 'java/lang/NoSuchMethodError'{0x000000072e3fea38}: 'void java.lang.invoke.DirectMethodHandle$Holder.invokeSpecial(java.lang.Object, java.lang.Object, java.lang.Object, java.lang.Object, java.lang.Object)'> (0x000000072e3fea38) 
thrown [s\open\src\hotspot\share\interpreter\linkResolver.cpp, line 759]
Event: 1.286 Thread 0x0000024a1306cb90 Exception <a 'java/lang/NoSuchMethodError'{0x000000072e01d3d8}: 'java.lang.Object java.lang.invoke.DirectMethodHandle$Holder.invokeVirtual(java.lang.Object, java.lang.Object, java.lang.Object)'> (0x000000072e01d3d8) 
thrown [s\open\src\hotspot\share\interpreter\linkResolver.cpp, line 759]
Event: 1.287 Thread 0x0000024a1306cb90 Exception <a 'java/lang/NoSuchMethodError'{0x000000072e02c2c8}: 'void java.lang.invoke.DirectMethodHandle$Holder.invokeSpecial(java.lang.Object, java.lang.Object, java.lang.Object, java.lang.Object, java.lang.Object, java.lang.Object)'> (0x000000072e02c2c8) 
thrown [s\open\src\hotspot\share\interpreter\linkResolver.cpp, line 759]
Event: 1.311 Thread 0x0000024a1306cb90 Exception <a 'java/lang/NoSuchMethodError'{0x000000072e1b58d0}: 'void java.lang.invoke.DirectMethodHandle$Holder.invokeVirtual(java.lang.Object, java.lang.Object, int)'> (0x000000072e1b58d0) 
thrown [s\open\src\hotspot\share\interpreter\linkResolver.cpp, line 759]
Event: 1.311 Thread 0x0000024a1306cb90 Exception <a 'java/lang/NoSuchMethodError'{0x000000072e1b9918}: 'void java.lang.invoke.DirectMethodHandle$Holder.invokeSpecial(java.lang.Object, java.lang.Object, java.lang.Object, int)'> (0x000000072e1b9918) 
thrown [s\open\src\hotspot\share\interpreter\linkResolver.cpp, line 759]
Event: 1.311 Thread 0x0000024a1306cb90 Exception <a 'java/lang/NoSuchMethodError'{0x000000072e1bd250}: 'void java.lang.invoke.DelegatingMethodHandle$Holder.reinvoke_L(java.lang.Object, java.lang.Object, int)'> (0x000000072e1bd250) 
thrown [s\open\src\hotspot\share\interpreter\linkResolver.cpp, line 759]
Event: 1.461 Thread 0x0000024a1306cb90 Implicit null exception at 0x0000024a2264094c to 0x0000024a22641f14
Event: 1.461 Thread 0x0000024a1306cb90 Implicit null exception at 0x0000024a225f888b to 0x0000024a225f8ad8
Event: 1.461 Thread 0x0000024a1306cb90 Implicit null exception at 0x0000024a2266e03e to 0x0000024a2266e814

VM Operations (20 events):
Event: 1.031 Executing VM operation: ICBufferFull
Event: 1.031 Executing VM operation: ICBufferFull done
Event: 1.049 Executing VM operation: HandshakeAllThreads
Event: 1.049 Executing VM operation: HandshakeAllThreads done
Event: 1.122 Executing VM operation: HandshakeAllThreads
Event: 1.122 Executing VM operation: HandshakeAllThreads done
Event: 1.188 Executing VM operation: HandshakeAllThreads
Event: 1.188 Executing VM operation: HandshakeAllThreads done
Event: 1.193 Executing VM operation: ICBufferFull
Event: 1.193 Executing VM operation: ICBufferFull done
Event: 1.203 Executing VM operation: HandshakeAllThreads
Event: 1.203 Executing VM operation: HandshakeAllThreads done
Event: 1.230 Executing VM operation: HandshakeAllThreads
Event: 1.230 Executing VM operation: HandshakeAllThreads done
Event: 1.420 Executing VM operation: HandshakeAllThreads
Event: 1.420 Executing VM operation: HandshakeAllThreads done
Event: 1.421 Executing VM operation: ICBufferFull
Event: 1.422 Executing VM operation: ICBufferFull done
Event: 2.424 Executing VM operation: Cleanup
Event: 3.571 Executing VM operation: Cleanup done

Events (20 events):
Event: 0.056 Loaded shared library C:\Program Files\Java\jdk-18.0.2.1\bin\instrument.dll
Event: 0.060 Loaded shared library C:\Program Files\Java\jdk-18.0.2.1\bin\net.dll
Event: 0.062 Loaded shared library C:\Program Files\Java\jdk-18.0.2.1\bin\nio.dll
Event: 0.065 Loaded shared library C:\Program Files\Java\jdk-18.0.2.1\bin\zip.dll
Event: 0.073 Thread 0x0000024a399a5450 Thread added: 0x0000024a399a5450
Event: 0.073 Thread 0x0000024a399a5910 Thread added: 0x0000024a399a5910
Event: 0.152 Thread 0x0000024a39bc6ca0 Thread added: 0x0000024a39bc6ca0
Event: 0.153 Loaded shared library C:\Program Files\Java\jdk-18.0.2.1\bin\jimage.dll
Event: 0.156 Thread 0x0000024a39870610 Thread added: 0x0000024a39870610
Event: 0.162 Thread 0x0000024a39bc6ca0 Thread exited: 0x0000024a39bc6ca0
Event: 0.200 Loaded shared library C:\Users\29348\AppData\Local\Temp\jansi-2.4.1-69e9447975f5c56e-jansi.dll
Event: 0.207 Loaded shared library C:\Program Files\Java\jdk-18.0.2.1\bin\verify.dll
Event: 0.282 Thread 0x0000024a39871f60 Thread added: 0x0000024a39871f60
Event: 0.469 Thread 0x0000024a39872470 Thread added: 0x0000024a39872470
Event: 0.469 Thread 0x0000024a39871a50 Thread added: 0x0000024a39871a50
Event: 0.469 Thread 0x0000024a3986f6e0 Thread added: 0x0000024a3986f6e0
Event: 0.475 Thread 0x0000024a3986fbf0 Thread added: 0x0000024a3986fbf0
Event: 0.475 Thread 0x0000024a39870b20 Thread added: 0x0000024a39870b20
Event: 0.475 Thread 0x0000024a39871540 Thread added: 0x0000024a39871540
Event: 1.243 Thread 0x0000024a3b2ca830 Thread added: 0x0000024a3b2ca830


Dynamic libraries:
0x00007ff6f1670000 - 0x00007ff6f1680000 	C:\Program Files\Java\jdk-18.0.2.1\bin\java.exe
0x00007ffc66e80000 - 0x00007ffc670e6000 	C:\WINDOWS\SYSTEM32\ntdll.dll
0x00007ffc662b0000 - 0x00007ffc66379000 	C:\WINDOWS\System32\KERNEL32.DLL
0x00007ffc64110000 - 0x00007ffc644db000 	C:\WINDOWS\System32\KERNELBASE.dll
0x00007ffc64620000 - 0x00007ffc6476b000 	C:\WINDOWS\System32\ucrtbase.dll
0x00007ffc55800000 - 0x00007ffc55818000 	C:\Program Files\Java\jdk-18.0.2.1\bin\jli.dll
0x00007ffc5e990000 - 0x00007ffc5e9aa000 	C:\Program Files\Java\jdk-18.0.2.1\bin\VCRUNTIME140.dll
0x00007ffc66d80000 - 0x00007ffc66e32000 	C:\WINDOWS\System32\ADVAPI32.dll
0x00007ffc65330000 - 0x00007ffc653d9000 	C:\WINDOWS\System32\msvcrt.dll
0x00007ffc66450000 - 0x00007ffc664f6000 	C:\WINDOWS\System32\sechost.dll
0x00007ffc657a0000 - 0x00007ffc658b5000 	C:\WINDOWS\System32\RPCRT4.dll
0x00007ffc655c0000 - 0x00007ffc6578a000 	C:\WINDOWS\System32\USER32.dll
0x00007ffc64030000 - 0x00007ffc64057000 	C:\WINDOWS\System32\win32u.dll
0x00007ffc66380000 - 0x00007ffc663ab000 	C:\WINDOWS\System32\GDI32.dll
0x00007ffc644e0000 - 0x00007ffc64612000 	C:\WINDOWS\System32\gdi32full.dll
0x00007ffc64060000 - 0x00007ffc64103000 	C:\WINDOWS\System32\msvcp_win.dll
0x00007ffc48f40000 - 0x00007ffc491d7000 	C:\WINDOWS\WinSxS\amd64_microsoft.windows.common-controls_6595b64144ccf1df_6.0.26100.5516_none_3e073f78e335730c\COMCTL32.dll
0x00007ffc5c9e0000 - 0x00007ffc5c9eb000 	C:\WINDOWS\SYSTEM32\VERSION.dll
0x00007ffc64e60000 - 0x00007ffc64e90000 	C:\WINDOWS\System32\IMM32.DLL
0x00007ffc510a0000 - 0x00007ffc510ac000 	C:\Program Files\Java\jdk-18.0.2.1\bin\vcruntime140_1.dll
0x00007ffc46980000 - 0x00007ffc46a0d000 	C:\Program Files\Java\jdk-18.0.2.1\bin\msvcp140.dll
0x00007ffb920d0000 - 0x00007ffb92ce1000 	C:\Program Files\Java\jdk-18.0.2.1\bin\server\jvm.dll
0x00007ffc65b80000 - 0x00007ffc65b88000 	C:\WINDOWS\System32\PSAPI.DLL
0x00007ffc5b080000 - 0x00007ffc5b0b6000 	C:\WINDOWS\SYSTEM32\WINMM.dll
0x00007ffc46850000 - 0x00007ffc4685a000 	C:\WINDOWS\SYSTEM32\WSOCK32.dll
0x00007ffc65a70000 - 0x00007ffc65ae4000 	C:\WINDOWS\System32\WS2_32.dll
0x00007ffc62ea0000 - 0x00007ffc62eba000 	C:\WINDOWS\SYSTEM32\kernel.appcore.dll
0x00007ffc51090000 - 0x00007ffc5109a000 	C:\Program Files\Java\jdk-18.0.2.1\bin\jimage.dll
0x00007ffc5b650000 - 0x00007ffc5b891000 	C:\WINDOWS\SYSTEM32\DBGHELP.DLL
0x00007ffc65b90000 - 0x00007ffc65f14000 	C:\WINDOWS\System32\combase.dll
0x00007ffc661d0000 - 0x00007ffc662a6000 	C:\WINDOWS\System32\OLEAUT32.dll
0x00007ffc46670000 - 0x00007ffc466a9000 	C:\WINDOWS\SYSTEM32\dbgcore.DLL
0x00007ffc64770000 - 0x00007ffc64809000 	C:\WINDOWS\System32\bcryptPrimitives.dll
0x00007ffc51080000 - 0x00007ffc5108e000 	C:\Program Files\Java\jdk-18.0.2.1\bin\instrument.dll
0x00007ffc4ab10000 - 0x00007ffc4ab35000 	C:\Program Files\Java\jdk-18.0.2.1\bin\java.dll
0x00007ffc2e490000 - 0x00007ffc2e566000 	C:\Program Files\Java\jdk-18.0.2.1\bin\jsvml.dll
0x00007ffc66500000 - 0x00007ffc66c2b000 	C:\WINDOWS\System32\SHELL32.dll
0x00007ffc64990000 - 0x00007ffc64b04000 	C:\WINDOWS\System32\wintypes.dll
0x00007ffc61d00000 - 0x00007ffc62553000 	C:\WINDOWS\SYSTEM32\windows.storage.dll
0x00007ffc65f20000 - 0x00007ffc6600e000 	C:\WINDOWS\System32\SHCORE.dll
0x00007ffc64df0000 - 0x00007ffc64e56000 	C:\WINDOWS\System32\shlwapi.dll
0x00007ffc63f40000 - 0x00007ffc63f6f000 	C:\WINDOWS\SYSTEM32\profapi.dll
0x00007ffc4aaf0000 - 0x00007ffc4ab08000 	C:\Program Files\Java\jdk-18.0.2.1\bin\zip.dll
0x00007ffc4a790000 - 0x00007ffc4a7a3000 	C:\Program Files\Java\jdk-18.0.2.1\bin\net.dll
0x00007ffc5ccc0000 - 0x00007ffc5cdde000 	C:\WINDOWS\SYSTEM32\WINHTTP.dll
0x00007ffc63440000 - 0x00007ffc634aa000 	C:\WINDOWS\system32\mswsock.dll
0x00007ffc4a670000 - 0x00007ffc4a686000 	C:\Program Files\Java\jdk-18.0.2.1\bin\nio.dll
0x00007ffc37300000 - 0x00007ffc37324000 	C:\Users\29348\AppData\Local\Temp\jansi-2.4.1-69e9447975f5c56e-jansi.dll
0x00007ffc51070000 - 0x00007ffc51080000 	C:\Program Files\Java\jdk-18.0.2.1\bin\verify.dll

dbghelp: loaded successfully - version: 4.0.5 - missing functions: none
symbol engine: initialized successfully - sym options: 0x614 - pdb path: .;C:\Program Files\Java\jdk-18.0.2.1\bin;C:\WINDOWS\SYSTEM32;C:\WINDOWS\WinSxS\amd64_microsoft.windows.common-controls_6595b64144ccf1df_6.0.26100.5516_none_3e073f78e335730c;C:\Program Files\Java\jdk-18.0.2.1\bin\server;C:\Users\29348\AppData\Local\Temp

VM Arguments:
jvm_args: -Dmaven.multiModuleProjectDirectory=D:\Project\JavaEEProject\manager -Djansi.passthrough=true -Dmaven.home=D:/APP/ĐÂ˝¨ÎÄĽţĽĐ/IntelliJ IDEA 2025.1/plugins/maven/lib/maven3 -Dclassworlds.conf=D:\APP\ĐÂ˝¨ÎÄĽţĽĐ\IntelliJ IDEA 2025.1\plugins\maven\lib\maven3\bin\m2.conf -Dmaven.ext.class.path=D:\APP\ĐÂ˝¨ÎÄĽţĽĐ\IntelliJ IDEA 2025.1\plugins\maven\lib\maven-event-listener.jar -javaagent:D:\APP\ĐÂ˝¨ÎÄĽţĽĐ\IntelliJ IDEA 2025.1\lib\idea_rt.jar=63347 -Dfile.encoding=UTF-8 -Dsun.stdout.encoding=UTF-8 -Dsun.stderr.encoding=UTF-8 
java_command: org.codehaus.classworlds.Launcher -Didea.version=2025.1 tomcat7:run
java_class_path (initial): D:\APP\ĐÂ˝¨ÎÄĽţĽĐ\IntelliJ IDEA 2025.1\plugins\maven\lib\maven3\boot\plexus-classworlds-2.8.0.jar;D:\APP\ĐÂ˝¨ÎÄĽţĽĐ\IntelliJ IDEA 2025.1\plugins\maven\lib\maven3\boot\plexus-classworlds.license
Launcher Type: SUN_STANDARD

[Global flags]
     intx CICompilerCount                          = 12                                        {product} {ergonomic}
     uint ConcGCThreads                            = 3                                         {product} {ergonomic}
     uint G1ConcRefinementThreads                  = 13                                        {product} {ergonomic}
   size_t G1HeapRegionSize                         = 2097152                                   {product} {ergonomic}
    uintx GCDrainStackTargetSize                   = 64                                        {product} {ergonomic}
   size_t InitialHeapSize                          = 232783872                                 {product} {ergonomic}
   size_t MarkStackSize                            = 4194304                                   {product} {ergonomic}
   size_t MaxHeapSize                              = 3720347648                                {product} {ergonomic}
   size_t MaxNewSize                               = 2231369728                                {product} {ergonomic}
   size_t MinHeapDeltaBytes                        = 2097152                                   {product} {ergonomic}
   size_t MinHeapSize                              = 8388608                                   {product} {ergonomic}
    uintx NonNMethodCodeHeapSize                   = 7602480                                {pd product} {ergonomic}
    uintx NonProfiledCodeHeapSize                  = 122027880                              {pd product} {ergonomic}
    uintx ProfiledCodeHeapSize                     = 122027880                              {pd product} {ergonomic}
    uintx ReservedCodeCacheSize                    = 251658240                              {pd product} {ergonomic}
     bool SegmentedCodeCache                       = true                                      {product} {ergonomic}
   size_t SoftMaxHeapSize                          = 3720347648                             {manageable} {ergonomic}
     bool UseCompressedClassPointers               = true                           {product lp64_product} {ergonomic}
     bool UseCompressedOops                        = true                           {product lp64_product} {ergonomic}
     bool UseG1GC                                  = true                                      {product} {ergonomic}
     bool UseLargePagesIndividualAllocation        = false                                  {pd product} {ergonomic}

Logging:
Log output configuration:
 #0: stdout all=warning uptime,level,tags foldmultilines=false
 #1: stderr all=off uptime,level,tags foldmultilines=false

Environment Variables:
JAVA_HOME=C:\Program Files\Java\jdk-18.0.2.1
CLASSPATH=.;C:\Program Files\Java\jdk-18.0.2.1\lib\dt.jar;C:\Program Files\Java\jdk-18.0.2.1\lib\tools.jar;C:\Program Files\Java\jdk-18.0.2.1\lib;
PATH=C:\Program Files\Java\jdk-18.0.2.1\bin;C:\Program Files\Common Files\Oracle\Java\javapath;C:\WINDOWS\system32;C:\WINDOWS;C:\WINDOWS\System32\Wbem;C:\WINDOWS\System32\WindowsPowerShell\v1.0\;C:\WINDOWS\System32\OpenSSH\;%CATALIN A_HOM E%\bin;D:\Down\apache-maven-3.9.9-bin\apache-maven-3.9.9\bin;D:\APP\Î˘ĐĹwebżŞ·˘Őßą¤ľß\dll;D:\APP\nodejs\;D:\APP\nodejs\node_global;D:\APP\nodejs\node_cache;D:\APP\nodejs;C:\Users\29348\AppData\Local\Microsoft\WindowsApps;D:\APP\Microsoft VS Code\bin;C:\Users\29348\AppData\Local\Programs\cursor\resources\app\bin;E:\Program Files\nodejs\node_global;
USERNAME=29348
OS=Windows_NT
PROCESSOR_IDENTIFIER=AMD64 Family 25 Model 80 Stepping 0, AuthenticAMD



---------------  S Y S T E M  ---------------

OS:
 Windows 11 , 64 bit Build 26100 (10.0.26100.5518)
OS uptime: 0 days 17:06 hours
Hyper-V role detected

CPU: total 16 (initial active 16) (16 cores per cpu, 2 threads per core) family 25 model 80 stepping 0 microcode 0xa50000f, cx8, cmov, fxsr, ht, mmx, 3dnowpref, sse, sse2, sse3, ssse3, sse4a, sse4.1, sse4.2, popcnt, lzcnt, tsc, tscinvbit, avx, avx2, aes, erms, clmul, bmi1, bmi2, adx, sha, fma, vzeroupper, clflush, clflushopt, hv

Memory: 4k page, system-wide physical 14188M (3723M free)
TotalPageFile size 14188M (AvailPageFile size 7M)
current process WorkingSet (physical memory assigned to process): 156M, peak: 160M
current process commit charge ("private bytes"): 381M, peak: 386M

vm_info: Java HotSpot(TM) 64-Bit Server VM (18.0.2.1+1-1) for windows-amd64 JRE (18.0.2.1+1-1), built on Aug 16 2022 01:46:33 by "mach5one" with MS VC++ 16.8 / 16.9 (VS2019)

END.
