#
# There is insufficient memory for the Java Runtime Environment to continue.
# Native memory allocation (mmap) failed to map 266338304 bytes for G1 virtual space
# Possible reasons:
#   The system is out of physical RAM or swap space
#   The process is running with CompressedOops enabled, and the Java Heap may be blocking the growth of the native heap
# Possible solutions:
#   Reduce memory load on the system
#   Increase physical memory or swap space
#   Check if swap backing store is full
#   Decrease Java heap size (-Xmx/-Xms)
#   Decrease number of Java threads
#   Decrease Java thread stack sizes (-Xss)
#   Set larger code cache with -XX:ReservedCodeCacheSize=
#   JVM is running with Zero Based Compressed Oops mode in which the Java heap is
#     placed in the first 32GB address space. The Java Heap base address is the
#     maximum limit for the native heap growth. Please use -XX:HeapBaseMinAddress
#     to set the Java Heap base and to place the Java Heap above 32GB virtual address.
# This output file may be truncated or incomplete.
#
#  Out of Memory Error (os_windows.cpp:3530), pid=22928, tid=24832
#
# JRE version:  (18.0.2.1+1) (build )
# Java VM: Java HotSpot(TM) 64-Bit Server VM (18.0.2.1+1-1, mixed mode, sharing, tiered, compressed oops, compressed class ptrs, g1 gc, windows-amd64)
# No core dump will be written. Minidumps are not enabled by default on client versions of Windows
#

---------------  S U M M A R Y ------------

Command Line: -Dmaven.multiModuleProjectDirectory=D:\Project\JavaEEProject\manager -Djansi.passthrough=true -Dmaven.home=D:/APP/IntelliJ IDEA 2025.1/plugins/maven/lib/maven3 -Dclassworlds.conf=D:\APP\IntelliJ IDEA 2025.1\plugins\maven\lib\maven3\bin\m2.conf -Dmaven.ext.class.path=D:\APP\IntelliJ IDEA 2025.1\plugins\maven\lib\maven-event-listener.jar -javaagent:D:\APP\IntelliJ IDEA 2025.1\lib\idea_rt.jar=65534 -Dfile.encoding=UTF-8 -Dsun.stdout.encoding=UTF-8 -Dsun.stderr.encoding=UTF-8 org.codehaus.classworlds.Launcher -Didea.version=2025.1 tomcat7:run

Host: AMD Ryzen 7 5800H with Radeon Graphics         , 16 cores, 15G,  Windows 11 , 64 bit Build 26100 (10.0.26100.5518)
Time: Fri May 30 09:37:06 2025  Windows 11 , 64 bit Build 26100 (10.0.26100.5518) elapsed time: 1.020555 seconds (0d 0h 0m 1s)

---------------  T H R E A D  ---------------

Current thread (0x000001ae78a396d0):  JavaThread "Unknown thread" [_thread_in_vm, id=24832, stack(0x0000004a37500000,0x0000004a37600000)]

Stack: [0x0000004a37500000,0x0000004a37600000]
Native frames: (J=compiled Java code, j=interpreted, Vv=VM code, C=native code)
V  [jvm.dll+0x6993aa]
V  [jvm.dll+0x7f46dd]
V  [jvm.dll+0x7f5fee]
V  [jvm.dll+0x7f66a3]
V  [jvm.dll+0x25cf1f]
V  [jvm.dll+0x6962f9]
V  [jvm.dll+0x68ae2a]
V  [jvm.dll+0x32255b]
V  [jvm.dll+0x329f36]
V  [jvm.dll+0x37eade]
V  [jvm.dll+0x37ed0f]
V  [jvm.dll+0x2fa2da]
V  [jvm.dll+0x2fb33d]
V  [jvm.dll+0x7c3310]
V  [jvm.dll+0x38be61]
V  [jvm.dll+0x7a2023]
V  [jvm.dll+0x40dc3f]
V  [jvm.dll+0x40f611]
C  [jli.dll+0x526b]
C  [ucrtbase.dll+0x37b0]
C  [KERNEL32.DLL+0x2e8d7]
C  [ntdll.dll+0x9c5dc]


---------------  P R O C E S S  ---------------

Threads class SMR info:
_java_thread_list=0x00007ffa2537e550, length=0, elements={
}

Java Threads: ( => current thread )

Other Threads:
  0x000001ae78aa9240 WorkerThread "GC Thread#0" [stack: 0x0000004a37600000,0x0000004a37700000] [id=24136]
  0x000001ae78ab7ba0 ConcurrentGCThread "G1 Main Marker" [stack: 0x0000004a37700000,0x0000004a37800000] [id=19748]
  0x000001ae7cb62d00 WorkerThread "G1 Conc#0" [stack: 0x0000004a37800000,0x0000004a37900000] [id=15860]

[error occurred during error reporting (printing all threads), id 0xc0000005, EXCEPTION_ACCESS_VIOLATION (0xc0000005) at pc=0x00007ffa24baa877]

VM state: not at safepoint (not fully initialized)

VM Mutex/Monitor currently owned by a thread:  ([mutex/lock_event])
[0x000001ae78a37960] Heap_lock - owner thread: 0x000001ae78a396d0

Heap address: 0x0000000702400000, size: 4060 MB, Compressed Oops mode: Zero based, Oop shift amount: 3

CDS archive(s) mapped at: [0x0000000000000000-0x0000000000000000-0x0000000000000000), size 0, SharedBaseAddress: 0x0000000800000000, ArchiveRelocationMode: 0.
Narrow klass base: 0x0000000000000000, Narrow klass shift: 0, Narrow klass range: 0x0

GC Precious Log:
 CardTable entry size: 512
 Card Set container configuration: InlinePtr #cards 4 size 8 Array Of Cards #cards 16 size 48 Howl #buckets 8 coarsen threshold 3686 Howl Bitmap #cards 512 size 80 coarsen threshold 460 Card regions per heap region 1 cards per card region 4096

Heap:
 garbage-first heap   total 0K, used 0K [0x0000000702400000, 0x0000000800000000)
  region size 2048K, 0 young (0K), 0 survivors (0K)

[error occurred during error reporting (printing heap information), id 0xc0000005, EXCEPTION_ACCESS_VIOLATION (0xc0000005) at pc=0x00007ffa24f91839]

GC Heap History (0 events):
No events

Deoptimization events (0 events):
No events

Classes loaded (0 events):
No events

Classes unloaded (0 events):
No events

Classes redefined (0 events):
No events

Internal exceptions (0 events):
No events

VM Operations (0 events):
No events

Events (1 events):
Event: 0.010 Loaded shared library C:\Program Files\Java\jdk-18.0.2.1\bin\java.dll


Dynamic libraries:
0x00007ff65d780000 - 0x00007ff65d790000 	C:\Program Files\Java\jdk-18.0.2.1\bin\java.exe
0x00007ffb0e180000 - 0x00007ffb0e3e6000 	C:\WINDOWS\SYSTEM32\ntdll.dll
0x00007ffb0d090000 - 0x00007ffb0d159000 	C:\WINDOWS\System32\KERNEL32.DLL
0x00007ffb0b330000 - 0x00007ffb0b6fb000 	C:\WINDOWS\System32\KERNELBASE.dll
0x00007ffb0be10000 - 0x00007ffb0bf5b000 	C:\WINDOWS\System32\ucrtbase.dll
0x00007ffb033b0000 - 0x00007ffb033c8000 	C:\Program Files\Java\jdk-18.0.2.1\bin\jli.dll
0x00007ffb03390000 - 0x00007ffb033aa000 	C:\Program Files\Java\jdk-18.0.2.1\bin\VCRUNTIME140.dll
0x00007ffb0c3f0000 - 0x00007ffb0c4a2000 	C:\WINDOWS\System32\ADVAPI32.dll
0x00007ffb0d160000 - 0x00007ffb0d209000 	C:\WINDOWS\System32\msvcrt.dll
0x00007ffb0d210000 - 0x00007ffb0d2b6000 	C:\WINDOWS\System32\sechost.dll
0x00007ffb0c830000 - 0x00007ffb0c945000 	C:\WINDOWS\System32\RPCRT4.dll
0x00007ffb0c660000 - 0x00007ffb0c82a000 	C:\WINDOWS\System32\USER32.dll
0x00007ffb0bc60000 - 0x00007ffb0bc87000 	C:\WINDOWS\System32\win32u.dll
0x00007ffb0d9e0000 - 0x00007ffb0da0b000 	C:\WINDOWS\System32\GDI32.dll
0x00007ffb0bb20000 - 0x00007ffb0bc52000 	C:\WINDOWS\System32\gdi32full.dll
0x00007ffaea1a0000 - 0x00007ffaea437000 	C:\WINDOWS\WinSxS\amd64_microsoft.windows.common-controls_6595b64144ccf1df_6.0.26100.5516_none_3e073f78e335730c\COMCTL32.dll
0x00007ffb0b850000 - 0x00007ffb0b8f3000 	C:\WINDOWS\System32\msvcp_win.dll
0x00007ffb03ad0000 - 0x00007ffb03adb000 	C:\WINDOWS\SYSTEM32\VERSION.dll
0x00007ffb0d050000 - 0x00007ffb0d080000 	C:\WINDOWS\System32\IMM32.DLL
0x00007ffb03380000 - 0x00007ffb0338c000 	C:\Program Files\Java\jdk-18.0.2.1\bin\vcruntime140_1.dll
0x00007ffabc870000 - 0x00007ffabc8fd000 	C:\Program Files\Java\jdk-18.0.2.1\bin\msvcp140.dll
0x00007ffa248a0000 - 0x00007ffa254b1000 	C:\Program Files\Java\jdk-18.0.2.1\bin\server\jvm.dll
0x00007ffb0cc00000 - 0x00007ffb0cc08000 	C:\WINDOWS\System32\PSAPI.DLL
0x00007ffafa0b0000 - 0x00007ffafa0e6000 	C:\WINDOWS\SYSTEM32\WINMM.dll
0x00007ffad9380000 - 0x00007ffad938a000 	C:\WINDOWS\SYSTEM32\WSOCK32.dll
0x00007ffb0d470000 - 0x00007ffb0d4e4000 	C:\WINDOWS\System32\WS2_32.dll
0x00007ffb0a240000 - 0x00007ffb0a25a000 	C:\WINDOWS\SYSTEM32\kernel.appcore.dll
0x00007ffb03370000 - 0x00007ffb0337a000 	C:\Program Files\Java\jdk-18.0.2.1\bin\jimage.dll
0x00007ffb002a0000 - 0x00007ffb004e1000 	C:\WINDOWS\SYSTEM32\DBGHELP.DLL
0x00007ffb0ccc0000 - 0x00007ffb0d044000 	C:\WINDOWS\System32\combase.dll
0x00007ffb0c9a0000 - 0x00007ffb0ca76000 	C:\WINDOWS\System32\OLEAUT32.dll
0x00007ffae78e0000 - 0x00007ffae7919000 	C:\WINDOWS\SYSTEM32\dbgcore.DLL
0x00007ffb0ba80000 - 0x00007ffb0bb19000 	C:\WINDOWS\System32\bcryptPrimitives.dll
0x00007ffb066d0000 - 0x00007ffb066de000 	C:\Program Files\Java\jdk-18.0.2.1\bin\instrument.dll
0x00007ffadef60000 - 0x00007ffadef85000 	C:\Program Files\Java\jdk-18.0.2.1\bin\java.dll

dbghelp: loaded successfully - version: 4.0.5 - missing functions: none
symbol engine: initialized successfully - sym options: 0x614 - pdb path: .;C:\Program Files\Java\jdk-18.0.2.1\bin;C:\WINDOWS\SYSTEM32;C:\WINDOWS\WinSxS\amd64_microsoft.windows.common-controls_6595b64144ccf1df_6.0.26100.5516_none_3e073f78e335730c;C:\Program Files\Java\jdk-18.0.2.1\bin\server

VM Arguments:
jvm_args: -Dmaven.multiModuleProjectDirectory=D:\Project\JavaEEProject\manager -Djansi.passthrough=true -Dmaven.home=D:/APP/IntelliJ IDEA 2025.1/plugins/maven/lib/maven3 -Dclassworlds.conf=D:\APP\IntelliJ IDEA 2025.1\plugins\maven\lib\maven3\bin\m2.conf -Dmaven.ext.class.path=D:\APP\IntelliJ IDEA 2025.1\plugins\maven\lib\maven-event-listener.jar -javaagent:D:\APP\IntelliJ IDEA 2025.1\lib\idea_rt.jar=65534 -Dfile.encoding=UTF-8 -Dsun.stdout.encoding=UTF-8 -Dsun.stderr.encoding=UTF-8 
java_command: org.codehaus.classworlds.Launcher -Didea.version=2025.1 tomcat7:run
java_class_path (initial): D:\APP\IntelliJ IDEA 2025.1\plugins\maven\lib\maven3\boot\plexus-classworlds-2.8.0.jar;D:\APP\IntelliJ IDEA 2025.1\plugins\maven\lib\maven3\boot\plexus-classworlds.license
Launcher Type: SUN_STANDARD

[Global flags]
     intx CICompilerCount                          = 12                                        {product} {ergonomic}
     uint ConcGCThreads                            = 3                                         {product} {ergonomic}
     uint G1ConcRefinementThreads                  = 13                                        {product} {ergonomic}
   size_t G1HeapRegionSize                         = 2097152                                   {product} {ergonomic}
    uintx GCDrainStackTargetSize                   = 64                                        {product} {ergonomic}
   size_t InitialHeapSize                          = 266338304                                 {product} {ergonomic}
   size_t MarkStackSize                            = 4194304                                   {product} {ergonomic}
   size_t MaxHeapSize                              = 4257218560                                {product} {ergonomic}
   size_t MinHeapDeltaBytes                        = 2097152                                   {product} {ergonomic}
   size_t MinHeapSize                              = 8388608                                   {product} {ergonomic}
    uintx NonNMethodCodeHeapSize                   = 7602480                                {pd product} {ergonomic}
    uintx NonProfiledCodeHeapSize                  = 122027880                              {pd product} {ergonomic}
    uintx ProfiledCodeHeapSize                     = 122027880                              {pd product} {ergonomic}
    uintx ReservedCodeCacheSize                    = 251658240                              {pd product} {ergonomic}
     bool SegmentedCodeCache                       = true                                      {product} {ergonomic}
   size_t SoftMaxHeapSize                          = 4257218560                             {manageable} {ergonomic}
     bool UseCompressedClassPointers               = true                           {product lp64_product} {ergonomic}
     bool UseCompressedOops                        = true                           {product lp64_product} {ergonomic}
     bool UseG1GC                                  = true                                      {product} {ergonomic}
     bool UseLargePagesIndividualAllocation        = false                                  {pd product} {ergonomic}

Logging:
Log output configuration:
 #0: stdout all=warning uptime,level,tags foldmultilines=false
 #1: stderr all=off uptime,level,tags foldmultilines=false

Environment Variables:
JAVA_HOME=C:\Program Files\Java\jdk-18.0.2.1
CLASSPATH=.;C:\Program Files\Java\jdk-18.0.2.1\lib\dt.jar;C:\Program Files\Java\jdk-18.0.2.1\lib\tools.jar;C:\Program Files\Java\jdk-18.0.2.1\lib;
PATH=C:\Program Files\Java\jdk-18.0.2.1\bin;C:\Program Files\Common Files\Oracle\Java\javapath;C:\WINDOWS\system32;C:\WINDOWS;C:\WINDOWS\System32\Wbem;C:\WINDOWS\System32\WindowsPowerShell\v1.0\;C:\WINDOWS\System32\OpenSSH\;%CATALIN A_HOM E%\bin;D:\Down\apache-maven-3.9.9-bin\apache-maven-3.9.9\bin;D:\APP\峚陓web羲楷氪馱撿\dll;D:\APP;nodejs\;D:\APP\nodejs\node_global;D:\APP\nodejs\node_cache;D:\APP\nodejs;D:\Down\Git\cmd;C:\Users\29348\AppData\Local\Microsoft\WindowsApps;D:\APP\Microsoft VS Code\bin;C:\Users\29348\AppData\Local\Programs\cursor\resources\app\bin;E:\Program Files\nodejs\node_global;;D:\APP\IntelliJ IDEA 2025.1\bin;
USERNAME=29348
OS=Windows_NT
PROCESSOR_IDENTIFIER=AMD64 Family 25 Model 80 Stepping 0, AuthenticAMD



---------------  S Y S T E M  ---------------

OS:
 Windows 11 , 64 bit Build 26100 (10.0.26100.5518)
OS uptime: 0 days 1:04 hours
Hyper-V role detected

CPU: total 16 (initial active 16) (16 cores per cpu, 2 threads per core) family 25 model 80 stepping 0 microcode 0xa50000f, cx8, cmov, fxsr, ht, mmx, 3dnowpref, sse, sse2, sse3, ssse3, sse4a, sse4.1, sse4.2, popcnt, lzcnt, tsc, tscinvbit, avx, avx2, aes, erms, clmul, bmi1, bmi2, adx, sha, fma, vzeroupper, clflush, clflushopt, hv

Memory: 4k page, system-wide physical 16236M (4271M free)
TotalPageFile size 16236M (AvailPageFile size 160M)
current process WorkingSet (physical memory assigned to process): 13M, peak: 13M
current process commit charge ("private bytes"): 71M, peak: 325M

vm_info: Java HotSpot(TM) 64-Bit Server VM (18.0.2.1+1-1) for windows-amd64 JRE (18.0.2.1+1-1), built on Aug 16 2022 01:46:33 by "mach5one" with MS VC++ 16.8 / 16.9 (VS2019)

END.
