#
# There is insufficient memory for the Java Runtime Environment to continue.
# Native memory allocation (mmap) failed to map 65011712 bytes for G1 virtual space
# Possible reasons:
#   The system is out of physical RAM or swap space
#   The process is running with CompressedOops enabled, and the Java Heap may be blocking the growth of the native heap
# Possible solutions:
#   Reduce memory load on the system
#   Increase physical memory or swap space
#   Check if swap backing store is full
#   Decrease Java heap size (-Xmx/-Xms)
#   Decrease number of Java threads
#   Decrease Java thread stack sizes (-Xss)
#   Set larger code cache with -XX:ReservedCodeCacheSize=
#   JVM is running with Zero Based Compressed Oops mode in which the Java heap is
#     placed in the first 32GB address space. The Java Heap base address is the
#     maximum limit for the native heap growth. Please use -XX:HeapBaseMinAddress
#     to set the Java Heap base and to place the Java Heap above 32GB virtual address.
# This output file may be truncated or incomplete.
#
#  Out of Memory Error (os_windows.cpp:3530), pid=15092, tid=22160
#
# JRE version: Java(TM) SE Runtime Environment (18.0.2.1+1) (build 18.0.2.1+1-1)
# Java VM: Java HotSpot(TM) 64-Bit Server VM (18.0.2.1+1-1, mixed mode, sharing, tiered, compressed oops, compressed class ptrs, g1 gc, windows-amd64)
# No core dump will be written. Minidumps are not enabled by default on client versions of Windows
#

---------------  S U M M A R Y ------------

Command Line: -Dmaven.multiModuleProjectDirectory=D:\Project\JavaEEProject\manager -Djansi.passthrough=true -Dmaven.home=D:/APP/IntelliJ IDEA 2025.1/plugins/maven/lib/maven3 -Dclassworlds.conf=D:\APP\IntelliJ IDEA 2025.1\plugins\maven\lib\maven3\bin\m2.conf -Dmaven.ext.class.path=D:\APP\IntelliJ IDEA 2025.1\plugins\maven\lib\maven-event-listener.jar -javaagent:D:\APP\IntelliJ IDEA 2025.1\lib\idea_rt.jar=61601 -Dfile.encoding=UTF-8 -Dsun.stdout.encoding=UTF-8 -Dsun.stderr.encoding=UTF-8 org.codehaus.classworlds.Launcher -Didea.version=2025.1 tomcat7:run

Host: AMD Ryzen 7 5800H with Radeon Graphics         , 16 cores, 15G,  Windows 11 , 64 bit Build 26100 (10.0.26100.5518)
Time: Fri May 30 10:05:00 2025  Windows 11 , 64 bit Build 26100 (10.0.26100.5518) elapsed time: 8.918036 seconds (0d 0h 0m 8s)

---------------  T H R E A D  ---------------

Current thread (0x0000029d1b54e570):  VMThread "VM Thread" [stack: 0x000000cc8cf00000,0x000000cc8d000000] [id=22160]

Stack: [0x000000cc8cf00000,0x000000cc8d000000]
Native frames: (J=compiled Java code, j=interpreted, Vv=VM code, C=native code)
V  [jvm.dll+0x6993aa]
V  [jvm.dll+0x7f46dd]
V  [jvm.dll+0x7f5fee]
V  [jvm.dll+0x7f66a3]
V  [jvm.dll+0x25cf1f]
V  [jvm.dll+0x6962f9]
V  [jvm.dll+0x68ae2a]
V  [jvm.dll+0x32255b]
V  [jvm.dll+0x329f36]
V  [jvm.dll+0x37eade]
V  [jvm.dll+0x37ed0f]
V  [jvm.dll+0x2fa2da]
V  [jvm.dll+0x2fa387]
V  [jvm.dll+0x33e8c2]
V  [jvm.dll+0x33ce64]
V  [jvm.dll+0x2f9ab0]
V  [jvm.dll+0x33c43b]
V  [jvm.dll+0x7fb48b]
V  [jvm.dll+0x7fc224]
V  [jvm.dll+0x7fc75c]
V  [jvm.dll+0x7fcbb4]
V  [jvm.dll+0x7fcc77]
V  [jvm.dll+0x7a120a]
V  [jvm.dll+0x698255]
C  [ucrtbase.dll+0x37b0]
C  [KERNEL32.DLL+0x2e8d7]
C  [ntdll.dll+0x9c5dc]

VM_Operation (0x000000cc8f5fe9a0): G1CollectForAllocation, mode: safepoint, requested by thread 0x0000029d240936a0


---------------  P R O C E S S  ---------------

Threads class SMR info:
_java_thread_list=0x0000029d24224640, length=16, elements={
0x0000029d77ec9490, 0x0000029d1b5512f0, 0x0000029d1b553bb0, 0x0000029d1b5732b0,
0x0000029d1b574170, 0x0000029d1b574a20, 0x0000029d1b5752d0, 0x0000029d1b575eb0,
0x0000029d1b5767a0, 0x0000029d1b5774a0, 0x0000029d1b53c3f0, 0x0000029d1fa67aa0,
0x0000029d1fa67f60, 0x0000029d21977100, 0x0000029d23d405e0, 0x0000029d240936a0
}

Java Threads: ( => current thread )
  0x0000029d77ec9490 JavaThread "main" [_thread_blocked, id=4240, stack(0x000000cc8c900000,0x000000cc8ca00000)]
  0x0000029d1b5512f0 JavaThread "Reference Handler" daemon [_thread_blocked, id=2908, stack(0x000000cc8d000000,0x000000cc8d100000)]
  0x0000029d1b553bb0 JavaThread "Finalizer" daemon [_thread_blocked, id=25456, stack(0x000000cc8d100000,0x000000cc8d200000)]
  0x0000029d1b5732b0 JavaThread "Signal Dispatcher" daemon [_thread_blocked, id=20112, stack(0x000000cc8d200000,0x000000cc8d300000)]
  0x0000029d1b574170 JavaThread "Attach Listener" daemon [_thread_blocked, id=8012, stack(0x000000cc8d300000,0x000000cc8d400000)]
  0x0000029d1b574a20 JavaThread "Service Thread" daemon [_thread_blocked, id=4704, stack(0x000000cc8d400000,0x000000cc8d500000)]
  0x0000029d1b5752d0 JavaThread "Monitor Deflation Thread" daemon [_thread_blocked, id=18956, stack(0x000000cc8d500000,0x000000cc8d600000)]
  0x0000029d1b575eb0 JavaThread "C2 CompilerThread0" daemon [_thread_blocked, id=12580, stack(0x000000cc8d600000,0x000000cc8d700000)]
  0x0000029d1b5767a0 JavaThread "C1 CompilerThread0" daemon [_thread_blocked, id=5164, stack(0x000000cc8d700000,0x000000cc8d800000)]
  0x0000029d1b5774a0 JavaThread "Sweeper thread" daemon [_thread_blocked, id=16272, stack(0x000000cc8d800000,0x000000cc8d900000)]
  0x0000029d1b53c3f0 JavaThread "Common-Cleaner" daemon [_thread_blocked, id=20712, stack(0x000000cc8d900000,0x000000cc8da00000)]
  0x0000029d1fa67aa0 JavaThread "Monitor Ctrl-Break" daemon [_thread_in_native, id=6928, stack(0x000000cc8dd00000,0x000000cc8de00000)]
  0x0000029d1fa67f60 JavaThread "Notification Thread" daemon [_thread_blocked, id=24520, stack(0x000000cc8de00000,0x000000cc8df00000)]
  0x0000029d21977100 JavaThread "Thread-1" daemon [_thread_blocked, id=4188, stack(0x000000cc8ef00000,0x000000cc8f000000)]
  0x0000029d23d405e0 JavaThread "Tomcat-startStop-1" daemon [_thread_blocked, id=18096, stack(0x000000cc8f300000,0x000000cc8f400000)]
  0x0000029d240936a0 JavaThread "localhost-startStop-1" daemon [_thread_blocked, id=10132, stack(0x000000cc8f500000,0x000000cc8f600000)]

Other Threads:
=>0x0000029d1b54e570 VMThread "VM Thread" [stack: 0x000000cc8cf00000,0x000000cc8d000000] [id=22160]
  0x0000029d77eca200 WatcherThread "VM Periodic Task Thread" [stack: 0x000000cc8df00000,0x000000cc8e000000] [id=18784]
  0x0000029d77f3e090 WorkerThread "GC Thread#0" [stack: 0x000000cc8ca00000,0x000000cc8cb00000] [id=10936]
  0x0000029d204dcc40 WorkerThread "GC Thread#1" [stack: 0x000000cc8e200000,0x000000cc8e300000] [id=1420]
  0x0000029d204dcee0 WorkerThread "GC Thread#2" [stack: 0x000000cc8e300000,0x000000cc8e400000] [id=14976]
  0x0000029d204dd180 WorkerThread "GC Thread#3" [stack: 0x000000cc8e400000,0x000000cc8e500000] [id=14148]
  0x0000029d20274f90 WorkerThread "GC Thread#4" [stack: 0x000000cc8e500000,0x000000cc8e600000] [id=10908]
  0x0000029d20275640 WorkerThread "GC Thread#5" [stack: 0x000000cc8e600000,0x000000cc8e700000] [id=4116]
  0x0000029d2052e310 WorkerThread "GC Thread#6" [stack: 0x000000cc8e700000,0x000000cc8e800000] [id=21580]
  0x0000029d2052e5b0 WorkerThread "GC Thread#7" [stack: 0x000000cc8e800000,0x000000cc8e900000] [id=11020]
  0x0000029d21c7bd70 WorkerThread "GC Thread#8" [stack: 0x000000cc8ee00000,0x000000cc8ef00000] [id=6388]
  0x0000029d21207f20 WorkerThread "GC Thread#9" [stack: 0x000000cc8e900000,0x000000cc8ea00000] [id=8160]
  0x0000029d21208460 WorkerThread "GC Thread#10" [stack: 0x000000cc8ea00000,0x000000cc8eb00000] [id=5568]
  0x0000029d21208700 WorkerThread "GC Thread#11" [stack: 0x000000cc8eb00000,0x000000cc8ec00000] [id=18052]
  0x0000029d212074a0 WorkerThread "GC Thread#12" [stack: 0x000000cc8ec00000,0x000000cc8ed00000] [id=3788]
  0x0000029d77f4ad10 ConcurrentGCThread "G1 Main Marker" [stack: 0x000000cc8cb00000,0x000000cc8cc00000] [id=7452]
  0x0000029d77f4bb40 WorkerThread "G1 Conc#0" [stack: 0x000000cc8cc00000,0x000000cc8cd00000] [id=22312]
  0x0000029d21206cc0 WorkerThread "G1 Conc#1" [stack: 0x000000cc8ed00000,0x000000cc8ee00000] [id=22484]
  0x0000029d21206f60 WorkerThread "G1 Conc#2" [stack: 0x000000cc8f000000,0x000000cc8f100000] [id=3852]
  0x0000029d1b402150 ConcurrentGCThread "G1 Refine#0" [stack: 0x000000cc8cd00000,0x000000cc8ce00000] [id=19716]
  0x0000029d1fe04e80 ConcurrentGCThread "G1 Refine#1" [stack: 0x000000cc8f400000,0x000000cc8f500000] [id=20800]
  0x0000029d1b402810 ConcurrentGCThread "G1 Service" [stack: 0x000000cc8ce00000,0x000000cc8cf00000] [id=9764]

Threads with active compile tasks:
C2 CompilerThread0     8954 8729   !   4       org.apache.catalina.startup.ContextConfig::checkHandlesTypes (453 bytes)

VM state: at safepoint (normal execution)

VM Mutex/Monitor currently owned by a thread:  ([mutex/lock_event])
[0x0000029d77ec65b0] Threads_lock - owner thread: 0x0000029d1b54e570
[0x0000029d77ec7b10] Heap_lock - owner thread: 0x0000029d240936a0

Heap address: 0x0000000702400000, size: 4060 MB, Compressed Oops mode: Zero based, Oop shift amount: 3

CDS archive(s) mapped at: [0x0000000800000000-0x0000000800ba0000-0x0000000800ba0000), size 12189696, SharedBaseAddress: 0x0000000800000000, ArchiveRelocationMode: 0.
Compressed class space mapped at: 0x0000000800c00000-0x0000000840c00000, reserved size: 1073741824
Narrow klass base: 0x0000000800000000, Narrow klass shift: 0, Narrow klass range: 0x100000000

GC Precious Log:
 CardTable entry size: 512
 Card Set container configuration: InlinePtr #cards 4 size 8 Array Of Cards #cards 16 size 48 Howl #buckets 8 coarsen threshold 3686 Howl Bitmap #cards 512 size 80 coarsen threshold 460 Card regions per heap region 1 cards per card region 4096
 CPUs: 16 total, 16 available
 Memory: 16236M
 Large Page Support: Disabled
 NUMA Support: Disabled
 Compressed Oops: Enabled (Zero based)
 Heap Region Size: 2M
 Heap Min Capacity: 8M
 Heap Initial Capacity: 254M
 Heap Max Capacity: 4060M
 Pre-touch: Disabled
 Parallel Workers: 13
 Concurrent Workers: 3
 Concurrent Refinement Workers: 13
 Periodic GC: Disabled

Heap:
 garbage-first heap   total 196608K, used 44233K [0x0000000702400000, 0x0000000800000000)
  region size 2048K, 1 young (2048K), 1 survivors (2048K)
 Metaspace       used 36054K, committed 36544K, reserved 1114112K
  class space    used 3953K, committed 4160K, reserved 1048576K

Heap Regions: E=young(eden), S=young(survivor), O=old, HS=humongous(starts), HC=humongous(continues), CS=collection set, F=free, OA=open archive, CA=closed archive, TAMS=top-at-mark-start (previous, next)
|   0|0x0000000702400000, 0x0000000702600000, 0x0000000702600000|100%| O|  |TAMS 0x0000000702600000, 0x0000000702400000| Untracked 
|   1|0x0000000702600000, 0x0000000702800000, 0x0000000702800000|100%| O|  |TAMS 0x0000000702800000, 0x0000000702600000| Untracked 
|   2|0x0000000702800000, 0x0000000702a00000, 0x0000000702a00000|100%| O|  |TAMS 0x0000000702a00000, 0x0000000702800000| Untracked 
|   3|0x0000000702a00000, 0x0000000702c00000, 0x0000000702c00000|100%| O|  |TAMS 0x0000000702c00000, 0x0000000702a00000| Untracked 
|   4|0x0000000702c00000, 0x0000000702e00000, 0x0000000702e00000|100%| O|  |TAMS 0x0000000702e00000, 0x0000000702c00000| Untracked 
|   5|0x0000000702e00000, 0x0000000703000000, 0x0000000703000000|100%| O|  |TAMS 0x0000000703000000, 0x0000000702e00000| Untracked 
|   6|0x0000000703000000, 0x0000000703200000, 0x0000000703200000|100%| O|  |TAMS 0x0000000703200000, 0x0000000703000000| Untracked 
|   7|0x0000000703200000, 0x0000000703400000, 0x0000000703400000|100%| O|  |TAMS 0x0000000703400000, 0x0000000703200000| Untracked 
|   8|0x0000000703400000, 0x0000000703600000, 0x0000000703600000|100%| O|  |TAMS 0x0000000703600000, 0x0000000703400000| Untracked 
|   9|0x0000000703600000, 0x0000000703800000, 0x0000000703800000|100%| O|  |TAMS 0x000000070366e400, 0x0000000703600000| Untracked 
|  10|0x0000000703800000, 0x0000000703a00000, 0x0000000703a00000|100%| O|  |TAMS 0x0000000703800000, 0x0000000703800000| Untracked 
|  11|0x0000000703a00000, 0x0000000703c00000, 0x0000000703c00000|100%| O|  |TAMS 0x0000000703c00000, 0x0000000703a00000| Untracked 
|  12|0x0000000703c00000, 0x0000000703e00000, 0x0000000703e00000|100%| O|  |TAMS 0x0000000703e00000, 0x0000000703c00000| Untracked 
|  13|0x0000000703e00000, 0x0000000704000000, 0x0000000704000000|100%| O|  |TAMS 0x0000000703e00000, 0x0000000703e00000| Untracked 
|  14|0x0000000704000000, 0x0000000704117a00, 0x0000000704200000| 54%| O|  |TAMS 0x0000000704000000, 0x0000000704000000| Untracked 
|  15|0x0000000704200000, 0x0000000704400000, 0x0000000704400000|100%| O|  |TAMS 0x0000000704200000, 0x0000000704200000| Untracked 
|  16|0x0000000704400000, 0x0000000704600000, 0x0000000704600000|100%| O|  |TAMS 0x0000000704400000, 0x0000000704400000| Untracked 
|  17|0x0000000704600000, 0x0000000704800000, 0x0000000704800000|100%| O|  |TAMS 0x0000000704600000, 0x0000000704600000| Untracked 
|  18|0x0000000704800000, 0x0000000704a00000, 0x0000000704a00000|100%| O|  |TAMS 0x0000000704800000, 0x0000000704800000| Untracked 
|  19|0x0000000704a00000, 0x0000000704c00000, 0x0000000704c00000|100%| O|  |TAMS 0x0000000704a00000, 0x0000000704a00000| Untracked 
|  20|0x0000000704c00000, 0x0000000704e00000, 0x0000000704e00000|100%| O|  |TAMS 0x0000000704c00000, 0x0000000704c00000| Untracked 
|  21|0x0000000704e00000, 0x0000000704ee5e00, 0x0000000705000000| 44%| O|  |TAMS 0x0000000704e00000, 0x0000000704e00000| Untracked 
|  22|0x0000000705000000, 0x0000000705000000, 0x0000000705200000|  0%| F|  |TAMS 0x0000000705000000, 0x0000000705000000| Untracked 
|  23|0x0000000705200000, 0x0000000705200000, 0x0000000705400000|  0%| F|  |TAMS 0x0000000705200000, 0x0000000705200000| Untracked 
|  24|0x0000000705400000, 0x0000000705400000, 0x0000000705600000|  0%| F|  |TAMS 0x0000000705400000, 0x0000000705400000| Untracked 
|  25|0x0000000705600000, 0x0000000705600000, 0x0000000705800000|  0%| F|  |TAMS 0x0000000705600000, 0x0000000705600000| Untracked 
|  26|0x0000000705800000, 0x0000000705800000, 0x0000000705a00000|  0%| F|  |TAMS 0x0000000705800000, 0x0000000705800000| Untracked 
|  27|0x0000000705a00000, 0x0000000705a00000, 0x0000000705c00000|  0%| F|  |TAMS 0x0000000705a00000, 0x0000000705a00000| Untracked 
|  28|0x0000000705c00000, 0x0000000705c00000, 0x0000000705e00000|  0%| F|  |TAMS 0x0000000705c00000, 0x0000000705c00000| Untracked 
|  29|0x0000000705e00000, 0x0000000705e00000, 0x0000000706000000|  0%| F|  |TAMS 0x0000000705e00000, 0x0000000705e00000| Untracked 
|  30|0x0000000706000000, 0x0000000706000000, 0x0000000706200000|  0%| F|  |TAMS 0x0000000706000000, 0x0000000706000000| Untracked 
|  31|0x0000000706200000, 0x0000000706200000, 0x0000000706400000|  0%| F|  |TAMS 0x0000000706200000, 0x0000000706200000| Untracked 
|  32|0x0000000706400000, 0x0000000706400000, 0x0000000706600000|  0%| F|  |TAMS 0x0000000706400000, 0x0000000706400000| Untracked 
|  33|0x0000000706600000, 0x0000000706600000, 0x0000000706800000|  0%| F|  |TAMS 0x0000000706600000, 0x0000000706600000| Untracked 
|  34|0x0000000706800000, 0x0000000706800000, 0x0000000706a00000|  0%| F|  |TAMS 0x0000000706800000, 0x0000000706800000| Untracked 
|  35|0x0000000706a00000, 0x0000000706a00000, 0x0000000706c00000|  0%| F|  |TAMS 0x0000000706a00000, 0x0000000706a00000| Untracked 
|  36|0x0000000706c00000, 0x0000000706c00000, 0x0000000706e00000|  0%| F|  |TAMS 0x0000000706c00000, 0x0000000706c00000| Untracked 
|  37|0x0000000706e00000, 0x0000000706e00000, 0x0000000707000000|  0%| F|  |TAMS 0x0000000706e00000, 0x0000000706e00000| Untracked 
|  38|0x0000000707000000, 0x0000000707000000, 0x0000000707200000|  0%| F|  |TAMS 0x0000000707000000, 0x0000000707000000| Untracked 
|  39|0x0000000707200000, 0x0000000707200000, 0x0000000707400000|  0%| F|  |TAMS 0x0000000707200000, 0x0000000707200000| Untracked 
|  40|0x0000000707400000, 0x0000000707400000, 0x0000000707600000|  0%| F|  |TAMS 0x0000000707400000, 0x0000000707400000| Untracked 
|  41|0x0000000707600000, 0x0000000707600000, 0x0000000707800000|  0%| F|  |TAMS 0x0000000707600000, 0x0000000707600000| Untracked 
|  42|0x0000000707800000, 0x0000000707800000, 0x0000000707a00000|  0%| F|  |TAMS 0x0000000707800000, 0x0000000707800000| Untracked 
|  43|0x0000000707a00000, 0x0000000707a00000, 0x0000000707c00000|  0%| F|  |TAMS 0x0000000707a00000, 0x0000000707a00000| Untracked 
|  44|0x0000000707c00000, 0x0000000707c00000, 0x0000000707e00000|  0%| F|  |TAMS 0x0000000707c00000, 0x0000000707c00000| Untracked 
|  45|0x0000000707e00000, 0x0000000707e00000, 0x0000000708000000|  0%| F|  |TAMS 0x0000000707e00000, 0x0000000707e00000| Untracked 
|  46|0x0000000708000000, 0x0000000708000000, 0x0000000708200000|  0%| F|  |TAMS 0x0000000708000000, 0x0000000708000000| Untracked 
|  47|0x0000000708200000, 0x0000000708200000, 0x0000000708400000|  0%| F|  |TAMS 0x0000000708200000, 0x0000000708200000| Untracked 
|  48|0x0000000708400000, 0x0000000708400000, 0x0000000708600000|  0%| F|  |TAMS 0x0000000708400000, 0x0000000708400000| Untracked 
|  49|0x0000000708600000, 0x0000000708600000, 0x0000000708800000|  0%| F|  |TAMS 0x0000000708600000, 0x0000000708600000| Untracked 
|  50|0x0000000708800000, 0x0000000708800000, 0x0000000708a00000|  0%| F|  |TAMS 0x0000000708800000, 0x0000000708800000| Untracked 
|  51|0x0000000708a00000, 0x0000000708a00000, 0x0000000708c00000|  0%| F|  |TAMS 0x0000000708a00000, 0x0000000708a00000| Untracked 
|  52|0x0000000708c00000, 0x0000000708c00000, 0x0000000708e00000|  0%| F|  |TAMS 0x0000000708c00000, 0x0000000708c00000| Untracked 
|  53|0x0000000708e00000, 0x0000000708e00000, 0x0000000709000000|  0%| F|  |TAMS 0x0000000708e00000, 0x0000000708e00000| Untracked 
|  54|0x0000000709000000, 0x0000000709000000, 0x0000000709200000|  0%| F|  |TAMS 0x0000000709000000, 0x0000000709000000| Untracked 
|  55|0x0000000709200000, 0x0000000709200000, 0x0000000709400000|  0%| F|  |TAMS 0x0000000709200000, 0x0000000709200000| Untracked 
|  56|0x0000000709400000, 0x0000000709400000, 0x0000000709600000|  0%| F|  |TAMS 0x0000000709400000, 0x0000000709400000| Untracked 
|  57|0x0000000709600000, 0x0000000709600000, 0x0000000709800000|  0%| F|  |TAMS 0x0000000709600000, 0x0000000709600000| Untracked 
|  58|0x0000000709800000, 0x0000000709800000, 0x0000000709a00000|  0%| F|  |TAMS 0x0000000709800000, 0x0000000709800000| Untracked 
|  59|0x0000000709a00000, 0x0000000709a00000, 0x0000000709c00000|  0%| F|  |TAMS 0x0000000709a00000, 0x0000000709a00000| Untracked 
|  60|0x0000000709c00000, 0x0000000709c00000, 0x0000000709e00000|  0%| F|  |TAMS 0x0000000709c00000, 0x0000000709c00000| Untracked 
|  61|0x0000000709e00000, 0x0000000709e00000, 0x000000070a000000|  0%| F|  |TAMS 0x0000000709e00000, 0x0000000709e00000| Untracked 
|  62|0x000000070a000000, 0x000000070a000000, 0x000000070a200000|  0%| F|  |TAMS 0x000000070a000000, 0x000000070a000000| Untracked 
|  63|0x000000070a200000, 0x000000070a200000, 0x000000070a400000|  0%| F|  |TAMS 0x000000070a200000, 0x000000070a200000| Untracked 
|  64|0x000000070a400000, 0x000000070a400000, 0x000000070a600000|  0%| F|  |TAMS 0x000000070a400000, 0x000000070a400000| Untracked 
|  65|0x000000070a600000, 0x000000070a600000, 0x000000070a800000|  0%| F|  |TAMS 0x000000070a600000, 0x000000070a600000| Untracked 
|  66|0x000000070a800000, 0x000000070a800000, 0x000000070aa00000|  0%| F|  |TAMS 0x000000070a800000, 0x000000070a800000| Untracked 
|  67|0x000000070aa00000, 0x000000070aa00000, 0x000000070ac00000|  0%| F|  |TAMS 0x000000070aa00000, 0x000000070aa00000| Untracked 
|  68|0x000000070ac00000, 0x000000070ac00000, 0x000000070ae00000|  0%| F|  |TAMS 0x000000070ac00000, 0x000000070ac00000| Untracked 
|  69|0x000000070ae00000, 0x000000070ae00000, 0x000000070b000000|  0%| F|  |TAMS 0x000000070ae00000, 0x000000070ae00000| Untracked 
|  70|0x000000070b000000, 0x000000070b000000, 0x000000070b200000|  0%| F|  |TAMS 0x000000070b000000, 0x000000070b000000| Untracked 
|  71|0x000000070b200000, 0x000000070b200000, 0x000000070b400000|  0%| F|  |TAMS 0x000000070b200000, 0x000000070b200000| Untracked 
|  72|0x000000070b400000, 0x000000070b400000, 0x000000070b600000|  0%| F|  |TAMS 0x000000070b400000, 0x000000070b400000| Untracked 
|  73|0x000000070b600000, 0x000000070b600000, 0x000000070b800000|  0%| F|  |TAMS 0x000000070b600000, 0x000000070b600000| Untracked 
|  74|0x000000070b800000, 0x000000070b800000, 0x000000070ba00000|  0%| F|  |TAMS 0x000000070b800000, 0x000000070b800000| Untracked 
|  75|0x000000070ba00000, 0x000000070ba00000, 0x000000070bc00000|  0%| F|  |TAMS 0x000000070ba00000, 0x000000070ba00000| Untracked 
|  76|0x000000070bc00000, 0x000000070bc00000, 0x000000070be00000|  0%| F|  |TAMS 0x000000070bc00000, 0x000000070bc00000| Untracked 
|  77|0x000000070be00000, 0x000000070be00000, 0x000000070c000000|  0%| F|  |TAMS 0x000000070be00000, 0x000000070be00000| Untracked 
|  78|0x000000070c000000, 0x000000070c000000, 0x000000070c200000|  0%| F|  |TAMS 0x000000070c000000, 0x000000070c000000| Untracked 
|  79|0x000000070c200000, 0x000000070c200000, 0x000000070c400000|  0%| F|  |TAMS 0x000000070c200000, 0x000000070c200000| Untracked 
|  80|0x000000070c400000, 0x000000070c400000, 0x000000070c600000|  0%| F|  |TAMS 0x000000070c400000, 0x000000070c400000| Untracked 
|  81|0x000000070c600000, 0x000000070c600000, 0x000000070c800000|  0%| F|  |TAMS 0x000000070c600000, 0x000000070c600000| Untracked 
|  82|0x000000070c800000, 0x000000070c800000, 0x000000070ca00000|  0%| F|  |TAMS 0x000000070c800000, 0x000000070c800000| Untracked 
|  83|0x000000070ca00000, 0x000000070ca00000, 0x000000070cc00000|  0%| F|  |TAMS 0x000000070ca00000, 0x000000070ca00000| Untracked 
|  84|0x000000070cc00000, 0x000000070cc00000, 0x000000070ce00000|  0%| F|  |TAMS 0x000000070cc00000, 0x000000070cc00000| Untracked 
|  85|0x000000070ce00000, 0x000000070ce00000, 0x000000070d000000|  0%| F|  |TAMS 0x000000070ce00000, 0x000000070ce00000| Untracked 
|  86|0x000000070d000000, 0x000000070d000000, 0x000000070d200000|  0%| F|  |TAMS 0x000000070d000000, 0x000000070d000000| Untracked 
|  87|0x000000070d200000, 0x000000070d200000, 0x000000070d400000|  0%| F|  |TAMS 0x000000070d200000, 0x000000070d200000| Untracked 
|  88|0x000000070d400000, 0x000000070d400000, 0x000000070d600000|  0%| F|  |TAMS 0x000000070d400000, 0x000000070d400000| Untracked 
|  89|0x000000070d600000, 0x000000070d600000, 0x000000070d800000|  0%| F|  |TAMS 0x000000070d600000, 0x000000070d600000| Untracked 
|  90|0x000000070d800000, 0x000000070d800000, 0x000000070da00000|  0%| F|  |TAMS 0x000000070d800000, 0x000000070d800000| Untracked 
|  91|0x000000070da00000, 0x000000070db34c38, 0x000000070dc00000| 60%| S|CS|TAMS 0x000000070da00000, 0x000000070da00000| Complete 
|  92|0x000000070dc00000, 0x000000070dc00000, 0x000000070de00000|  0%| F|  |TAMS 0x000000070dc00000, 0x000000070dc00000| Untracked 
|  93|0x000000070de00000, 0x000000070de00000, 0x000000070e000000|  0%| F|  |TAMS 0x000000070de00000, 0x000000070de00000| Untracked 
|  94|0x000000070e000000, 0x000000070e000000, 0x000000070e200000|  0%| F|  |TAMS 0x000000070e000000, 0x000000070e000000| Untracked 
| 126|0x0000000712000000, 0x0000000712000000, 0x0000000712200000|  0%| F|  |TAMS 0x0000000712000000, 0x0000000712000000| Untracked 

Card table byte_map: [0x0000029d0f900000,0x0000029d100f0000] _byte_map_base: 0x0000029d0c0ee000

Marking Bits (Prev, Next): (CMBitMap*) 0x0000029d77f3e5a0, (CMBitMap*) 0x0000029d77f3e5e0
 Prev Bits: [0x0000029d108e0000, 0x0000029d14850000)
 Next Bits: [0x0000029d14850000, 0x0000029d187c0000)

Polling page: 0x0000029d75e90000

Metaspace:

Usage:
  Non-class:     31.35 MB used.
      Class:      3.86 MB used.
       Both:     35.21 MB used.

Virtual space:
  Non-class space:       64.00 MB reserved,      31.62 MB ( 49%) committed,  1 nodes.
      Class space:        1.00 GB reserved,       4.06 MB ( <1%) committed,  1 nodes.
             Both:        1.06 GB reserved,      35.69 MB (  3%) committed. 

Chunk freelists:
   Non-Class:  3.74 MB
       Class:  3.90 MB
        Both:  7.64 MB

MaxMetaspaceSize: unlimited
CompressedClassSpaceSize: 1.00 GB
Initial GC threshold: 21.00 MB
Current GC threshold: 59.06 MB
CDS: on
MetaspaceReclaimPolicy: balanced
 - commit_granule_bytes: 65536.
 - commit_granule_words: 8192.
 - virtual_space_node_default_size: 8388608.
 - enlarge_chunks_in_place: 1.
 - new_chunks_are_fully_committed: 0.
 - uncommit_free_chunks: 1.
 - use_allocation_guard: 0.


Internal statistics:

num_allocs_failed_limit: 6.
num_arena_births: 364.
num_arena_deaths: 0.
num_vsnodes_births: 2.
num_vsnodes_deaths: 0.
num_space_committed: 571.
num_space_uncommitted: 0.
num_chunks_returned_to_freelist: 6.
num_chunks_taken_from_freelist: 1587.
num_chunk_merges: 6.
num_chunk_splits: 1131.
num_chunks_enlarged: 888.
num_inconsistent_stats: 0.

CodeHeap 'non-profiled nmethods': size=119168Kb used=4847Kb max_used=4847Kb free=114321Kb
 bounds [0x0000029d07ba0000, 0x0000029d08060000, 0x0000029d0f000000]
CodeHeap 'profiled nmethods': size=119104Kb used=15950Kb max_used=17864Kb free=103153Kb
 bounds [0x0000029d00750000, 0x0000029d018e0000, 0x0000029d07ba0000]
CodeHeap 'non-nmethods': size=7488Kb used=1244Kb max_used=3047Kb free=6243Kb
 bounds [0x0000029d00000000, 0x0000029d00300000, 0x0000029d00750000]
 total_blobs=7859 nmethods=7317 adapters=454
 compilation: enabled
              stopped_count=0, restarted_count=0
 full_count=0

Compilation events (20 events):
Event: 5.728 Thread 0x0000029d1f9812e0 nmethod 8723 0x0000029d011f7590 code [0x0000029d011f7780, 0x0000029d011f7dd8]
Event: 5.729 Thread 0x0000029d1fd51200 nmethod 8722% 0x0000029d08054690 code [0x0000029d08054820, 0x0000029d08054a08]
Event: 5.731 Thread 0x0000029d1b575eb0 nmethod 8721% 0x0000029d08054b90 code [0x0000029d08054d20, 0x0000029d08054f98]
Event: 5.740 Thread 0x0000029d1f978060 8724       3       java.lang.String::regionMatches (189 bytes)
Event: 5.740 Thread 0x0000029d1f978060 nmethod 8724 0x0000029d00ddb810 code [0x0000029d00ddba60, 0x0000029d00ddc738]
Event: 5.757 Thread 0x0000029d1b575eb0 8725       4       org.apache.tomcat.util.bcel.classfile.ConstantPool::<init> (74 bytes)
Event: 5.763 Thread 0x0000029d1b575eb0 nmethod 8725 0x0000029d08055110 code [0x0000029d080552e0, 0x0000029d08055f48]
Event: 5.806 Thread 0x0000029d1b575eb0 8726   !   4       jdk.internal.loader.URLClassPath$JarLoader::checkResource (78 bytes)
Event: 5.813 Thread 0x0000029d1b575eb0 nmethod 8726 0x0000029d08056410 code [0x0000029d08056620, 0x0000029d08056c00]
Event: 5.822 Thread 0x0000029d1fd51200 8727       4       sun.net.www.protocol.jar.Handler::checkNestedProtocol (18 bytes)
Event: 5.827 Thread 0x0000029d1fd51200 nmethod 8727 0x0000029d08057090 code [0x0000029d08057240, 0x0000029d080578d8]
Event: 6.846 Thread 0x0000029d1b575eb0 8728       4       org.apache.tomcat.util.bcel.classfile.ElementValue::readElementValue (489 bytes)
Event: 6.858 Thread 0x0000029d1b5767a0 8730       1       org.apache.catalina.deploy.WebXml::getDisplayName (5 bytes)
Event: 6.859 Thread 0x0000029d1b5767a0 nmethod 8730 0x0000029d08057e10 code [0x0000029d08057fa0, 0x0000029d08058078]
Event: 6.859 Thread 0x0000029d1b5767a0 8731       1       org.apache.catalina.deploy.WebXml::getFilters (5 bytes)
Event: 6.859 Thread 0x0000029d1b5767a0 nmethod 8731 0x0000029d08058110 code [0x0000029d080582a0, 0x0000029d08058378]
Event: 6.859 Thread 0x0000029d1b5767a0 8732       1       org.apache.catalina.deploy.WebXml::getServlets (5 bytes)
Event: 6.859 Thread 0x0000029d1b5767a0 nmethod 8732 0x0000029d08058410 code [0x0000029d080585a0, 0x0000029d08058678]
Event: 6.869 Thread 0x0000029d1b575eb0 nmethod 8728 0x0000029d08058710 code [0x0000029d08058a00, 0x0000029d0805b098]
Event: 6.869 Thread 0x0000029d1b575eb0 8729   !   4       org.apache.catalina.startup.ContextConfig::checkHandlesTypes (453 bytes)

GC Heap History (20 events):
Event: 4.908 GC heap after
{Heap after GC invocations=13 (full 0):
 garbage-first heap   total 122880K, used 38597K [0x0000000702400000, 0x0000000800000000)
  region size 2048K, 3 young (6144K), 3 survivors (6144K)
 Metaspace       used 36019K, committed 36480K, reserved 1114112K
  class space    used 3950K, committed 4160K, reserved 1048576K
}
Event: 5.014 GC heap before
{Heap before GC invocations=13 (full 0):
 garbage-first heap   total 122880K, used 89797K [0x0000000702400000, 0x0000000800000000)
  region size 2048K, 28 young (57344K), 3 survivors (6144K)
 Metaspace       used 36021K, committed 36480K, reserved 1114112K
  class space    used 3950K, committed 4160K, reserved 1048576K
}
Event: 5.018 GC heap after
{Heap after GC invocations=14 (full 0):
 garbage-first heap   total 122880K, used 37844K [0x0000000702400000, 0x0000000800000000)
  region size 2048K, 2 young (4096K), 2 survivors (4096K)
 Metaspace       used 36021K, committed 36480K, reserved 1114112K
  class space    used 3950K, committed 4160K, reserved 1048576K
}
Event: 5.150 GC heap before
{Heap before GC invocations=14 (full 0):
 garbage-first heap   total 122880K, used 91092K [0x0000000702400000, 0x0000000800000000)
  region size 2048K, 28 young (57344K), 2 survivors (4096K)
 Metaspace       used 36034K, committed 36480K, reserved 1114112K
  class space    used 3952K, committed 4160K, reserved 1048576K
}
Event: 5.155 GC heap after
{Heap after GC invocations=15 (full 0):
 garbage-first heap   total 159744K, used 39581K [0x0000000702400000, 0x0000000800000000)
  region size 2048K, 3 young (6144K), 3 survivors (6144K)
 Metaspace       used 36034K, committed 36480K, reserved 1114112K
  class space    used 3952K, committed 4160K, reserved 1048576K
}
Event: 5.345 GC heap before
{Heap before GC invocations=15 (full 0):
 garbage-first heap   total 159744K, used 119453K [0x0000000702400000, 0x0000000800000000)
  region size 2048K, 42 young (86016K), 3 survivors (6144K)
 Metaspace       used 36043K, committed 36480K, reserved 1114112K
  class space    used 3952K, committed 4160K, reserved 1048576K
}
Event: 5.350 GC heap after
{Heap after GC invocations=16 (full 0):
 garbage-first heap   total 159744K, used 41261K [0x0000000702400000, 0x0000000800000000)
  region size 2048K, 4 young (8192K), 4 survivors (8192K)
 Metaspace       used 36043K, committed 36480K, reserved 1114112K
  class space    used 3952K, committed 4160K, reserved 1048576K
}
Event: 5.504 GC heap before
{Heap before GC invocations=16 (full 0):
 garbage-first heap   total 159744K, used 121133K [0x0000000702400000, 0x0000000800000000)
  region size 2048K, 43 young (88064K), 4 survivors (8192K)
 Metaspace       used 36043K, committed 36480K, reserved 1114112K
  class space    used 3952K, committed 4160K, reserved 1048576K
}
Event: 5.508 GC heap after
{Heap after GC invocations=17 (full 0):
 garbage-first heap   total 159744K, used 42086K [0x0000000702400000, 0x0000000800000000)
  region size 2048K, 4 young (8192K), 4 survivors (8192K)
 Metaspace       used 36043K, committed 36480K, reserved 1114112K
  class space    used 3952K, committed 4160K, reserved 1048576K
}
Event: 5.655 GC heap before
{Heap before GC invocations=17 (full 0):
 garbage-first heap   total 159744K, used 121958K [0x0000000702400000, 0x0000000800000000)
  region size 2048K, 43 young (88064K), 4 survivors (8192K)
 Metaspace       used 36048K, committed 36544K, reserved 1114112K
  class space    used 3952K, committed 4160K, reserved 1048576K
}
Event: 5.659 GC heap after
{Heap after GC invocations=18 (full 0):
 garbage-first heap   total 159744K, used 43034K [0x0000000702400000, 0x0000000800000000)
  region size 2048K, 4 young (8192K), 4 survivors (8192K)
 Metaspace       used 36048K, committed 36544K, reserved 1114112K
  class space    used 3952K, committed 4160K, reserved 1048576K
}
Event: 5.832 GC heap before
{Heap before GC invocations=18 (full 0):
 garbage-first heap   total 159744K, used 124954K [0x0000000702400000, 0x0000000800000000)
  region size 2048K, 44 young (90112K), 4 survivors (8192K)
 Metaspace       used 36054K, committed 36544K, reserved 1114112K
  class space    used 3953K, committed 4160K, reserved 1048576K
}
Event: 6.845 GC heap after
{Heap after GC invocations=19 (full 0):
 garbage-first heap   total 196608K, used 43925K [0x0000000702400000, 0x0000000800000000)
  region size 2048K, 4 young (8192K), 4 survivors (8192K)
 Metaspace       used 36054K, committed 36544K, reserved 1114112K
  class space    used 3953K, committed 4160K, reserved 1048576K
}
Event: 6.850 GC heap before
{Heap before GC invocations=19 (full 0):
 garbage-first heap   total 196608K, used 45973K [0x0000000702400000, 0x0000000800000000)
  region size 2048K, 5 young (10240K), 4 survivors (8192K)
 Metaspace       used 36054K, committed 36544K, reserved 1114112K
  class space    used 3953K, committed 4160K, reserved 1048576K
}
Event: 6.852 GC heap after
{Heap after GC invocations=20 (full 0):
 garbage-first heap   total 196608K, used 43476K [0x0000000702400000, 0x0000000800000000)
  region size 2048K, 1 young (2048K), 1 survivors (2048K)
 Metaspace       used 36054K, committed 36544K, reserved 1114112K
  class space    used 3953K, committed 4160K, reserved 1048576K
}
Event: 6.867 GC heap before
{Heap before GC invocations=20 (full 0):
 garbage-first heap   total 196608K, used 49620K [0x0000000702400000, 0x0000000800000000)
  region size 2048K, 4 young (8192K), 1 survivors (2048K)
 Metaspace       used 36054K, committed 36544K, reserved 1114112K
  class space    used 3953K, committed 4160K, reserved 1048576K
}
Event: 6.868 GC heap after
{Heap after GC invocations=21 (full 0):
 garbage-first heap   total 196608K, used 43200K [0x0000000702400000, 0x0000000800000000)
  region size 2048K, 1 young (2048K), 1 survivors (2048K)
 Metaspace       used 36054K, committed 36544K, reserved 1114112K
  class space    used 3953K, committed 4160K, reserved 1048576K
}
Event: 6.883 GC heap before
{Heap before GC invocations=21 (full 0):
 garbage-first heap   total 196608K, used 47296K [0x0000000702400000, 0x0000000800000000)
  region size 2048K, 4 young (8192K), 1 survivors (2048K)
 Metaspace       used 36054K, committed 36544K, reserved 1114112K
  class space    used 3953K, committed 4160K, reserved 1048576K
}
Event: 6.884 GC heap after
{Heap after GC invocations=22 (full 0):
 garbage-first heap   total 196608K, used 43816K [0x0000000702400000, 0x0000000800000000)
  region size 2048K, 1 young (2048K), 1 survivors (2048K)
 Metaspace       used 36054K, committed 36544K, reserved 1114112K
  class space    used 3953K, committed 4160K, reserved 1048576K
}
Event: 6.897 GC heap before
{Heap before GC invocations=22 (full 0):
 garbage-first heap   total 196608K, used 49960K [0x0000000702400000, 0x0000000800000000)
  region size 2048K, 4 young (8192K), 1 survivors (2048K)
 Metaspace       used 36054K, committed 36544K, reserved 1114112K
  class space    used 3953K, committed 4160K, reserved 1048576K
}

Deoptimization events (20 events):
Event: 5.640 Thread 0x0000029d240936a0 DEOPT PACKING pc=0x0000029d0800a194 sp=0x000000cc8f5fecc0
Event: 5.640 Thread 0x0000029d240936a0 DEOPT UNPACKING pc=0x0000029d000523a3 sp=0x000000cc8f5fec98 mode 2
Event: 5.726 Thread 0x0000029d240936a0 Uncommon trap: trap_request=0xffffff45 fr.pc=0x0000029d07fc6124 relative=0x0000000000007084
Event: 5.726 Thread 0x0000029d240936a0 Uncommon trap: reason=unstable_if action=reinterpret pc=0x0000029d07fc6124 method=org.apache.tomcat.util.bcel.classfile.Constant.readConstant(Ljava/io/DataInputStream;)Lorg/apache/tomcat/util/bcel/classfile/Constant; @ 6 c2
Event: 5.726 Thread 0x0000029d240936a0 DEOPT PACKING pc=0x0000029d07fc6124 sp=0x000000cc8f5fed00
Event: 5.726 Thread 0x0000029d240936a0 DEOPT UNPACKING pc=0x0000029d000523a3 sp=0x000000cc8f5fec68 mode 2
Event: 5.731 Thread 0x0000029d240936a0 DEOPT PACKING pc=0x0000029d011f7d1d sp=0x000000cc8f5fed20
Event: 5.731 Thread 0x0000029d240936a0 DEOPT UNPACKING pc=0x0000029d00052b43 sp=0x000000cc8f5fe1d8 mode 0
Event: 5.736 Thread 0x0000029d240936a0 DEOPT PACKING pc=0x0000029d011f7d1d sp=0x000000cc8f5fed20
Event: 5.736 Thread 0x0000029d240936a0 DEOPT UNPACKING pc=0x0000029d00052b43 sp=0x000000cc8f5fe1d8 mode 0
Event: 5.741 Thread 0x0000029d240936a0 DEOPT PACKING pc=0x0000029d011f7d1d sp=0x000000cc8f5fed20
Event: 5.741 Thread 0x0000029d240936a0 DEOPT UNPACKING pc=0x0000029d00052b43 sp=0x000000cc8f5fe1d8 mode 0
Event: 5.746 Thread 0x0000029d240936a0 DEOPT PACKING pc=0x0000029d011f7d1d sp=0x000000cc8f5fed20
Event: 5.746 Thread 0x0000029d240936a0 DEOPT UNPACKING pc=0x0000029d00052b43 sp=0x000000cc8f5fe1d8 mode 0
Event: 5.752 Thread 0x0000029d240936a0 DEOPT PACKING pc=0x0000029d011f7d1d sp=0x000000cc8f5fed20
Event: 5.752 Thread 0x0000029d240936a0 DEOPT UNPACKING pc=0x0000029d00052b43 sp=0x000000cc8f5fe1d8 mode 0
Event: 5.757 Thread 0x0000029d240936a0 DEOPT PACKING pc=0x0000029d011f7d1d sp=0x000000cc8f5fed20
Event: 5.757 Thread 0x0000029d240936a0 DEOPT UNPACKING pc=0x0000029d00052b43 sp=0x000000cc8f5fe1d8 mode 0
Event: 5.761 Thread 0x0000029d240936a0 DEOPT PACKING pc=0x0000029d011f7d1d sp=0x000000cc8f5fed20
Event: 5.761 Thread 0x0000029d240936a0 DEOPT UNPACKING pc=0x0000029d00052b43 sp=0x000000cc8f5fe1d8 mode 0

Classes loaded (20 events):
Event: 4.354 Loading class sun/net/www/MimeTable$DefaultInstanceHolder
Event: 4.354 Loading class sun/net/www/MimeTable$DefaultInstanceHolder done
Event: 4.354 Loading class sun/net/www/MimeTable$DefaultInstanceHolder$1
Event: 4.354 Loading class sun/net/www/MimeTable$DefaultInstanceHolder$1 done
Event: 4.355 Loading class sun/net/www/MimeEntry
Event: 4.355 Loading class sun/net/www/MimeEntry done
Event: 4.363 Loading class com/sun/org/apache/xerces/internal/util/EncodingMap
Event: 4.363 Loading class com/sun/org/apache/xerces/internal/util/EncodingMap done
Event: 4.401 Loading class javax/naming/directory/Attribute
Event: 4.401 Loading class javax/naming/directory/Attribute done
Event: 4.448 Loading class javax/naming/Binding
Event: 4.448 Loading class javax/naming/NameClassPair
Event: 4.448 Loading class javax/naming/NameClassPair done
Event: 4.448 Loading class javax/naming/Binding done
Event: 4.499 Loading class java/util/zip/ZipFile$ZipEntryIterator
Event: 4.499 Loading class java/util/zip/ZipFile$ZipEntryIterator done
Event: 5.726 Loading class java/lang/Throwable$WrappedPrintWriter
Event: 5.726 Loading class java/lang/Throwable$PrintStreamOrWriter
Event: 5.726 Loading class java/lang/Throwable$PrintStreamOrWriter done
Event: 5.726 Loading class java/lang/Throwable$WrappedPrintWriter done

Classes unloaded (0 events):
No events

Classes redefined (0 events):
No events

Internal exceptions (20 events):
Event: 3.204 Thread 0x0000029d77ec9490 Exception <a 'sun/nio/fs/WindowsException'{0x000000070c3717d8}> (0x000000070c3717d8) 
thrown [s\open\src\hotspot\share\prims\jni.cpp, line 516]
Event: 3.204 Thread 0x0000029d77ec9490 Exception <a 'sun/nio/fs/WindowsException'{0x000000070c374100}> (0x000000070c374100) 
thrown [s\open\src\hotspot\share\prims\jni.cpp, line 516]
Event: 3.204 Thread 0x0000029d77ec9490 Exception <a 'sun/nio/fs/WindowsException'{0x000000070c3743f0}> (0x000000070c3743f0) 
thrown [s\open\src\hotspot\share\prims\jni.cpp, line 516]
Event: 3.204 Thread 0x0000029d77ec9490 Exception <a 'sun/nio/fs/WindowsException'{0x000000070c375888}> (0x000000070c375888) 
thrown [s\open\src\hotspot\share\prims\jni.cpp, line 516]
Event: 3.204 Thread 0x0000029d77ec9490 Exception <a 'sun/nio/fs/WindowsException'{0x000000070c375c00}> (0x000000070c375c00) 
thrown [s\open\src\hotspot\share\prims\jni.cpp, line 516]
Event: 3.217 Thread 0x0000029d77ec9490 Exception <a 'java/lang/NoSuchMethodError'{0x000000070c395910}: 'int java.lang.invoke.DirectMethodHandle$Holder.invokeVirtual(java.lang.Object, java.lang.Object, java.lang.Object, java.lang.Object)'> (0x000000070c395910) 
thrown [s\open\src\hotspot\share\interpreter\linkResolver.cpp, line 759]
Event: 3.219 Thread 0x0000029d77ec9490 Exception <a 'java/lang/NoSuchMethodError'{0x000000070c3a0ae8}: 'java.lang.Object java.lang.invoke.DirectMethodHandle$Holder.newInvokeSpecial(java.lang.Object, java.lang.Object, int, java.lang.Object)'> (0x000000070c3a0ae8) 
thrown [s\open\src\hotspot\share\interpreter\linkResolver.cpp, line 759]
Event: 3.237 Thread 0x0000029d77ec9490 Exception <a 'sun/nio/fs/WindowsException'{0x000000070c003b28}> (0x000000070c003b28) 
thrown [s\open\src\hotspot\share\prims\jni.cpp, line 516]
Event: 3.252 Thread 0x0000029d77ec9490 Exception <a 'sun/nio/fs/WindowsException'{0x000000070c0d6b70}> (0x000000070c0d6b70) 
thrown [s\open\src\hotspot\share\prims\jni.cpp, line 516]
Event: 3.257 Thread 0x0000029d77ec9490 Exception <a 'sun/nio/fs/WindowsException'{0x000000070c1099d0}> (0x000000070c1099d0) 
thrown [s\open\src\hotspot\share\prims\jni.cpp, line 516]
Event: 3.263 Thread 0x0000029d77ec9490 Exception <a 'sun/nio/fs/WindowsException'{0x000000070c16e118}> (0x000000070c16e118) 
thrown [s\open\src\hotspot\share\prims\jni.cpp, line 516]
Event: 3.268 Thread 0x0000029d77ec9490 Exception <a 'sun/nio/fs/WindowsException'{0x000000070c1bcea8}> (0x000000070c1bcea8) 
thrown [s\open\src\hotspot\share\prims\jni.cpp, line 516]
Event: 3.984 Thread 0x0000029d77ec9490 Exception <a 'java/io/FileNotFoundException'{0x000000070831c300}> (0x000000070831c300) 
thrown [s\open\src\hotspot\share\prims\jni.cpp, line 516]
Event: 4.069 Thread 0x0000029d77ec9490 Exception <a 'java/lang/NoSuchMethodError'{0x0000000708085160}: 'java.lang.Object java.lang.invoke.DirectMethodHandle$Holder.invokeStaticInit(java.lang.Object, java.lang.Object, int, int, int, int)'> (0x0000000708085160) 
thrown [s\open\src\hotspot\share\interpreter\linkResolver.cpp, line 759]
Event: 4.139 Thread 0x0000029d77ec9490 Exception <a 'java/lang/NoSuchMethodError'{0x0000000707d8b110}: 'int java.lang.invoke.DelegatingMethodHandle$Holder.reinvoke_L(java.lang.Object, java.lang.Object, java.lang.Object, java.lang.Object)'> (0x0000000707d8b110) 
thrown [s\open\src\hotspot\share\interpreter\linkResolver.cpp, line 759]
Event: 4.157 Thread 0x0000029d77ec9490 Exception <a 'java/lang/IncompatibleClassChangeError'{0x0000000707a324e0}: Found class java.lang.Object, but interface was expected> (0x0000000707a324e0) 
thrown [s\open\src\hotspot\share\interpreter\linkResolver.cpp, line 826]
Event: 4.303 Thread 0x0000029d77ec9490 Exception <a 'java/lang/ClassNotFoundException'{0x000000070c91f520}: sun/util/logging/resources/spi/loggingProvider> (0x000000070c91f520) 
thrown [s\open\src\hotspot\share\classfile\systemDictionary.cpp, line 255]
Event: 4.355 Thread 0x0000029d240936a0 Implicit null exception at 0x0000029d07e8b072 to 0x0000029d07e8b41c
Event: 4.355 Thread 0x0000029d240936a0 Implicit null exception at 0x0000029d07e831f2 to 0x0000029d07e835a8
Event: 4.367 Thread 0x0000029d240936a0 Exception <a 'java/lang/NoSuchMethodError'{0x000000070c5e95f8}: 'void java.lang.invoke.DirectMethodHandle$Holder.invokeVirtual(java.lang.Object, java.lang.Object, java.lang.Object, java.lang.Object)'> (0x000000070c5e95f8) 
thrown [s\open\src\hotspot\share\interpreter\linkResolver.cpp, line 759]

VM Operations (20 events):
Event: 4.908 Executing VM operation: G1CollectForAllocation done
Event: 5.014 Executing VM operation: G1CollectForAllocation
Event: 5.018 Executing VM operation: G1CollectForAllocation done
Event: 5.150 Executing VM operation: G1CollectForAllocation
Event: 5.155 Executing VM operation: G1CollectForAllocation done
Event: 5.345 Executing VM operation: G1CollectForAllocation
Event: 5.350 Executing VM operation: G1CollectForAllocation done
Event: 5.504 Executing VM operation: G1CollectForAllocation
Event: 5.508 Executing VM operation: G1CollectForAllocation done
Event: 5.655 Executing VM operation: G1CollectForAllocation
Event: 5.659 Executing VM operation: G1CollectForAllocation done
Event: 5.832 Executing VM operation: G1CollectForAllocation
Event: 6.845 Executing VM operation: G1CollectForAllocation done
Event: 6.849 Executing VM operation: G1CollectForAllocation
Event: 6.852 Executing VM operation: G1CollectForAllocation done
Event: 6.867 Executing VM operation: G1CollectForAllocation
Event: 6.868 Executing VM operation: G1CollectForAllocation done
Event: 6.883 Executing VM operation: G1CollectForAllocation
Event: 6.884 Executing VM operation: G1CollectForAllocation done
Event: 6.897 Executing VM operation: G1CollectForAllocation

Events (20 events):
Event: 4.700 Thread 0x0000029d1b5774a0 flushing nmethod 0x0000029d01787010
Event: 4.700 Thread 0x0000029d1b5774a0 flushing nmethod 0x0000029d01789f90
Event: 4.700 Thread 0x0000029d1b5774a0 flushing nmethod 0x0000029d017a6590
Event: 4.700 Thread 0x0000029d1b5774a0 flushing nmethod 0x0000029d017b8e10
Event: 4.700 Thread 0x0000029d1b5774a0 flushing nmethod 0x0000029d017c9d10
Event: 4.700 Thread 0x0000029d1b5774a0 flushing nmethod 0x0000029d01818a90
Event: 4.700 Thread 0x0000029d1b5774a0 flushing nmethod 0x0000029d0181b390
Event: 4.700 Thread 0x0000029d1b5774a0 flushing nmethod 0x0000029d0181f490
Event: 4.700 Thread 0x0000029d1b5774a0 flushing nmethod 0x0000029d0181fd90
Event: 4.700 Thread 0x0000029d1b5774a0 flushing nmethod 0x0000029d01845890
Event: 4.700 Thread 0x0000029d1b5774a0 flushing nmethod 0x0000029d0186ac90
Event: 4.700 Thread 0x0000029d1b5774a0 flushing nmethod 0x0000029d01874110
Event: 5.010 Thread 0x0000029d204ff4b0 Thread exited: 0x0000029d204ff4b0
Event: 5.019 Thread 0x0000029d204fe070 Thread exited: 0x0000029d204fe070
Event: 5.329 Thread 0x0000029d205008f0 Thread exited: 0x0000029d205008f0
Event: 5.643 Thread 0x0000029d2026b090 Thread exited: 0x0000029d2026b090
Event: 6.846 Thread 0x0000029d1f9812e0 Thread exited: 0x0000029d1f9812e0
Event: 6.846 Thread 0x0000029d1fd51200 Thread exited: 0x0000029d1fd51200
Event: 6.857 Thread 0x0000029d1f97ab80 Thread exited: 0x0000029d1f97ab80
Event: 6.857 Thread 0x0000029d1f978060 Thread exited: 0x0000029d1f978060


Dynamic libraries:
0x00007ff7b6bf0000 - 0x00007ff7b6c00000 	C:\Program Files\Java\jdk-18.0.2.1\bin\java.exe
0x00007ffd04360000 - 0x00007ffd045c6000 	C:\WINDOWS\SYSTEM32\ntdll.dll
0x00007ffd02930000 - 0x00007ffd029f9000 	C:\WINDOWS\System32\KERNEL32.DLL
0x00007ffd01b10000 - 0x00007ffd01edb000 	C:\WINDOWS\System32\KERNELBASE.dll
0x00007ffd015b0000 - 0x00007ffd016fb000 	C:\WINDOWS\System32\ucrtbase.dll
0x00007ffcec480000 - 0x00007ffcec49a000 	C:\Program Files\Java\jdk-18.0.2.1\bin\VCRUNTIME140.dll
0x00007ffcec460000 - 0x00007ffcec478000 	C:\Program Files\Java\jdk-18.0.2.1\bin\jli.dll
0x00007ffd022f0000 - 0x00007ffd023a2000 	C:\WINDOWS\System32\ADVAPI32.dll
0x00007ffd04080000 - 0x00007ffd04129000 	C:\WINDOWS\System32\msvcrt.dll
0x00007ffd02a00000 - 0x00007ffd02aa6000 	C:\WINDOWS\System32\sechost.dll
0x00007ffd035a0000 - 0x00007ffd036b5000 	C:\WINDOWS\System32\RPCRT4.dll
0x00007ffd03ca0000 - 0x00007ffd03e6a000 	C:\WINDOWS\System32\USER32.dll
0x00007ffd01ee0000 - 0x00007ffd01f07000 	C:\WINDOWS\System32\win32u.dll
0x00007ffd02900000 - 0x00007ffd0292b000 	C:\WINDOWS\System32\GDI32.dll
0x00007ffd01940000 - 0x00007ffd01a72000 	C:\WINDOWS\System32\gdi32full.dll
0x00007ffcdfff0000 - 0x00007ffce0287000 	C:\WINDOWS\WinSxS\amd64_microsoft.windows.common-controls_6595b64144ccf1df_6.0.26100.5516_none_3e073f78e335730c\COMCTL32.dll
0x00007ffd02090000 - 0x00007ffd02133000 	C:\WINDOWS\System32\msvcp_win.dll
0x00007ffcfad00000 - 0x00007ffcfad0b000 	C:\WINDOWS\SYSTEM32\VERSION.dll
0x00007ffd02e30000 - 0x00007ffd02e60000 	C:\WINDOWS\System32\IMM32.DLL
0x00007ffcec450000 - 0x00007ffcec45c000 	C:\Program Files\Java\jdk-18.0.2.1\bin\vcruntime140_1.dll
0x00007ffcdafd0000 - 0x00007ffcdb05d000 	C:\Program Files\Java\jdk-18.0.2.1\bin\msvcp140.dll
0x00007ffc310e0000 - 0x00007ffc31cf1000 	C:\Program Files\Java\jdk-18.0.2.1\bin\server\jvm.dll
0x00007ffd02460000 - 0x00007ffd02468000 	C:\WINDOWS\System32\PSAPI.DLL
0x00007ffcf0180000 - 0x00007ffcf01b6000 	C:\WINDOWS\SYSTEM32\WINMM.dll
0x00007ffc30ff0000 - 0x00007ffc30ffa000 	C:\WINDOWS\SYSTEM32\WSOCK32.dll
0x00007ffd03840000 - 0x00007ffd038b4000 	C:\WINDOWS\System32\WS2_32.dll
0x00007ffd00420000 - 0x00007ffd0043a000 	C:\WINDOWS\SYSTEM32\kernel.appcore.dll
0x00007ffcec420000 - 0x00007ffcec42a000 	C:\Program Files\Java\jdk-18.0.2.1\bin\jimage.dll
0x00007ffcf66a0000 - 0x00007ffcf68e1000 	C:\WINDOWS\SYSTEM32\DBGHELP.DLL
0x00007ffd038c0000 - 0x00007ffd03c44000 	C:\WINDOWS\System32\combase.dll
0x00007ffd03760000 - 0x00007ffd03836000 	C:\WINDOWS\System32\OLEAUT32.dll
0x00007ffcdad80000 - 0x00007ffcdadb9000 	C:\WINDOWS\SYSTEM32\dbgcore.DLL
0x00007ffd01510000 - 0x00007ffd015a9000 	C:\WINDOWS\System32\bcryptPrimitives.dll
0x00007ffcec410000 - 0x00007ffcec41e000 	C:\Program Files\Java\jdk-18.0.2.1\bin\instrument.dll
0x00007ffce9b20000 - 0x00007ffce9b45000 	C:\Program Files\Java\jdk-18.0.2.1\bin\java.dll
0x00007ffcc2300000 - 0x00007ffcc23d6000 	C:\Program Files\Java\jdk-18.0.2.1\bin\jsvml.dll
0x00007ffd02e70000 - 0x00007ffd0359b000 	C:\WINDOWS\System32\SHELL32.dll
0x00007ffd01700000 - 0x00007ffd01874000 	C:\WINDOWS\System32\wintypes.dll
0x00007ffcff1e0000 - 0x00007ffcffa33000 	C:\WINDOWS\SYSTEM32\windows.storage.dll
0x00007ffd021f0000 - 0x00007ffd022de000 	C:\WINDOWS\System32\SHCORE.dll
0x00007ffd02140000 - 0x00007ffd021a6000 	C:\WINDOWS\System32\shlwapi.dll
0x00007ffd01420000 - 0x00007ffd0144f000 	C:\WINDOWS\SYSTEM32\profapi.dll
0x00007ffcec3d0000 - 0x00007ffcec3e8000 	C:\Program Files\Java\jdk-18.0.2.1\bin\zip.dll
0x00007ffcec2d0000 - 0x00007ffcec2e3000 	C:\Program Files\Java\jdk-18.0.2.1\bin\net.dll
0x00007ffcf99a0000 - 0x00007ffcf9abe000 	C:\WINDOWS\SYSTEM32\WINHTTP.dll
0x00007ffd00920000 - 0x00007ffd0098a000 	C:\WINDOWS\system32\mswsock.dll
0x00007ffce9b00000 - 0x00007ffce9b16000 	C:\Program Files\Java\jdk-18.0.2.1\bin\nio.dll
0x00007ffce9ad0000 - 0x00007ffce9af4000 	C:\Users\29348\AppData\Local\Temp\jansi-2.4.1-3c117ef74597469c-jansi.dll
0x00007ffcddbf0000 - 0x00007ffcddc00000 	C:\Program Files\Java\jdk-18.0.2.1\bin\verify.dll
0x00007ffd00ce0000 - 0x00007ffd00cfa000 	C:\WINDOWS\SYSTEM32\CRYPTSP.dll
0x00007ffd00380000 - 0x00007ffd003ba000 	C:\WINDOWS\system32\rsaenh.dll
0x00007ffd009c0000 - 0x00007ffd009eb000 	C:\WINDOWS\SYSTEM32\USERENV.dll
0x00007ffd00e70000 - 0x00007ffd00e96000 	C:\WINDOWS\SYSTEM32\bcrypt.dll
0x00007ffd00b50000 - 0x00007ffd00b5c000 	C:\WINDOWS\SYSTEM32\CRYPTBASE.dll
0x00007ffcffdf0000 - 0x00007ffcffe23000 	C:\WINDOWS\SYSTEM32\IPHLPAPI.DLL
0x00007ffd021d0000 - 0x00007ffd021da000 	C:\WINDOWS\System32\NSI.dll
0x00007ffcf9cb0000 - 0x00007ffcf9cce000 	C:\WINDOWS\SYSTEM32\dhcpcsvc6.DLL
0x00007ffcf98b0000 - 0x00007ffcf98d5000 	C:\WINDOWS\SYSTEM32\dhcpcsvc.DLL
0x00007ffcffe90000 - 0x00007ffcfffb6000 	C:\WINDOWS\SYSTEM32\DNSAPI.dll
0x00007ffcddbe0000 - 0x00007ffcddbe9000 	C:\Program Files\Java\jdk-18.0.2.1\bin\management.dll
0x00007ffcddbd0000 - 0x00007ffcddbdb000 	C:\Program Files\Java\jdk-18.0.2.1\bin\management_ext.dll

dbghelp: loaded successfully - version: 4.0.5 - missing functions: none
symbol engine: initialized successfully - sym options: 0x614 - pdb path: .;C:\Program Files\Java\jdk-18.0.2.1\bin;C:\WINDOWS\SYSTEM32;C:\WINDOWS\WinSxS\amd64_microsoft.windows.common-controls_6595b64144ccf1df_6.0.26100.5516_none_3e073f78e335730c;C:\Program Files\Java\jdk-18.0.2.1\bin\server;C:\Users\29348\AppData\Local\Temp

VM Arguments:
jvm_args: -Dmaven.multiModuleProjectDirectory=D:\Project\JavaEEProject\manager -Djansi.passthrough=true -Dmaven.home=D:/APP/IntelliJ IDEA 2025.1/plugins/maven/lib/maven3 -Dclassworlds.conf=D:\APP\IntelliJ IDEA 2025.1\plugins\maven\lib\maven3\bin\m2.conf -Dmaven.ext.class.path=D:\APP\IntelliJ IDEA 2025.1\plugins\maven\lib\maven-event-listener.jar -javaagent:D:\APP\IntelliJ IDEA 2025.1\lib\idea_rt.jar=61601 -Dfile.encoding=UTF-8 -Dsun.stdout.encoding=UTF-8 -Dsun.stderr.encoding=UTF-8 
java_command: org.codehaus.classworlds.Launcher -Didea.version=2025.1 tomcat7:run
java_class_path (initial): D:\APP\IntelliJ IDEA 2025.1\plugins\maven\lib\maven3\boot\plexus-classworlds-2.8.0.jar;D:\APP\IntelliJ IDEA 2025.1\plugins\maven\lib\maven3\boot\plexus-classworlds.license
Launcher Type: SUN_STANDARD

[Global flags]
     intx CICompilerCount                          = 12                                        {product} {ergonomic}
     uint ConcGCThreads                            = 3                                         {product} {ergonomic}
     uint G1ConcRefinementThreads                  = 13                                        {product} {ergonomic}
   size_t G1HeapRegionSize                         = 2097152                                   {product} {ergonomic}
    uintx GCDrainStackTargetSize                   = 64                                        {product} {ergonomic}
   size_t InitialHeapSize                          = 266338304                                 {product} {ergonomic}
   size_t MarkStackSize                            = 4194304                                   {product} {ergonomic}
   size_t MaxHeapSize                              = 4257218560                                {product} {ergonomic}
   size_t MaxNewSize                               = 2554331136                                {product} {ergonomic}
   size_t MinHeapDeltaBytes                        = 2097152                                   {product} {ergonomic}
   size_t MinHeapSize                              = 8388608                                   {product} {ergonomic}
    uintx NonNMethodCodeHeapSize                   = 7602480                                {pd product} {ergonomic}
    uintx NonProfiledCodeHeapSize                  = 122027880                              {pd product} {ergonomic}
    uintx ProfiledCodeHeapSize                     = 122027880                              {pd product} {ergonomic}
    uintx ReservedCodeCacheSize                    = 251658240                              {pd product} {ergonomic}
     bool SegmentedCodeCache                       = true                                      {product} {ergonomic}
   size_t SoftMaxHeapSize                          = 4257218560                             {manageable} {ergonomic}
     bool UseCompressedClassPointers               = true                           {product lp64_product} {ergonomic}
     bool UseCompressedOops                        = true                           {product lp64_product} {ergonomic}
     bool UseG1GC                                  = true                                      {product} {ergonomic}
     bool UseLargePagesIndividualAllocation        = false                                  {pd product} {ergonomic}

Logging:
Log output configuration:
 #0: stdout all=warning uptime,level,tags foldmultilines=false
 #1: stderr all=off uptime,level,tags foldmultilines=false

Environment Variables:
JAVA_HOME=C:\Program Files\Java\jdk-18.0.2.1
CLASSPATH=.;C:\Program Files\Java\jdk-18.0.2.1\lib\dt.jar;C:\Program Files\Java\jdk-18.0.2.1\lib\tools.jar;C:\Program Files\Java\jdk-18.0.2.1\lib;
PATH=C:\Program Files\Java\jdk-18.0.2.1\bin;C:\Program Files\Common Files\Oracle\Java\javapath;C:\WINDOWS\system32;C:\WINDOWS;C:\WINDOWS\System32\Wbem;C:\WINDOWS\System32\WindowsPowerShell\v1.0\;C:\WINDOWS\System32\OpenSSH\;%CATALIN A_HOM E%\bin;D:\Down\apache-maven-3.9.9-bin\apache-maven-3.9.9\bin;D:\APP\峚陓web羲楷氪馱撿\dll;D:\APP;nodejs\;D:\APP\nodejs\node_global;D:\APP\nodejs\node_cache;D:\APP\nodejs;D:\Down\Git\cmd;C:\Users\29348\AppData\Local\Microsoft\WindowsApps;D:\APP\Microsoft VS Code\bin;C:\Users\29348\AppData\Local\Programs\cursor\resources\app\bin;E:\Program Files\nodejs\node_global;;D:\APP\IntelliJ IDEA 2025.1\bin;
USERNAME=29348
OS=Windows_NT
PROCESSOR_IDENTIFIER=AMD64 Family 25 Model 80 Stepping 0, AuthenticAMD



---------------  S Y S T E M  ---------------

OS:
 Windows 11 , 64 bit Build 26100 (10.0.26100.5518)
OS uptime: 0 days 0:19 hours
Hyper-V role detected

CPU: total 16 (initial active 16) (16 cores per cpu, 2 threads per core) family 25 model 80 stepping 0 microcode 0xa50000f, cx8, cmov, fxsr, ht, mmx, 3dnowpref, sse, sse2, sse3, ssse3, sse4a, sse4.1, sse4.2, popcnt, lzcnt, tsc, tscinvbit, avx, avx2, aes, erms, clmul, bmi1, bmi2, adx, sha, fma, vzeroupper, clflush, clflushopt, hv

Memory: 4k page, system-wide physical 16236M (6159M free)
TotalPageFile size 16236M (AvailPageFile size 68M)
current process WorkingSet (physical memory assigned to process): 396M, peak: 397M
current process commit charge ("private bytes"): 476M, peak: 539M

vm_info: Java HotSpot(TM) 64-Bit Server VM (18.0.2.1+1-1) for windows-amd64 JRE (18.0.2.1+1-1), built on Aug 16 2022 01:46:33 by "mach5one" with MS VC++ 16.8 / 16.9 (VS2019)

END.
