#
# There is insufficient memory for the Java Runtime Environment to continue.
# Native memory allocation (malloc) failed to allocate 2043904 bytes for Chunk::new
# Possible reasons:
#   The system is out of physical RAM or swap space
#   The process is running with CompressedOops enabled, and the Java Heap may be blocking the growth of the native heap
# Possible solutions:
#   Reduce memory load on the system
#   Increase physical memory or swap space
#   Check if swap backing store is full
#   Decrease Java heap size (-Xmx/-Xms)
#   Decrease number of Java threads
#   Decrease Java thread stack sizes (-Xss)
#   Set larger code cache with -XX:ReservedCodeCacheSize=
#   JVM is running with Zero Based Compressed Oops mode in which the Java heap is
#     placed in the first 32GB address space. The Java Heap base address is the
#     maximum limit for the native heap growth. Please use -XX:HeapBaseMinAddress
#     to set the Java Heap base and to place the Java Heap above 32GB virtual address.
# This output file may be truncated or incomplete.
#
#  Out of Memory Error (arena.cpp:184), pid=14988, tid=11128
#
# JRE version: Java(TM) SE Runtime Environment (18.0.2.1+1) (build 18.0.2.1+1-1)
# Java VM: Java HotSpot(TM) 64-Bit Server VM (18.0.2.1+1-1, mixed mode, sharing, tiered, compressed oops, compressed class ptrs, g1 gc, windows-amd64)
# No core dump will be written. Minidumps are not enabled by default on client versions of Windows
#

---------------  S U M M A R Y ------------

Command Line: -Dmaven.multiModuleProjectDirectory=D:\Project\JavaEEProject\manager -Djansi.passthrough=true -Dmaven.home=D:/APP/陔膘恅璃標/IntelliJ IDEA 2025.1/plugins/maven/lib/maven3 -Dclassworlds.conf=D:\APP\陔膘恅璃標\IntelliJ IDEA 2025.1\plugins\maven\lib\maven3\bin\m2.conf -Dmaven.ext.class.path=D:\APP\陔膘恅璃標\IntelliJ IDEA 2025.1\plugins\maven\lib\maven-event-listener.jar -javaagent:D:\APP\陔膘恅璃標\IntelliJ IDEA 2025.1\lib\idea_rt.jar=63341 -Dfile.encoding=UTF-8 -Dsun.stdout.encoding=UTF-8 -Dsun.stderr.encoding=UTF-8 org.codehaus.classworlds.Launcher -Didea.version=2025.1 tomcat7:run

Host: AMD Ryzen 7 5800H with Radeon Graphics         , 16 cores, 13G,  Windows 11 , 64 bit Build 26100 (10.0.26100.5518)
Time: Thu May 22 14:05:02 2025  Windows 11 , 64 bit Build 26100 (10.0.26100.5518) elapsed time: 5.121504 seconds (0d 0h 0m 5s)

---------------  T H R E A D  ---------------

Current thread (0x0000017305d4f5b0):  JavaThread "C2 CompilerThread0" daemon [_thread_in_native, id=11128, stack(0x0000004410200000,0x0000004410300000)]


Current CompileTask:
C2:   5121 5269   !   4       com.google.inject.spi.InjectionPoint::getInjectionPoints (491 bytes)

Stack: [0x0000004410200000,0x0000004410300000]
Native frames: (J=compiled Java code, j=interpreted, Vv=VM code, C=native code)
V  [jvm.dll+0x6993aa]
V  [jvm.dll+0x7f46dd]
V  [jvm.dll+0x7f5fee]
V  [jvm.dll+0x7f66a3]
V  [jvm.dll+0x25cf1f]
V  [jvm.dll+0xb8c2f]
V  [jvm.dll+0xb8fa5]
V  [jvm.dll+0x3860cb]
V  [jvm.dll+0x34fe71]
V  [jvm.dll+0x34f30a]
V  [jvm.dll+0x230101]
V  [jvm.dll+0x22f4d1]
V  [jvm.dll+0x1ba01c]
V  [jvm.dll+0x23ee0a]
V  [jvm.dll+0x23d0f5]
V  [jvm.dll+0x7a6dd1]
V  [jvm.dll+0x7a120a]
V  [jvm.dll+0x698255]
C  [ucrtbase.dll+0x37b0]
C  [KERNEL32.DLL+0x2e8d7]
C  [ntdll.dll+0x9c5dc]


---------------  P R O C E S S  ---------------

Threads class SMR info:
_java_thread_list=0x000001730c1d7ea0, length=17, elements={
0x0000017362fd5570, 0x0000017305d2d560, 0x0000017305d2fe20, 0x0000017305d4afb0,
0x0000017305d4b860, 0x0000017305d4c110, 0x0000017305d4c9c0, 0x0000017305d4f5b0,
0x0000017305d4fea0, 0x0000017305d5bca0, 0x000001730a08a1b0, 0x0000017305d19000,
0x000001730a1d09a0, 0x000001730a1d0e60, 0x000001730a340010, 0x000001730acc8d30,
0x000001730ada5b80
}

Java Threads: ( => current thread )
  0x0000017362fd5570 JavaThread "main" [_thread_in_vm, id=20808, stack(0x000000440f500000,0x000000440f600000)]
  0x0000017305d2d560 JavaThread "Reference Handler" daemon [_thread_blocked, id=21340, stack(0x000000440fc00000,0x000000440fd00000)]
  0x0000017305d2fe20 JavaThread "Finalizer" daemon [_thread_blocked, id=20856, stack(0x000000440fd00000,0x000000440fe00000)]
  0x0000017305d4afb0 JavaThread "Signal Dispatcher" daemon [_thread_blocked, id=22548, stack(0x000000440fe00000,0x000000440ff00000)]
  0x0000017305d4b860 JavaThread "Attach Listener" daemon [_thread_blocked, id=20304, stack(0x000000440ff00000,0x0000004410000000)]
  0x0000017305d4c110 JavaThread "Service Thread" daemon [_thread_blocked, id=9368, stack(0x0000004410000000,0x0000004410100000)]
  0x0000017305d4c9c0 JavaThread "Monitor Deflation Thread" daemon [_thread_blocked, id=10860, stack(0x0000004410100000,0x0000004410200000)]
=>0x0000017305d4f5b0 JavaThread "C2 CompilerThread0" daemon [_thread_in_native, id=11128, stack(0x0000004410200000,0x0000004410300000)]
  0x0000017305d4fea0 JavaThread "C1 CompilerThread0" daemon [_thread_blocked, id=8628, stack(0x0000004410300000,0x0000004410400000)]
  0x0000017305d5bca0 JavaThread "Sweeper thread" daemon [_thread_blocked, id=5344, stack(0x0000004410400000,0x0000004410500000)]
  0x000001730a08a1b0 JavaThread "Common-Cleaner" daemon [_thread_blocked, id=5704, stack(0x0000004410500000,0x0000004410600000)]
  0x0000017305d19000 JavaThread "C1 CompilerThread1" daemon [_thread_blocked, id=22544, stack(0x0000004410600000,0x0000004410700000)]
  0x000001730a1d09a0 JavaThread "Monitor Ctrl-Break" daemon [_thread_in_native, id=7144, stack(0x0000004410900000,0x0000004410a00000)]
  0x000001730a1d0e60 JavaThread "Notification Thread" daemon [_thread_blocked, id=2928, stack(0x0000004410a00000,0x0000004410b00000)]
  0x000001730a340010 JavaThread "C2 CompilerThread1" daemon [_thread_in_native, id=9892, stack(0x0000004410c00000,0x0000004410d00000)]
  0x000001730acc8d30 JavaThread "C2 CompilerThread2" daemon [_thread_in_vm, id=7592, stack(0x0000004411300000,0x0000004411400000)]
  0x000001730ada5b80 JavaThread "Thread-1" daemon [_thread_blocked, id=5552, stack(0x0000004411b00000,0x0000004411c00000)]

Other Threads:
  0x0000017305d299e0 VMThread "VM Thread" [stack: 0x000000440fb00000,0x000000440fc00000] [id=14884]
  0x000001730a163d80 WatcherThread "VM Periodic Task Thread" [stack: 0x0000004410b00000,0x0000004410c00000] [id=3868]
  0x000001736303ce20 WorkerThread "GC Thread#0" [stack: 0x000000440f600000,0x000000440f700000] [id=21000]
  0x000001730a217ae0 WorkerThread "GC Thread#1" [stack: 0x0000004410d00000,0x0000004410e00000] [id=14648]
  0x000001730acc5820 WorkerThread "GC Thread#2" [stack: 0x0000004410e00000,0x0000004410f00000] [id=23076]
  0x000001730abb22a0 WorkerThread "GC Thread#3" [stack: 0x0000004410f00000,0x0000004411000000] [id=18516]
  0x000001730a993680 WorkerThread "GC Thread#4" [stack: 0x0000004411000000,0x0000004411100000] [id=16236]
  0x000001730acc9b70 WorkerThread "GC Thread#5" [stack: 0x0000004411100000,0x0000004411200000] [id=9580]
  0x000001730ad01370 WorkerThread "GC Thread#6" [stack: 0x0000004411200000,0x0000004411300000] [id=6628]
  0x000001730bad3a70 WorkerThread "GC Thread#7" [stack: 0x0000004411900000,0x0000004411a00000] [id=14308]
  0x000001730c652cf0 WorkerThread "GC Thread#8" [stack: 0x0000004411a00000,0x0000004411b00000] [id=20604]
  0x000001730b98eb60 WorkerThread "GC Thread#9" [stack: 0x0000004411600000,0x0000004411700000] [id=23288]
  0x000001730b98fb20 WorkerThread "GC Thread#10" [stack: 0x0000004411700000,0x0000004411800000] [id=19320]
  0x000001730b98f880 WorkerThread "GC Thread#11" [stack: 0x0000004411800000,0x0000004411900000] [id=2604]
  0x000001730b98f0a0 WorkerThread "GC Thread#12" [stack: 0x0000004411c00000,0x0000004411d00000] [id=16052]
  0x000001736304bb80 ConcurrentGCThread "G1 Main Marker" [stack: 0x000000440f700000,0x000000440f800000] [id=8548]
  0x000001736304dea0 WorkerThread "G1 Conc#0" [stack: 0x000000440f800000,0x000000440f900000] [id=12400]
  0x0000017305bd8f60 ConcurrentGCThread "G1 Refine#0" [stack: 0x000000440f900000,0x000000440fa00000] [id=18892]
  0x0000017305bd9620 ConcurrentGCThread "G1 Service" [stack: 0x000000440fa00000,0x000000440fb00000] [id=14780]

Threads with active compile tasks:
C2 CompilerThread0     5140 5269   !   4       com.google.inject.spi.InjectionPoint::getInjectionPoints (491 bytes)
C2 CompilerThread1     5140 5391 %     4       java.util.Properties$LineReader::readLine @ 53 (584 bytes)
C2 CompilerThread2     5140 5395       4       jdk.internal.loader.URLClassPath::getResource (74 bytes)

VM state: not at safepoint (normal execution)

VM Mutex/Monitor currently owned by a thread: None

Heap address: 0x0000000722400000, size: 3548 MB, Compressed Oops mode: Zero based, Oop shift amount: 3

CDS archive(s) mapped at: [0x0000000800000000-0x0000000800ba0000-0x0000000800ba0000), size 12189696, SharedBaseAddress: 0x0000000800000000, ArchiveRelocationMode: 0.
Compressed class space mapped at: 0x0000000800c00000-0x0000000840c00000, reserved size: 1073741824
Narrow klass base: 0x0000000800000000, Narrow klass shift: 0, Narrow klass range: 0x100000000

GC Precious Log:
 CardTable entry size: 512
 Card Set container configuration: InlinePtr #cards 4 size 8 Array Of Cards #cards 16 size 48 Howl #buckets 8 coarsen threshold 3686 Howl Bitmap #cards 512 size 80 coarsen threshold 460 Card regions per heap region 1 cards per card region 4096
 CPUs: 16 total, 16 available
 Memory: 14188M
 Large Page Support: Disabled
 NUMA Support: Disabled
 Compressed Oops: Enabled (Zero based)
 Heap Region Size: 2M
 Heap Min Capacity: 8M
 Heap Initial Capacity: 222M
 Heap Max Capacity: 3548M
 Pre-touch: Disabled
 Parallel Workers: 13
 Concurrent Workers: 3
 Concurrent Refinement Workers: 13
 Periodic GC: Disabled

Heap:
 garbage-first heap   total 227328K, used 15994K [0x0000000722400000, 0x0000000800000000)
  region size 2048K, 7 young (14336K), 5 survivors (10240K)
 Metaspace       used 20513K, committed 20800K, reserved 1114112K
  class space    used 2305K, committed 2432K, reserved 1048576K

Heap Regions: E=young(eden), S=young(survivor), O=old, HS=humongous(starts), HC=humongous(continues), CS=collection set, F=free, OA=open archive, CA=closed archive, TAMS=top-at-mark-start (previous, next)
|   0|0x0000000722400000, 0x0000000722600000, 0x0000000722600000|100%| O|  |TAMS 0x0000000722400000, 0x0000000722400000| Untracked 
|   1|0x0000000722600000, 0x000000072279e800, 0x0000000722800000| 80%| O|  |TAMS 0x0000000722600000, 0x0000000722600000| Untracked 
|   2|0x0000000722800000, 0x0000000722800000, 0x0000000722a00000|  0%| F|  |TAMS 0x0000000722800000, 0x0000000722800000| Untracked 
|   3|0x0000000722a00000, 0x0000000722a00000, 0x0000000722c00000|  0%| F|  |TAMS 0x0000000722a00000, 0x0000000722a00000| Untracked 
|   4|0x0000000722c00000, 0x0000000722c00000, 0x0000000722e00000|  0%| F|  |TAMS 0x0000000722c00000, 0x0000000722c00000| Untracked 
|   5|0x0000000722e00000, 0x0000000722e00000, 0x0000000723000000|  0%| F|  |TAMS 0x0000000722e00000, 0x0000000722e00000| Untracked 
|   6|0x0000000723000000, 0x0000000723000000, 0x0000000723200000|  0%| F|  |TAMS 0x0000000723000000, 0x0000000723000000| Untracked 
|   7|0x0000000723200000, 0x0000000723200000, 0x0000000723400000|  0%| F|  |TAMS 0x0000000723200000, 0x0000000723200000| Untracked 
|   8|0x0000000723400000, 0x0000000723400000, 0x0000000723600000|  0%| F|  |TAMS 0x0000000723400000, 0x0000000723400000| Untracked 
|   9|0x0000000723600000, 0x0000000723600000, 0x0000000723800000|  0%| F|  |TAMS 0x0000000723600000, 0x0000000723600000| Untracked 
|  10|0x0000000723800000, 0x0000000723800000, 0x0000000723a00000|  0%| F|  |TAMS 0x0000000723800000, 0x0000000723800000| Untracked 
|  11|0x0000000723a00000, 0x0000000723a00000, 0x0000000723c00000|  0%| F|  |TAMS 0x0000000723a00000, 0x0000000723a00000| Untracked 
|  12|0x0000000723c00000, 0x0000000723c00000, 0x0000000723e00000|  0%| F|  |TAMS 0x0000000723c00000, 0x0000000723c00000| Untracked 
|  13|0x0000000723e00000, 0x0000000723e00000, 0x0000000724000000|  0%| F|  |TAMS 0x0000000723e00000, 0x0000000723e00000| Untracked 
|  14|0x0000000724000000, 0x0000000724000000, 0x0000000724200000|  0%| F|  |TAMS 0x0000000724000000, 0x0000000724000000| Untracked 
|  15|0x0000000724200000, 0x0000000724200000, 0x0000000724400000|  0%| F|  |TAMS 0x0000000724200000, 0x0000000724200000| Untracked 
|  16|0x0000000724400000, 0x0000000724400000, 0x0000000724600000|  0%| F|  |TAMS 0x0000000724400000, 0x0000000724400000| Untracked 
|  17|0x0000000724600000, 0x0000000724600000, 0x0000000724800000|  0%| F|  |TAMS 0x0000000724600000, 0x0000000724600000| Untracked 
|  18|0x0000000724800000, 0x0000000724800000, 0x0000000724a00000|  0%| F|  |TAMS 0x0000000724800000, 0x0000000724800000| Untracked 
|  19|0x0000000724a00000, 0x0000000724a00000, 0x0000000724c00000|  0%| F|  |TAMS 0x0000000724a00000, 0x0000000724a00000| Untracked 
|  20|0x0000000724c00000, 0x0000000724c00000, 0x0000000724e00000|  0%| F|  |TAMS 0x0000000724c00000, 0x0000000724c00000| Untracked 
|  21|0x0000000724e00000, 0x0000000724e00000, 0x0000000725000000|  0%| F|  |TAMS 0x0000000724e00000, 0x0000000724e00000| Untracked 
|  22|0x0000000725000000, 0x0000000725000000, 0x0000000725200000|  0%| F|  |TAMS 0x0000000725000000, 0x0000000725000000| Untracked 
|  23|0x0000000725200000, 0x0000000725200000, 0x0000000725400000|  0%| F|  |TAMS 0x0000000725200000, 0x0000000725200000| Untracked 
|  24|0x0000000725400000, 0x0000000725400000, 0x0000000725600000|  0%| F|  |TAMS 0x0000000725400000, 0x0000000725400000| Untracked 
|  25|0x0000000725600000, 0x0000000725600000, 0x0000000725800000|  0%| F|  |TAMS 0x0000000725600000, 0x0000000725600000| Untracked 
|  26|0x0000000725800000, 0x0000000725800000, 0x0000000725a00000|  0%| F|  |TAMS 0x0000000725800000, 0x0000000725800000| Untracked 
|  27|0x0000000725a00000, 0x0000000725a00000, 0x0000000725c00000|  0%| F|  |TAMS 0x0000000725a00000, 0x0000000725a00000| Untracked 
|  28|0x0000000725c00000, 0x0000000725c00000, 0x0000000725e00000|  0%| F|  |TAMS 0x0000000725c00000, 0x0000000725c00000| Untracked 
|  29|0x0000000725e00000, 0x0000000725e00000, 0x0000000726000000|  0%| F|  |TAMS 0x0000000725e00000, 0x0000000725e00000| Untracked 
|  30|0x0000000726000000, 0x0000000726000000, 0x0000000726200000|  0%| F|  |TAMS 0x0000000726000000, 0x0000000726000000| Untracked 
|  31|0x0000000726200000, 0x0000000726200000, 0x0000000726400000|  0%| F|  |TAMS 0x0000000726200000, 0x0000000726200000| Untracked 
|  32|0x0000000726400000, 0x0000000726400000, 0x0000000726600000|  0%| F|  |TAMS 0x0000000726400000, 0x0000000726400000| Untracked 
|  33|0x0000000726600000, 0x0000000726600000, 0x0000000726800000|  0%| F|  |TAMS 0x0000000726600000, 0x0000000726600000| Untracked 
|  34|0x0000000726800000, 0x0000000726800000, 0x0000000726a00000|  0%| F|  |TAMS 0x0000000726800000, 0x0000000726800000| Untracked 
|  35|0x0000000726a00000, 0x0000000726a00000, 0x0000000726c00000|  0%| F|  |TAMS 0x0000000726a00000, 0x0000000726a00000| Untracked 
|  36|0x0000000726c00000, 0x0000000726c00000, 0x0000000726e00000|  0%| F|  |TAMS 0x0000000726c00000, 0x0000000726c00000| Untracked 
|  37|0x0000000726e00000, 0x0000000726e00000, 0x0000000727000000|  0%| F|  |TAMS 0x0000000726e00000, 0x0000000726e00000| Untracked 
|  38|0x0000000727000000, 0x0000000727000000, 0x0000000727200000|  0%| F|  |TAMS 0x0000000727000000, 0x0000000727000000| Untracked 
|  39|0x0000000727200000, 0x0000000727200000, 0x0000000727400000|  0%| F|  |TAMS 0x0000000727200000, 0x0000000727200000| Untracked 
|  40|0x0000000727400000, 0x0000000727600000, 0x0000000727600000|100%| S|CS|TAMS 0x0000000727400000, 0x0000000727400000| Complete 
|  41|0x0000000727600000, 0x0000000727800000, 0x0000000727800000|100%| S|CS|TAMS 0x0000000727600000, 0x0000000727600000| Complete 
|  42|0x0000000727800000, 0x0000000727a00000, 0x0000000727a00000|100%| S|CS|TAMS 0x0000000727800000, 0x0000000727800000| Complete 
|  43|0x0000000727a00000, 0x0000000727c00000, 0x0000000727c00000|100%| S|CS|TAMS 0x0000000727a00000, 0x0000000727a00000| Complete 
|  44|0x0000000727c00000, 0x0000000727e00000, 0x0000000727e00000|100%| S|CS|TAMS 0x0000000727c00000, 0x0000000727c00000| Complete 
|  45|0x0000000727e00000, 0x0000000727e00000, 0x0000000728000000|  0%| F|  |TAMS 0x0000000727e00000, 0x0000000727e00000| Untracked 
|  46|0x0000000728000000, 0x0000000728000000, 0x0000000728200000|  0%| F|  |TAMS 0x0000000728000000, 0x0000000728000000| Untracked 
|  47|0x0000000728200000, 0x0000000728200000, 0x0000000728400000|  0%| F|  |TAMS 0x0000000728200000, 0x0000000728200000| Untracked 
|  48|0x0000000728400000, 0x0000000728400000, 0x0000000728600000|  0%| F|  |TAMS 0x0000000728400000, 0x0000000728400000| Untracked 
|  49|0x0000000728600000, 0x0000000728600000, 0x0000000728800000|  0%| F|  |TAMS 0x0000000728600000, 0x0000000728600000| Untracked 
|  50|0x0000000728800000, 0x0000000728800000, 0x0000000728a00000|  0%| F|  |TAMS 0x0000000728800000, 0x0000000728800000| Untracked 
|  51|0x0000000728a00000, 0x0000000728a00000, 0x0000000728c00000|  0%| F|  |TAMS 0x0000000728a00000, 0x0000000728a00000| Untracked 
|  52|0x0000000728c00000, 0x0000000728c00000, 0x0000000728e00000|  0%| F|  |TAMS 0x0000000728c00000, 0x0000000728c00000| Untracked 
|  53|0x0000000728e00000, 0x0000000728e00000, 0x0000000729000000|  0%| F|  |TAMS 0x0000000728e00000, 0x0000000728e00000| Untracked 
|  54|0x0000000729000000, 0x0000000729000000, 0x0000000729200000|  0%| F|  |TAMS 0x0000000729000000, 0x0000000729000000| Untracked 
|  55|0x0000000729200000, 0x0000000729200000, 0x0000000729400000|  0%| F|  |TAMS 0x0000000729200000, 0x0000000729200000| Untracked 
|  56|0x0000000729400000, 0x0000000729400000, 0x0000000729600000|  0%| F|  |TAMS 0x0000000729400000, 0x0000000729400000| Untracked 
|  57|0x0000000729600000, 0x0000000729600000, 0x0000000729800000|  0%| F|  |TAMS 0x0000000729600000, 0x0000000729600000| Untracked 
|  58|0x0000000729800000, 0x0000000729800000, 0x0000000729a00000|  0%| F|  |TAMS 0x0000000729800000, 0x0000000729800000| Untracked 
|  59|0x0000000729a00000, 0x0000000729a00000, 0x0000000729c00000|  0%| F|  |TAMS 0x0000000729a00000, 0x0000000729a00000| Untracked 
|  60|0x0000000729c00000, 0x0000000729c00000, 0x0000000729e00000|  0%| F|  |TAMS 0x0000000729c00000, 0x0000000729c00000| Untracked 
|  61|0x0000000729e00000, 0x0000000729e00000, 0x000000072a000000|  0%| F|  |TAMS 0x0000000729e00000, 0x0000000729e00000| Untracked 
|  62|0x000000072a000000, 0x000000072a000000, 0x000000072a200000|  0%| F|  |TAMS 0x000000072a000000, 0x000000072a000000| Untracked 
|  63|0x000000072a200000, 0x000000072a200000, 0x000000072a400000|  0%| F|  |TAMS 0x000000072a200000, 0x000000072a200000| Untracked 
|  64|0x000000072a400000, 0x000000072a400000, 0x000000072a600000|  0%| F|  |TAMS 0x000000072a400000, 0x000000072a400000| Untracked 
|  65|0x000000072a600000, 0x000000072a600000, 0x000000072a800000|  0%| F|  |TAMS 0x000000072a600000, 0x000000072a600000| Untracked 
|  66|0x000000072a800000, 0x000000072a800000, 0x000000072aa00000|  0%| F|  |TAMS 0x000000072a800000, 0x000000072a800000| Untracked 
|  67|0x000000072aa00000, 0x000000072aa00000, 0x000000072ac00000|  0%| F|  |TAMS 0x000000072aa00000, 0x000000072aa00000| Untracked 
|  68|0x000000072ac00000, 0x000000072ac00000, 0x000000072ae00000|  0%| F|  |TAMS 0x000000072ac00000, 0x000000072ac00000| Untracked 
|  69|0x000000072ae00000, 0x000000072ae00000, 0x000000072b000000|  0%| F|  |TAMS 0x000000072ae00000, 0x000000072ae00000| Untracked 
|  70|0x000000072b000000, 0x000000072b000000, 0x000000072b200000|  0%| F|  |TAMS 0x000000072b000000, 0x000000072b000000| Untracked 
|  71|0x000000072b200000, 0x000000072b200000, 0x000000072b400000|  0%| F|  |TAMS 0x000000072b200000, 0x000000072b200000| Untracked 
|  72|0x000000072b400000, 0x000000072b400000, 0x000000072b600000|  0%| F|  |TAMS 0x000000072b400000, 0x000000072b400000| Untracked 
|  73|0x000000072b600000, 0x000000072b600000, 0x000000072b800000|  0%| F|  |TAMS 0x000000072b600000, 0x000000072b600000| Untracked 
|  74|0x000000072b800000, 0x000000072b800000, 0x000000072ba00000|  0%| F|  |TAMS 0x000000072b800000, 0x000000072b800000| Untracked 
|  75|0x000000072ba00000, 0x000000072ba00000, 0x000000072bc00000|  0%| F|  |TAMS 0x000000072ba00000, 0x000000072ba00000| Untracked 
|  76|0x000000072bc00000, 0x000000072bc00000, 0x000000072be00000|  0%| F|  |TAMS 0x000000072bc00000, 0x000000072bc00000| Untracked 
|  77|0x000000072be00000, 0x000000072be00000, 0x000000072c000000|  0%| F|  |TAMS 0x000000072be00000, 0x000000072be00000| Untracked 
|  78|0x000000072c000000, 0x000000072c000000, 0x000000072c200000|  0%| F|  |TAMS 0x000000072c000000, 0x000000072c000000| Untracked 
|  79|0x000000072c200000, 0x000000072c200000, 0x000000072c400000|  0%| F|  |TAMS 0x000000072c200000, 0x000000072c200000| Untracked 
|  80|0x000000072c400000, 0x000000072c400000, 0x000000072c600000|  0%| F|  |TAMS 0x000000072c400000, 0x000000072c400000| Untracked 
|  81|0x000000072c600000, 0x000000072c600000, 0x000000072c800000|  0%| F|  |TAMS 0x000000072c600000, 0x000000072c600000| Untracked 
|  82|0x000000072c800000, 0x000000072c800000, 0x000000072ca00000|  0%| F|  |TAMS 0x000000072c800000, 0x000000072c800000| Untracked 
|  83|0x000000072ca00000, 0x000000072ca00000, 0x000000072cc00000|  0%| F|  |TAMS 0x000000072ca00000, 0x000000072ca00000| Untracked 
|  84|0x000000072cc00000, 0x000000072cc00000, 0x000000072ce00000|  0%| F|  |TAMS 0x000000072cc00000, 0x000000072cc00000| Untracked 
|  85|0x000000072ce00000, 0x000000072ce00000, 0x000000072d000000|  0%| F|  |TAMS 0x000000072ce00000, 0x000000072ce00000| Untracked 
|  86|0x000000072d000000, 0x000000072d000000, 0x000000072d200000|  0%| F|  |TAMS 0x000000072d000000, 0x000000072d000000| Untracked 
|  87|0x000000072d200000, 0x000000072d200000, 0x000000072d400000|  0%| F|  |TAMS 0x000000072d200000, 0x000000072d200000| Untracked 
|  88|0x000000072d400000, 0x000000072d400000, 0x000000072d600000|  0%| F|  |TAMS 0x000000072d400000, 0x000000072d400000| Untracked 
|  89|0x000000072d600000, 0x000000072d600000, 0x000000072d800000|  0%| F|  |TAMS 0x000000072d600000, 0x000000072d600000| Untracked 
|  90|0x000000072d800000, 0x000000072d800000, 0x000000072da00000|  0%| F|  |TAMS 0x000000072d800000, 0x000000072d800000| Untracked 
|  91|0x000000072da00000, 0x000000072da00000, 0x000000072dc00000|  0%| F|  |TAMS 0x000000072da00000, 0x000000072da00000| Untracked 
|  92|0x000000072dc00000, 0x000000072dc00000, 0x000000072de00000|  0%| F|  |TAMS 0x000000072dc00000, 0x000000072dc00000| Untracked 
|  93|0x000000072de00000, 0x000000072de00000, 0x000000072e000000|  0%| F|  |TAMS 0x000000072de00000, 0x000000072de00000| Untracked 
|  94|0x000000072e000000, 0x000000072e000000, 0x000000072e200000|  0%| F|  |TAMS 0x000000072e000000, 0x000000072e000000| Untracked 
|  95|0x000000072e200000, 0x000000072e200000, 0x000000072e400000|  0%| F|  |TAMS 0x000000072e200000, 0x000000072e200000| Untracked 
|  96|0x000000072e400000, 0x000000072e400000, 0x000000072e600000|  0%| F|  |TAMS 0x000000072e400000, 0x000000072e400000| Untracked 
|  97|0x000000072e600000, 0x000000072e600000, 0x000000072e800000|  0%| F|  |TAMS 0x000000072e600000, 0x000000072e600000| Untracked 
|  98|0x000000072e800000, 0x000000072e800000, 0x000000072ea00000|  0%| F|  |TAMS 0x000000072e800000, 0x000000072e800000| Untracked 
|  99|0x000000072ea00000, 0x000000072ea00000, 0x000000072ec00000|  0%| F|  |TAMS 0x000000072ea00000, 0x000000072ea00000| Untracked 
| 100|0x000000072ec00000, 0x000000072ec00000, 0x000000072ee00000|  0%| F|  |TAMS 0x000000072ec00000, 0x000000072ec00000| Untracked 
| 101|0x000000072ee00000, 0x000000072ee00000, 0x000000072f000000|  0%| F|  |TAMS 0x000000072ee00000, 0x000000072ee00000| Untracked 
| 102|0x000000072f000000, 0x000000072f000000, 0x000000072f200000|  0%| F|  |TAMS 0x000000072f000000, 0x000000072f000000| Untracked 
| 103|0x000000072f200000, 0x000000072f200000, 0x000000072f400000|  0%| F|  |TAMS 0x000000072f200000, 0x000000072f200000| Untracked 
| 104|0x000000072f400000, 0x000000072f400000, 0x000000072f600000|  0%| F|  |TAMS 0x000000072f400000, 0x000000072f400000| Untracked 
| 105|0x000000072f600000, 0x000000072f600000, 0x000000072f800000|  0%| F|  |TAMS 0x000000072f600000, 0x000000072f600000| Untracked 
| 106|0x000000072f800000, 0x000000072f800000, 0x000000072fa00000|  0%| F|  |TAMS 0x000000072f800000, 0x000000072f800000| Untracked 
| 107|0x000000072fa00000, 0x000000072fa00000, 0x000000072fc00000|  0%| F|  |TAMS 0x000000072fa00000, 0x000000072fa00000| Untracked 
| 108|0x000000072fc00000, 0x000000072fc00000, 0x000000072fe00000|  0%| F|  |TAMS 0x000000072fc00000, 0x000000072fc00000| Untracked 
| 109|0x000000072fe00000, 0x000000072ff00800, 0x0000000730000000| 50%| E|  |TAMS 0x000000072fe00000, 0x000000072fe00000| Complete 
| 110|0x0000000730000000, 0x0000000730200000, 0x0000000730200000|100%| E|CS|TAMS 0x0000000730000000, 0x0000000730000000| Complete 

Card table byte_map: [0x000001737afe0000,0x000001737b6d0000] _byte_map_base: 0x00000173776ce000

Marking Bits (Prev, Next): (CMBitMap*) 0x000001736303d330, (CMBitMap*) 0x000001736303d370
 Prev Bits: [0x000001737bdc0000, 0x000001737f530000)
 Next Bits: [0x0000017300000000, 0x0000017303770000)

Polling page: 0x0000017363090000

Metaspace:

Usage:
  Non-class:     17.84 MB used.
      Class:      2.26 MB used.
       Both:     20.10 MB used.

Virtual space:
  Non-class space:       64.00 MB reserved,      18.00 MB ( 28%) committed,  1 nodes.
      Class space:        1.00 GB reserved,       2.38 MB ( <1%) committed,  1 nodes.
             Both:        1.06 GB reserved,      20.38 MB (  2%) committed. 

Chunk freelists:
   Non-Class:  1.97 MB
       Class:  1.56 MB
        Both:  3.53 MB

MaxMetaspaceSize: unlimited
CompressedClassSpaceSize: 1.00 GB
Initial GC threshold: 21.00 MB
Current GC threshold: 21.00 MB
CDS: on
MetaspaceReclaimPolicy: balanced
 - commit_granule_bytes: 65536.
 - commit_granule_words: 8192.
 - virtual_space_node_default_size: 8388608.
 - enlarge_chunks_in_place: 1.
 - new_chunks_are_fully_committed: 0.
 - uncommit_free_chunks: 1.
 - use_allocation_guard: 0.


Internal statistics:

num_allocs_failed_limit: 0.
num_arena_births: 212.
num_arena_deaths: 0.
num_vsnodes_births: 2.
num_vsnodes_deaths: 0.
num_space_committed: 326.
num_space_uncommitted: 0.
num_chunks_returned_to_freelist: 0.
num_chunks_taken_from_freelist: 965.
num_chunk_merges: 0.
num_chunk_splits: 646.
num_chunks_enlarged: 503.
num_inconsistent_stats: 0.

CodeHeap 'non-profiled nmethods': size=119168Kb used=2255Kb max_used=2730Kb free=116913Kb
 bounds [0x00000173724d0000, 0x0000017372780000, 0x0000017379930000]
CodeHeap 'profiled nmethods': size=119104Kb used=9212Kb max_used=11606Kb free=109891Kb
 bounds [0x000001736b080000, 0x000001736bbe0000, 0x00000173724d0000]
CodeHeap 'non-nmethods': size=7488Kb used=1772Kb max_used=2971Kb free=5715Kb
 bounds [0x000001736a930000, 0x000001736ac20000, 0x000001736b080000]
 total_blobs=5124 nmethods=4628 adapters=407
 compilation: enabled
              stopped_count=0, restarted_count=0
 full_count=0

Compilation events (20 events):
Event: 4.096 Thread 0x000001730a0bc830 5377       3       sun.security.provider.ByteArrayAccess::b2iBig64 (231 bytes)
Event: 4.096 Thread 0x0000017305d19000 5378       3       sun.nio.fs.WindowsDirectoryStream$WindowsDirectoryIterator::next (5 bytes)
Event: 4.096 Thread 0x0000017305d4fea0 5379  s    3       sun.nio.fs.WindowsDirectoryStream$WindowsDirectoryIterator::next (48 bytes)
Event: 4.096 Thread 0x0000017305d19000 nmethod 5378 0x000001736b0de990 code [0x000001736b0deb20, 0x000001736b0dec68]
Event: 4.096 Thread 0x0000017305d19000 5380       3       sun.security.provider.SHA::implCompress (13 bytes)
Event: 4.096 Thread 0x0000017305d4fea0 nmethod 5379 0x000001736b367290 code [0x000001736b367460, 0x000001736b367818]
Event: 4.096 Thread 0x0000017305d4fea0 5381       3       sun.security.provider.SHA::implCompressCheck (18 bytes)
Event: 4.097 Thread 0x0000017305d19000 nmethod 5380 0x000001736b0a3910 code [0x000001736b0a3b00, 0x000001736b0a3f48]
Event: 4.097 Thread 0x0000017305d4fea0 nmethod 5381 0x000001736b12bc90 code [0x000001736b12be60, 0x000001736b12c1f8]
Event: 4.098 Thread 0x000001730a0bc830 nmethod 5377 0x000001736b6dac90 code [0x000001736b6db600, 0x000001736b6e0d98]
Event: 4.103 Thread 0x0000017305d19000 5382       1       java.util.concurrent.atomic.AtomicLong::get (5 bytes)
Event: 4.103 Thread 0x0000017305d19000 nmethod 5382 0x00000173725d2790 code [0x00000173725d2920, 0x00000173725d29f8]
Event: 4.105 Thread 0x000001730a0bc830 5383       3       java.util.concurrent.atomic.AtomicLong::compareAndSet (13 bytes)
Event: 4.105 Thread 0x0000017305d4fea0 5384       3       java.util.Random::next (47 bytes)
Event: 4.105 Thread 0x0000017305d19000 5385       3       java.util.Random::nextBoolean (14 bytes)
Event: 4.105 Thread 0x000001730a0bc830 nmethod 5383 0x000001736b102e90 code [0x000001736b103020, 0x000001736b103158]
Event: 4.105 Thread 0x0000017305d19000 nmethod 5385 0x000001736b281690 code [0x000001736b281840, 0x000001736b281a68]
Event: 4.105 Thread 0x0000017305d4fea0 nmethod 5384 0x000001736b100890 code [0x000001736b100a40, 0x000001736b100cc8]
Event: 4.105 Thread 0x000001730a340010 5386       4       jdk.internal.misc.Unsafe::getIntUnaligned (12 bytes)
Event: 4.106 Thread 0x000001730a340010 nmethod 5386 0x000001737273e910 code [0x000001737273ea80, 0x000001737273eb38]

GC Heap History (6 events):
Event: 0.414 GC heap before
{Heap before GC invocations=0 (full 0):
 garbage-first heap   total 227328K, used 20480K [0x0000000722400000, 0x0000000800000000)
  region size 2048K, 11 young (22528K), 0 survivors (0K)
 Metaspace       used 5764K, committed 5888K, reserved 1114112K
  class space    used 659K, committed 704K, reserved 1048576K
}
Event: 0.417 GC heap after
{Heap after GC invocations=1 (full 0):
 garbage-first heap   total 227328K, used 3945K [0x0000000722400000, 0x0000000800000000)
  region size 2048K, 2 young (4096K), 2 survivors (4096K)
 Metaspace       used 5764K, committed 5888K, reserved 1114112K
  class space    used 659K, committed 704K, reserved 1048576K
}
Event: 0.978 GC heap before
{Heap before GC invocations=1 (full 0):
 garbage-first heap   total 227328K, used 34665K [0x0000000722400000, 0x0000000800000000)
  region size 2048K, 17 young (34816K), 2 survivors (4096K)
 Metaspace       used 8751K, committed 8960K, reserved 1114112K
  class space    used 1016K, committed 1088K, reserved 1048576K
}
Event: 0.981 GC heap after
{Heap after GC invocations=2 (full 0):
 garbage-first heap   total 227328K, used 5214K [0x0000000722400000, 0x0000000800000000)
  region size 2048K, 1 young (2048K), 1 survivors (2048K)
 Metaspace       used 8751K, committed 8960K, reserved 1114112K
  class space    used 1016K, committed 1088K, reserved 1048576K
}
Event: 3.002 GC heap before
{Heap before GC invocations=2 (full 0):
 garbage-first heap   total 227328K, used 136286K [0x0000000722400000, 0x0000000800000000)
  region size 2048K, 66 young (135168K), 1 survivors (2048K)
 Metaspace       used 19931K, committed 20288K, reserved 1114112K
  class space    used 2239K, committed 2368K, reserved 1048576K
}
Event: 3.008 GC heap after
{Heap after GC invocations=3 (full 0):
 garbage-first heap   total 227328K, used 13946K [0x0000000722400000, 0x0000000800000000)
  region size 2048K, 5 young (10240K), 5 survivors (10240K)
 Metaspace       used 19931K, committed 20288K, reserved 1114112K
  class space    used 2239K, committed 2368K, reserved 1048576K
}

Deoptimization events (20 events):
Event: 2.980 Thread 0x0000017362fd5570 DEOPT PACKING pc=0x000001737269f3a8 sp=0x000000440f5fba40
Event: 2.980 Thread 0x0000017362fd5570 DEOPT UNPACKING pc=0x000001736a9823a3 sp=0x000000440f5fb9d8 mode 2
Event: 2.980 Thread 0x0000017362fd5570 Uncommon trap: trap_request=0xffffff45 fr.pc=0x000001737252b420 relative=0x00000000000000a0
Event: 2.980 Thread 0x0000017362fd5570 Uncommon trap: reason=unstable_if action=reinterpret pc=0x000001737252b420 method=java.nio.Buffer.position(I)Ljava/nio/Buffer; @ 37 c2
Event: 2.980 Thread 0x0000017362fd5570 DEOPT PACKING pc=0x000001737252b420 sp=0x000000440f5fb720
Event: 2.980 Thread 0x0000017362fd5570 DEOPT UNPACKING pc=0x000001736a9823a3 sp=0x000000440f5fb6a8 mode 2
Event: 2.981 Thread 0x0000017362fd5570 Uncommon trap: trap_request=0xffffff45 fr.pc=0x00000173726d1b20 relative=0x0000000000000960
Event: 2.981 Thread 0x0000017362fd5570 Uncommon trap: reason=unstable_if action=reinterpret pc=0x00000173726d1b20 method=org.codehaus.plexus.classworlds.realm.Entry.matches(Ljava/lang/String;)Z @ 20 c2
Event: 2.981 Thread 0x0000017362fd5570 DEOPT PACKING pc=0x00000173726d1b20 sp=0x000000440f5fb8d0
Event: 2.981 Thread 0x0000017362fd5570 DEOPT UNPACKING pc=0x000001736a9823a3 sp=0x000000440f5fb858 mode 2
Event: 2.989 Thread 0x0000017362fd5570 DEOPT PACKING pc=0x000001736b356b94 sp=0x000000440f5fdfc0
Event: 2.989 Thread 0x0000017362fd5570 DEOPT UNPACKING pc=0x000001736a982b43 sp=0x000000440f5fd490 mode 0
Event: 2.990 Thread 0x0000017362fd5570 Uncommon trap: trap_request=0xffffff45 fr.pc=0x000001737273eac4 relative=0x0000000000000044
Event: 2.990 Thread 0x0000017362fd5570 Uncommon trap: reason=unstable_if action=reinterpret pc=0x000001737273eac4 method=sun.net.util.IPAddressUtil.scan(Ljava/lang/String;JJ[C)I @ 14 c2
Event: 2.990 Thread 0x0000017362fd5570 DEOPT PACKING pc=0x000001737273eac4 sp=0x000000440f5fdfc0
Event: 2.990 Thread 0x0000017362fd5570 DEOPT UNPACKING pc=0x000001736a9823a3 sp=0x000000440f5fdea8 mode 2
Event: 3.001 Thread 0x0000017362fd5570 Uncommon trap: trap_request=0xffffff45 fr.pc=0x00000173725a969c relative=0x00000000000002dc
Event: 3.001 Thread 0x0000017362fd5570 Uncommon trap: reason=unstable_if action=reinterpret pc=0x00000173725a969c method=java.util.LinkedHashMap.get(Ljava/lang/Object;)Ljava/lang/Object; @ 16 c2
Event: 3.001 Thread 0x0000017362fd5570 DEOPT PACKING pc=0x00000173725a969c sp=0x000000440f5fd550
Event: 3.001 Thread 0x0000017362fd5570 DEOPT UNPACKING pc=0x000001736a9823a3 sp=0x000000440f5fd4f8 mode 2

Classes loaded (20 events):
Event: 3.021 Loading class java/lang/constant/DynamicConstantDesc done
Event: 3.021 Loading class java/lang/constant/PrimitiveClassDescImpl done
Event: 3.021 Loading class java/lang/constant/DynamicConstantDesc$AnonymousDynamicConstantDesc
Event: 3.021 Loading class java/lang/constant/DynamicConstantDesc$AnonymousDynamicConstantDesc done
Event: 4.064 Loading class java/net/NetworkInterface$1
Event: 4.064 Loading class java/net/NetworkInterface$1 done
Event: 4.087 Loading class java/nio/file/Files$AcceptAllFilter
Event: 4.087 Loading class java/nio/file/DirectoryStream$Filter
Event: 4.087 Loading class java/nio/file/DirectoryStream$Filter done
Event: 4.087 Loading class java/nio/file/Files$AcceptAllFilter done
Event: 4.087 Loading class sun/nio/fs/WindowsDirectoryStream
Event: 4.087 Loading class java/nio/file/DirectoryStream
Event: 4.087 Loading class java/nio/file/DirectoryStream done
Event: 4.087 Loading class sun/nio/fs/WindowsDirectoryStream done
Event: 4.088 Loading class sun/nio/fs/WindowsDirectoryStream$WindowsDirectoryIterator
Event: 4.088 Loading class sun/nio/fs/WindowsDirectoryStream$WindowsDirectoryIterator done
Event: 4.089 Loading class sun/nio/fs/WindowsPath$WindowsPathWithAttributes
Event: 4.089 Loading class sun/nio/fs/BasicFileAttributesHolder
Event: 4.089 Loading class sun/nio/fs/BasicFileAttributesHolder done
Event: 4.089 Loading class sun/nio/fs/WindowsPath$WindowsPathWithAttributes done

Classes unloaded (0 events):
No events

Classes redefined (0 events):
No events

Internal exceptions (20 events):
Event: 1.302 Thread 0x0000017362fd5570 Exception <a 'java/lang/NoSuchMethodError'{0x000000072ea64538}: 'void java.lang.invoke.Invokers$Holder.invokeExact_MT(java.lang.Object, java.lang.Object, java.lang.Object, java.lang.Object)'> (0x000000072ea64538) 
thrown [s\open\src\hotspot\share\interpreter\linkResolver.cpp, line 759]
Event: 1.315 Thread 0x0000017362fd5570 Exception <a 'java/lang/NoClassDefFoundError'{0x000000072eb09af0}: com/google/inject/servlet/ServletModuleTargetVisitor> (0x000000072eb09af0) 
thrown [s\open\src\hotspot\share\classfile\systemDictionary.cpp, line 244]
Event: 1.362 Thread 0x0000017362fd5570 Exception <a 'java/lang/NoSuchMethodError'{0x000000072e9c9a40}: 'void java.lang.invoke.DirectMethodHandle$Holder.invokeVirtual(java.lang.Object, java.lang.Object)'> (0x000000072e9c9a40) 
thrown [s\open\src\hotspot\share\interpreter\linkResolver.cpp, line 759]
Event: 1.378 Thread 0x0000017362fd5570 Exception <a 'java/lang/NoSuchMethodError'{0x000000072e657248}: 'java.lang.Object java.lang.invoke.DirectMethodHandle$Holder.invokeStaticInit(java.lang.Object, int, int, int, int)'> (0x000000072e657248) 
thrown [s\open\src\hotspot\share\interpreter\linkResolver.cpp, line 759]
Event: 1.477 Thread 0x0000017362fd5570 Exception <a 'java/lang/NoSuchMethodError'{0x000000072e3ff7b8}: 'void java.lang.invoke.DirectMethodHandle$Holder.invokeSpecial(java.lang.Object, java.lang.Object, java.lang.Object, java.lang.Object, java.lang.Object)'> (0x000000072e3ff7b8) 
thrown [s\open\src\hotspot\share\interpreter\linkResolver.cpp, line 759]
Event: 1.479 Thread 0x0000017362fd5570 Exception <a 'java/lang/NoSuchMethodError'{0x000000072e01dca8}: 'java.lang.Object java.lang.invoke.DirectMethodHandle$Holder.invokeVirtual(java.lang.Object, java.lang.Object, java.lang.Object)'> (0x000000072e01dca8) 
thrown [s\open\src\hotspot\share\interpreter\linkResolver.cpp, line 759]
Event: 1.480 Thread 0x0000017362fd5570 Exception <a 'java/lang/NoSuchMethodError'{0x000000072e02cb98}: 'void java.lang.invoke.DirectMethodHandle$Holder.invokeSpecial(java.lang.Object, java.lang.Object, java.lang.Object, java.lang.Object, java.lang.Object, java.lang.Object)'> (0x000000072e02cb98) 
thrown [s\open\src\hotspot\share\interpreter\linkResolver.cpp, line 759]
Event: 1.503 Thread 0x0000017362fd5570 Exception <a 'java/lang/NoSuchMethodError'{0x000000072e1b4798}: 'void java.lang.invoke.DirectMethodHandle$Holder.invokeVirtual(java.lang.Object, java.lang.Object, int)'> (0x000000072e1b4798) 
thrown [s\open\src\hotspot\share\interpreter\linkResolver.cpp, line 759]
Event: 1.503 Thread 0x0000017362fd5570 Exception <a 'java/lang/NoSuchMethodError'{0x000000072e1b87e0}: 'void java.lang.invoke.DirectMethodHandle$Holder.invokeSpecial(java.lang.Object, java.lang.Object, java.lang.Object, int)'> (0x000000072e1b87e0) 
thrown [s\open\src\hotspot\share\interpreter\linkResolver.cpp, line 759]
Event: 1.503 Thread 0x0000017362fd5570 Exception <a 'java/lang/NoSuchMethodError'{0x000000072e1bc118}: 'void java.lang.invoke.DelegatingMethodHandle$Holder.reinvoke_L(java.lang.Object, java.lang.Object, int)'> (0x000000072e1bc118) 
thrown [s\open\src\hotspot\share\interpreter\linkResolver.cpp, line 759]
Event: 1.674 Thread 0x0000017362fd5570 Implicit null exception at 0x00000173725dc24c to 0x00000173725dd814
Event: 1.674 Thread 0x0000017362fd5570 Implicit null exception at 0x000001737259208b to 0x00000173725922d8
Event: 1.674 Thread 0x0000017362fd5570 Implicit null exception at 0x00000173726072be to 0x0000017372607a94
Event: 1.886 Thread 0x0000017362fd5570 Implicit null exception at 0x000001737251f10b to 0x000001737251f368
Event: 1.886 Thread 0x0000017362fd5570 Implicit null exception at 0x000001737258fd0f to 0x000001737258fd89
Event: 1.925 Thread 0x0000017362fd5570 Exception <a 'java/lang/NoSuchMethodError'{0x000000072c6ca370}: 'java.lang.Object java.lang.invoke.DirectMethodHandle$Holder.newInvokeSpecial(java.lang.Object, java.lang.Object, java.lang.Object, java.lang.Object, java.lang.Object, java.lang.Object, java.lang.Object)'> (0x000000072c6ca370) 
thrown [s\open\src\hotspot\share\interpreter\linkResolver.cpp, line 759]
Event: 1.925 Thread 0x0000017362fd5570 Exception <a 'java/lang/NoSuchMethodError'{0x000000072c6cec88}: 'java.lang.Object java.lang.invoke.Invokers$Holder.linkToTargetMethod(java.lang.Object, java.lang.Object, java.lang.Object, java.lang.Object, java.lang.Object, java.lang.Object, java.lang.Object)'> (0x000000072c6cec88) 
thrown [s\open\src\hotspot\share\interpreter\linkResolver.cpp, line 759]
Event: 2.048 Thread 0x0000017362fd5570 Exception <a 'java/lang/NoSuchMethodError'{0x000000072bcf37f0}: 'int java.lang.invoke.DirectMethodHandle$Holder.invokeVirtual(java.lang.Object, java.lang.Object)'> (0x000000072bcf37f0) 
thrown [s\open\src\hotspot\share\interpreter\linkResolver.cpp, line 759]
Event: 2.064 Thread 0x0000017362fd5570 Exception <a 'java/lang/NoSuchMethodError'{0x000000072ba2ca98}: 'void java.lang.invoke.Invokers$Holder.invokeExact_MT(java.lang.Object, java.lang.Object, int, java.lang.Object)'> (0x000000072ba2ca98) 
thrown [s\open\src\hotspot\share\interpreter\linkResolver.cpp, line 759]
Event: 2.993 Thread 0x0000017362fd5570 Exception <a 'java/io/FileNotFoundException'{0x0000000727f8d6d8}> (0x0000000727f8d6d8) 
thrown [s\open\src\hotspot\share\prims\jni.cpp, line 516]

VM Operations (20 events):
Event: 2.990 Executing VM operation: HandshakeAllThreads
Event: 2.990 Executing VM operation: HandshakeAllThreads done
Event: 3.000 Executing VM operation: HandshakeAllThreads
Event: 3.000 Executing VM operation: HandshakeAllThreads done
Event: 3.000 Executing VM operation: HandshakeAllThreads
Event: 3.000 Executing VM operation: HandshakeAllThreads done
Event: 3.000 Executing VM operation: HandshakeAllThreads
Event: 3.000 Executing VM operation: HandshakeAllThreads done
Event: 3.002 Executing VM operation: G1CollectForAllocation
Event: 3.008 Executing VM operation: G1CollectForAllocation done
Event: 3.014 Executing VM operation: HandshakeAllThreads
Event: 3.014 Executing VM operation: HandshakeAllThreads done
Event: 3.023 Executing VM operation: HandshakeAllThreads
Event: 3.023 Executing VM operation: HandshakeAllThreads done
Event: 4.026 Executing VM operation: Cleanup
Event: 4.057 Executing VM operation: Cleanup done
Event: 4.089 Executing VM operation: HandshakeAllThreads
Event: 4.089 Executing VM operation: HandshakeAllThreads done
Event: 5.101 Executing VM operation: Cleanup
Event: 5.101 Executing VM operation: Cleanup done

Events (20 events):
Event: 4.058 Thread 0x0000017305d5bca0 flushing nmethod 0x000001736b8c3610
Event: 4.058 Thread 0x0000017305d5bca0 flushing nmethod 0x000001736b9a2d10
Event: 4.059 Thread 0x0000017305d5bca0 flushing nmethod 0x000001736ba1bc90
Event: 4.059 Thread 0x0000017305d5bca0 flushing nmethod 0x000001736ba3f710
Event: 4.059 Thread 0x0000017305d5bca0 flushing nmethod 0x000001736ba4d490
Event: 4.059 Thread 0x0000017305d5bca0 flushing nmethod 0x000001736ba50510
Event: 4.059 Thread 0x0000017305d5bca0 flushing nmethod 0x000001736ba64290
Event: 4.059 Thread 0x0000017305d5bca0 flushing nmethod 0x000001736ba67790
Event: 4.059 Thread 0x0000017305d5bca0 flushing nmethod 0x000001736baa4d10
Event: 4.059 Thread 0x0000017305d5bca0 flushing nmethod 0x000001736baaae10
Event: 4.059 Thread 0x0000017305d5bca0 flushing nmethod 0x000001736bab0990
Event: 4.059 Thread 0x0000017305d5bca0 flushing nmethod 0x000001736bab1010
Event: 4.059 Thread 0x0000017305d5bca0 flushing nmethod 0x000001736bab1690
Event: 4.059 Thread 0x0000017305d5bca0 flushing nmethod 0x000001736bad5f10
Event: 4.059 Thread 0x0000017305d5bca0 flushing nmethod 0x000001736baf1910
Event: 4.059 Thread 0x0000017305d5bca0 flushing nmethod 0x000001736bb0c410
Event: 4.059 Thread 0x0000017305d5bca0 flushing nmethod 0x000001736bb7e310
Event: 4.059 Thread 0x0000017305d5bca0 flushing nmethod 0x000001736bb93710
Event: 4.089 Thread 0x000001730acb8c50 Thread exited: 0x000001730acb8c50
Event: 4.089 Thread 0x000001730a0e4f20 Thread exited: 0x000001730a0e4f20


Dynamic libraries:
0x00007ff6f1670000 - 0x00007ff6f1680000 	C:\Program Files\Java\jdk-18.0.2.1\bin\java.exe
0x00007ffc66e80000 - 0x00007ffc670e6000 	C:\WINDOWS\SYSTEM32\ntdll.dll
0x00007ffc662b0000 - 0x00007ffc66379000 	C:\WINDOWS\System32\KERNEL32.DLL
0x00007ffc64110000 - 0x00007ffc644db000 	C:\WINDOWS\System32\KERNELBASE.dll
0x00007ffc64620000 - 0x00007ffc6476b000 	C:\WINDOWS\System32\ucrtbase.dll
0x00007ffc5e990000 - 0x00007ffc5e9aa000 	C:\Program Files\Java\jdk-18.0.2.1\bin\VCRUNTIME140.dll
0x00007ffc55800000 - 0x00007ffc55818000 	C:\Program Files\Java\jdk-18.0.2.1\bin\jli.dll
0x00007ffc66d80000 - 0x00007ffc66e32000 	C:\WINDOWS\System32\ADVAPI32.dll
0x00007ffc65330000 - 0x00007ffc653d9000 	C:\WINDOWS\System32\msvcrt.dll
0x00007ffc66450000 - 0x00007ffc664f6000 	C:\WINDOWS\System32\sechost.dll
0x00007ffc657a0000 - 0x00007ffc658b5000 	C:\WINDOWS\System32\RPCRT4.dll
0x00007ffc655c0000 - 0x00007ffc6578a000 	C:\WINDOWS\System32\USER32.dll
0x00007ffc64030000 - 0x00007ffc64057000 	C:\WINDOWS\System32\win32u.dll
0x00007ffc66380000 - 0x00007ffc663ab000 	C:\WINDOWS\System32\GDI32.dll
0x00007ffc48f40000 - 0x00007ffc491d7000 	C:\WINDOWS\WinSxS\amd64_microsoft.windows.common-controls_6595b64144ccf1df_6.0.26100.5516_none_3e073f78e335730c\COMCTL32.dll
0x00007ffc644e0000 - 0x00007ffc64612000 	C:\WINDOWS\System32\gdi32full.dll
0x00007ffc64060000 - 0x00007ffc64103000 	C:\WINDOWS\System32\msvcp_win.dll
0x00007ffc5c9e0000 - 0x00007ffc5c9eb000 	C:\WINDOWS\SYSTEM32\VERSION.dll
0x00007ffc64e60000 - 0x00007ffc64e90000 	C:\WINDOWS\System32\IMM32.DLL
0x00007ffc510a0000 - 0x00007ffc510ac000 	C:\Program Files\Java\jdk-18.0.2.1\bin\vcruntime140_1.dll
0x00007ffc46980000 - 0x00007ffc46a0d000 	C:\Program Files\Java\jdk-18.0.2.1\bin\msvcp140.dll
0x00007ffb920d0000 - 0x00007ffb92ce1000 	C:\Program Files\Java\jdk-18.0.2.1\bin\server\jvm.dll
0x00007ffc65b80000 - 0x00007ffc65b88000 	C:\WINDOWS\System32\PSAPI.DLL
0x00007ffc46850000 - 0x00007ffc4685a000 	C:\WINDOWS\SYSTEM32\WSOCK32.dll
0x00007ffc5b080000 - 0x00007ffc5b0b6000 	C:\WINDOWS\SYSTEM32\WINMM.dll
0x00007ffc65a70000 - 0x00007ffc65ae4000 	C:\WINDOWS\System32\WS2_32.dll
0x00007ffc62ea0000 - 0x00007ffc62eba000 	C:\WINDOWS\SYSTEM32\kernel.appcore.dll
0x00007ffc51090000 - 0x00007ffc5109a000 	C:\Program Files\Java\jdk-18.0.2.1\bin\jimage.dll
0x00007ffc5b650000 - 0x00007ffc5b891000 	C:\WINDOWS\SYSTEM32\DBGHELP.DLL
0x00007ffc65b90000 - 0x00007ffc65f14000 	C:\WINDOWS\System32\combase.dll
0x00007ffc661d0000 - 0x00007ffc662a6000 	C:\WINDOWS\System32\OLEAUT32.dll
0x00007ffc46670000 - 0x00007ffc466a9000 	C:\WINDOWS\SYSTEM32\dbgcore.DLL
0x00007ffc64770000 - 0x00007ffc64809000 	C:\WINDOWS\System32\bcryptPrimitives.dll
0x00007ffc51080000 - 0x00007ffc5108e000 	C:\Program Files\Java\jdk-18.0.2.1\bin\instrument.dll
0x00007ffc4ab10000 - 0x00007ffc4ab35000 	C:\Program Files\Java\jdk-18.0.2.1\bin\java.dll
0x00007ffc2e490000 - 0x00007ffc2e566000 	C:\Program Files\Java\jdk-18.0.2.1\bin\jsvml.dll
0x00007ffc66500000 - 0x00007ffc66c2b000 	C:\WINDOWS\System32\SHELL32.dll
0x00007ffc64990000 - 0x00007ffc64b04000 	C:\WINDOWS\System32\wintypes.dll
0x00007ffc61d00000 - 0x00007ffc62553000 	C:\WINDOWS\SYSTEM32\windows.storage.dll
0x00007ffc65f20000 - 0x00007ffc6600e000 	C:\WINDOWS\System32\SHCORE.dll
0x00007ffc64df0000 - 0x00007ffc64e56000 	C:\WINDOWS\System32\shlwapi.dll
0x00007ffc63f40000 - 0x00007ffc63f6f000 	C:\WINDOWS\SYSTEM32\profapi.dll
0x00007ffc4aaf0000 - 0x00007ffc4ab08000 	C:\Program Files\Java\jdk-18.0.2.1\bin\zip.dll
0x00007ffc4a790000 - 0x00007ffc4a7a3000 	C:\Program Files\Java\jdk-18.0.2.1\bin\net.dll
0x00007ffc5ccc0000 - 0x00007ffc5cdde000 	C:\WINDOWS\SYSTEM32\WINHTTP.dll
0x00007ffc63440000 - 0x00007ffc634aa000 	C:\WINDOWS\system32\mswsock.dll
0x00007ffc4a670000 - 0x00007ffc4a686000 	C:\Program Files\Java\jdk-18.0.2.1\bin\nio.dll
0x00007ffc37300000 - 0x00007ffc37324000 	C:\Users\29348\AppData\Local\Temp\jansi-2.4.1-befa00ba8bf970c-jansi.dll
0x00007ffc51070000 - 0x00007ffc51080000 	C:\Program Files\Java\jdk-18.0.2.1\bin\verify.dll
0x00007ffc63800000 - 0x00007ffc6381a000 	C:\WINDOWS\SYSTEM32\CRYPTSP.dll
0x00007ffc62ec0000 - 0x00007ffc62efa000 	C:\WINDOWS\system32\rsaenh.dll
0x00007ffc634e0000 - 0x00007ffc6350b000 	C:\WINDOWS\SYSTEM32\USERENV.dll
0x00007ffc63990000 - 0x00007ffc639b6000 	C:\WINDOWS\SYSTEM32\bcrypt.dll
0x00007ffc63670000 - 0x00007ffc6367c000 	C:\WINDOWS\SYSTEM32\CRYPTBASE.dll
0x00007ffc628c0000 - 0x00007ffc628f3000 	C:\WINDOWS\SYSTEM32\IPHLPAPI.DLL
0x00007ffc66440000 - 0x00007ffc6644a000 	C:\WINDOWS\System32\NSI.dll
0x00007ffc5cc70000 - 0x00007ffc5cc8e000 	C:\WINDOWS\SYSTEM32\dhcpcsvc6.DLL
0x00007ffc5cc40000 - 0x00007ffc5cc65000 	C:\WINDOWS\SYSTEM32\dhcpcsvc.DLL
0x00007ffc62950000 - 0x00007ffc62a76000 	C:\WINDOWS\SYSTEM32\DNSAPI.dll

dbghelp: loaded successfully - version: 4.0.5 - missing functions: none
symbol engine: initialized successfully - sym options: 0x614 - pdb path: .;C:\Program Files\Java\jdk-18.0.2.1\bin;C:\WINDOWS\SYSTEM32;C:\WINDOWS\WinSxS\amd64_microsoft.windows.common-controls_6595b64144ccf1df_6.0.26100.5516_none_3e073f78e335730c;C:\Program Files\Java\jdk-18.0.2.1\bin\server;C:\Users\29348\AppData\Local\Temp

VM Arguments:
jvm_args: -Dmaven.multiModuleProjectDirectory=D:\Project\JavaEEProject\manager -Djansi.passthrough=true -Dmaven.home=D:/APP/陔膘恅璃標/IntelliJ IDEA 2025.1/plugins/maven/lib/maven3 -Dclassworlds.conf=D:\APP\陔膘恅璃標\IntelliJ IDEA 2025.1\plugins\maven\lib\maven3\bin\m2.conf -Dmaven.ext.class.path=D:\APP\陔膘恅璃標\IntelliJ IDEA 2025.1\plugins\maven\lib\maven-event-listener.jar -javaagent:D:\APP\陔膘恅璃標\IntelliJ IDEA 2025.1\lib\idea_rt.jar=63341 -Dfile.encoding=UTF-8 -Dsun.stdout.encoding=UTF-8 -Dsun.stderr.encoding=UTF-8 
java_command: org.codehaus.classworlds.Launcher -Didea.version=2025.1 tomcat7:run
java_class_path (initial): D:\APP\陔膘恅璃標\IntelliJ IDEA 2025.1\plugins\maven\lib\maven3\boot\plexus-classworlds-2.8.0.jar;D:\APP\陔膘恅璃標\IntelliJ IDEA 2025.1\plugins\maven\lib\maven3\boot\plexus-classworlds.license
Launcher Type: SUN_STANDARD

[Global flags]
     intx CICompilerCount                          = 12                                        {product} {ergonomic}
     uint ConcGCThreads                            = 3                                         {product} {ergonomic}
     uint G1ConcRefinementThreads                  = 13                                        {product} {ergonomic}
   size_t G1HeapRegionSize                         = 2097152                                   {product} {ergonomic}
    uintx GCDrainStackTargetSize                   = 64                                        {product} {ergonomic}
   size_t InitialHeapSize                          = 232783872                                 {product} {ergonomic}
   size_t MarkStackSize                            = 4194304                                   {product} {ergonomic}
   size_t MaxHeapSize                              = 3720347648                                {product} {ergonomic}
   size_t MaxNewSize                               = 2231369728                                {product} {ergonomic}
   size_t MinHeapDeltaBytes                        = 2097152                                   {product} {ergonomic}
   size_t MinHeapSize                              = 8388608                                   {product} {ergonomic}
    uintx NonNMethodCodeHeapSize                   = 7602480                                {pd product} {ergonomic}
    uintx NonProfiledCodeHeapSize                  = 122027880                              {pd product} {ergonomic}
    uintx ProfiledCodeHeapSize                     = 122027880                              {pd product} {ergonomic}
    uintx ReservedCodeCacheSize                    = 251658240                              {pd product} {ergonomic}
     bool SegmentedCodeCache                       = true                                      {product} {ergonomic}
   size_t SoftMaxHeapSize                          = 3720347648                             {manageable} {ergonomic}
     bool UseCompressedClassPointers               = true                           {product lp64_product} {ergonomic}
     bool UseCompressedOops                        = true                           {product lp64_product} {ergonomic}
     bool UseG1GC                                  = true                                      {product} {ergonomic}
     bool UseLargePagesIndividualAllocation        = false                                  {pd product} {ergonomic}

Logging:
Log output configuration:
 #0: stdout all=warning uptime,level,tags foldmultilines=false
 #1: stderr all=off uptime,level,tags foldmultilines=false

Environment Variables:
JAVA_HOME=C:\Program Files\Java\jdk-18.0.2.1
CLASSPATH=.;C:\Program Files\Java\jdk-18.0.2.1\lib\dt.jar;C:\Program Files\Java\jdk-18.0.2.1\lib\tools.jar;C:\Program Files\Java\jdk-18.0.2.1\lib;
PATH=C:\Program Files\Java\jdk-18.0.2.1\bin;C:\Program Files\Common Files\Oracle\Java\javapath;C:\WINDOWS\system32;C:\WINDOWS;C:\WINDOWS\System32\Wbem;C:\WINDOWS\System32\WindowsPowerShell\v1.0\;C:\WINDOWS\System32\OpenSSH\;%CATALIN A_HOM E%\bin;D:\Down\apache-maven-3.9.9-bin\apache-maven-3.9.9\bin;D:\APP\峚陓web羲楷氪馱撿\dll;D:\APP\nodejs\;D:\APP\nodejs\node_global;D:\APP\nodejs\node_cache;D:\APP\nodejs;C:\Users\29348\AppData\Local\Microsoft\WindowsApps;D:\APP\Microsoft VS Code\bin;C:\Users\29348\AppData\Local\Programs\cursor\resources\app\bin;E:\Program Files\nodejs\node_global;
USERNAME=29348
OS=Windows_NT
PROCESSOR_IDENTIFIER=AMD64 Family 25 Model 80 Stepping 0, AuthenticAMD



---------------  S Y S T E M  ---------------

OS:
 Windows 11 , 64 bit Build 26100 (10.0.26100.5518)
OS uptime: 0 days 17:06 hours
Hyper-V role detected

CPU: total 16 (initial active 16) (16 cores per cpu, 2 threads per core) family 25 model 80 stepping 0 microcode 0xa50000f, cx8, cmov, fxsr, ht, mmx, 3dnowpref, sse, sse2, sse3, ssse3, sse4a, sse4.1, sse4.2, popcnt, lzcnt, tsc, tscinvbit, avx, avx2, aes, erms, clmul, bmi1, bmi2, adx, sha, fma, vzeroupper, clflush, clflushopt, hv

Memory: 4k page, system-wide physical 14188M (3652M free)
TotalPageFile size 14188M (AvailPageFile size 22M)
current process WorkingSet (physical memory assigned to process): 252M, peak: 269M
current process commit charge ("private bytes"): 385M, peak: 403M

vm_info: Java HotSpot(TM) 64-Bit Server VM (18.0.2.1+1-1) for windows-amd64 JRE (18.0.2.1+1-1), built on Aug 16 2022 01:46:33 by "mach5one" with MS VC++ 16.8 / 16.9 (VS2019)

END.
